<?xml version="1.0" encoding="UTF-8"?>
<!-- Generated by org.testng.reporters.JUnitXMLReporter -->
<testsuite ignored="0" hostname="tulis-MacBook-Air.local" failures="0" tests="6" name="Inwarranty Flow Test" time="6.576" errors="0" timestamp="2025-12-03T16:03:58 GMT">
  <testcase classname="com.api.tests.LoginAPITest" name="loginAPITest" time="2.249"/>
  <testcase classname="com.api.tests.UserDetailsAPITest" name="userDetailsAPITest" time="0.792"/>
  <testcase classname="com.api.tests.CountAPITest" name="countAPITest_MissingAuthToken" time="1.415"/>
  <testcase classname="com.api.tests.CountAPITest" name="verifyCountAPIResponse" time="0.875"/>
  <testcase classname="com.api.tests.MasterAPITest" name="MasterAPITest" time="0.872"/>
  <testcase classname="com.api.tests.MasterAPITest" name="invalidTokenMasterAPITest" time="0.325"/>
</testsuite> <!-- Inwarranty Flow Test -->
