<?xml version="1.0" encoding="UTF-8"?>
<!-- Generated by org.testng.reporters.JUnitXMLReporter -->
<testsuite ignored="0" hostname="tulis-MacBook-Air.local" failures="0" tests="9" name="Inwarranty Flow Test" time="9.186" errors="0" timestamp="2026-02-25T13:14:13 GMT">
  <testcase classname="com.api.tests.LoginAPITest" name="loginAPITest" time="1.843"/>
  <testcase classname="com.api.tests.UserDetailsAPITest" name="userDetailsAPITest" time="1.102"/>
  <testcase classname="com.api.tests.CountAPITest" name="countAPITest_MissingAuthToken" time="1.47"/>
  <testcase classname="com.api.tests.CountAPITest" name="verifyCountAPIResponse" time="0.677"/>
  <testcase classname="com.api.tests.MasterAPITest" name="MasterAPITest" time="0.677"/>
  <testcase classname="com.api.tests.MasterAPITest" name="invalidTokenMasterAPITest" time="0.466"/>
  <testcase classname="com.api.tests.CreateJobAPITest" name="CreateJobAPITest" time="0.565"/>
  <testcase classname="com.api.tests.DetailsAPITest" name="verifyDetailAPIResponse" time="1.701"/>
  <testcase classname="com.api.tests.SearchAPITest" name="verifySearchAPIResponse" time="0.63"/>
</testsuite> <!-- Inwarranty Flow Test -->
