<?xml version="1.0" encoding="UTF-8"?>
<!-- Generated by org.testng.reporters.JUnitXMLReporter -->
<testsuite ignored="0" hostname="tulis-MacBook-Air.local" failures="0" tests="2" name="Default test" time="2.781" errors="0" timestamp="2025-12-15T20:04:31 GMT">
  <testcase classname="com.api.tests.datadriven.CreateJobAPIDataDrivenTest" name="CreateJobAPITest" time="2.628"/>
  <testcase classname="com.api.tests.datadriven.CreateJobAPIDataDrivenTest" name="CreateJobAPITest" time="2.628"/>
</testsuite> <!-- Default test -->
