<?xml version="1.0" encoding="UTF-8"?>
<testng-results ignored="0" total="1" passed="1" failed="0" skipped="0">
  <reporter-output>
  </reporter-output>
  <suite started-at="2025-12-07T22:22:40 GMT" name="Default suite" finished-at="2025-12-07T22:22:42 GMT" duration-ms="2476">
    <groups>
    </groups>
    <test started-at="2025-12-07T22:22:40 GMT" name="Default test" finished-at="2025-12-07T22:22:42 GMT" duration-ms="2476">
      <class name="com.api.tests.LoginAPITest">
        <test-method signature="loginAPITest()[pri:0, instance:com.api.tests.LoginAPITest@399f45b1]" started-at="2025-12-07T22:22:40 GMT" name="loginAPITest" finished-at="2025-12-07T22:22:42 GMT" duration-ms="2401" status="PASS">
          <reporter-output>
          </reporter-output>
        </test-method> <!-- loginAPITest -->
      </class> <!-- com.api.tests.LoginAPITest -->
    </test> <!-- Default test -->
  </suite> <!-- Default suite -->
</testng-results>
