<?xml version="1.0" encoding="UTF-8"?>
<testng-results ignored="0" total="1" passed="1" failed="0" skipped="0">
  <reporter-output>
  </reporter-output>
  <suite started-at="2025-12-15T23:17:04 GMT" name="Default suite" finished-at="2025-12-15T23:17:06 GMT" duration-ms="2511">
    <groups>
      <group name="regression">
        <method signature="CreateJobAPITest2.CreateJobAPITest()[pri:0, instance:com.api.tests.CreateJobAPITest2@158d2680]" name="CreateJobAPITest" class="com.api.tests.CreateJobAPITest2"/>
      </group> <!-- regression -->
      <group name="smoke">
        <method signature="CreateJobAPITest2.CreateJobAPITest()[pri:0, instance:com.api.tests.CreateJobAPITest2@158d2680]" name="CreateJobAPITest" class="com.api.tests.CreateJobAPITest2"/>
      </group> <!-- smoke -->
      <group name="api">
        <method signature="CreateJobAPITest2.CreateJobAPITest()[pri:0, instance:com.api.tests.CreateJobAPITest2@158d2680]" name="CreateJobAPITest" class="com.api.tests.CreateJobAPITest2"/>
      </group> <!-- api -->
    </groups>
    <test started-at="2025-12-15T23:17:04 GMT" name="Default test" finished-at="2025-12-15T23:17:06 GMT" duration-ms="2511">
      <class name="com.api.tests.CreateJobAPITest2">
        <test-method is-config="true" signature="setup()[pri:0, instance:com.api.tests.CreateJobAPITest2@158d2680]" started-at="2025-12-15T23:17:04 GMT" name="setup" description="Create the request payload for create job api" finished-at="2025-12-15T23:17:04 GMT" duration-ms="170" status="PASS">
          <reporter-output>
          </reporter-output>
        </test-method> <!-- setup -->
        <test-method signature="CreateJobAPITest()[pri:0, instance:com.api.tests.CreateJobAPITest2@158d2680]" started-at="2025-12-15T23:17:04 GMT" name="CreateJobAPITest" description="Verify if create job api is able to create Inwarranty job" finished-at="2025-12-15T23:17:06 GMT" duration-ms="2313" status="PASS">
          <reporter-output>
          </reporter-output>
        </test-method> <!-- CreateJobAPITest -->
      </class> <!-- com.api.tests.CreateJobAPITest2 -->
    </test> <!-- Default test -->
  </suite> <!-- Default suite -->
</testng-results>
