<?xml version="1.0" encoding="UTF-8"?>
<testng-results ignored="0" total="1" passed="1" failed="0" skipped="0">
  <reporter-output>
  </reporter-output>
  <suite started-at="2025-12-07T21:21:17 GMT" name="Default suite" finished-at="2025-12-07T21:21:20 GMT" duration-ms="2551">
    <groups>
    </groups>
    <test started-at="2025-12-07T21:21:17 GMT" name="Default test" finished-at="2025-12-07T21:21:20 GMT" duration-ms="2551">
      <class name="com.api.tests.CreateJobAPItest">
        <test-method signature="CreateJobAPITest()[pri:0, instance:com.api.tests.CreateJobAPItest@5c5eefef]" started-at="2025-12-07T21:21:17 GMT" name="CreateJobAPITest" finished-at="2025-12-07T21:21:20 GMT" duration-ms="2500" status="PASS">
          <reporter-output>
          </reporter-output>
        </test-method> <!-- CreateJobAPITest -->
      </class> <!-- com.api.tests.CreateJobAPItest -->
    </test> <!-- Default test -->
  </suite> <!-- Default suite -->
</testng-results>
