<?xml version="1.0" encoding="UTF-8"?>
<testng-results ignored="0" total="1" passed="1" failed="0" skipped="0">
  <reporter-output>
  </reporter-output>
  <suite started-at="2026-03-06T11:38:16 GMT" name="Default suite" finished-at="2026-03-06T11:38:17 GMT" duration-ms="1781">
    <groups>
      <group name="regression">
        <method signature="LoginAPITest.loginAPITest()[pri:0, instance:com.api.tests.LoginAPITest@2826f61]" name="loginAPITest" class="com.api.tests.LoginAPITest"/>
      </group> <!-- regression -->
      <group name="smoke">
        <method signature="LoginAPITest.loginAPITest()[pri:0, instance:com.api.tests.LoginAPITest@2826f61]" name="loginAPITest" class="com.api.tests.LoginAPITest"/>
      </group> <!-- smoke -->
      <group name="api">
        <method signature="LoginAPITest.loginAPITest()[pri:0, instance:com.api.tests.LoginAPITest@2826f61]" name="loginAPITest" class="com.api.tests.LoginAPITest"/>
      </group> <!-- api -->
    </groups>
    <test started-at="2026-03-06T11:38:16 GMT" name="Default test" finished-at="2026-03-06T11:38:17 GMT" duration-ms="1781">
      <class name="com.api.tests.LoginAPITest">
        <test-method is-config="true" signature="setup()[pri:0, instance:com.api.tests.LoginAPITest@2826f61]" started-at="2026-03-06T11:38:16 GMT" name="setup" description="Create the request payload for login api" finished-at="2026-03-06T11:38:16 GMT" duration-ms="7" status="PASS">
          <reporter-output>
          </reporter-output>
        </test-method> <!-- setup -->
        <test-method signature="loginAPITest()[pri:0, instance:com.api.tests.LoginAPITest@2826f61]" started-at="2026-03-06T11:38:16 GMT" name="loginAPITest" description="Verifying if login api is working for FD user" finished-at="2026-03-06T11:38:17 GMT" duration-ms="1739" status="PASS">
          <reporter-output>
          </reporter-output>
        </test-method> <!-- loginAPITest -->
      </class> <!-- com.api.tests.LoginAPITest -->
    </test> <!-- Default test -->
  </suite> <!-- Default suite -->
</testng-results>
