<?xml version="1.0" encoding="UTF-8"?>
<testng-results ignored="0" total="2" passed="2" failed="0" skipped="0">
  <reporter-output>
  </reporter-output>
  <suite started-at="2025-12-26T23:54:52 GMT" name="Default suite" finished-at="2025-12-26T23:54:55 GMT" duration-ms="3691">
    <groups>
      <group name="negative">
        <method signature="CountAPITest.countAPITest_MissingAuthToken()[pri:0, instance:com.api.tests.CountAPITest@7d8995e]" name="countAPITest_MissingAuthToken" class="com.api.tests.CountAPITest"/>
      </group> <!-- negative -->
      <group name="regression">
        <method signature="CountAPITest.countAPITest_MissingAuthToken()[pri:0, instance:com.api.tests.CountAPITest@7d8995e]" name="countAPITest_MissingAuthToken" class="com.api.tests.CountAPITest"/>
        <method signature="CountAPITest.verifyCountAPIResponse()[pri:0, instance:com.api.tests.CountAPITest@7d8995e]" name="verifyCountAPIResponse" class="com.api.tests.CountAPITest"/>
      </group> <!-- regression -->
      <group name="smoke">
        <method signature="CountAPITest.countAPITest_MissingAuthToken()[pri:0, instance:com.api.tests.CountAPITest@7d8995e]" name="countAPITest_MissingAuthToken" class="com.api.tests.CountAPITest"/>
        <method signature="CountAPITest.verifyCountAPIResponse()[pri:0, instance:com.api.tests.CountAPITest@7d8995e]" name="verifyCountAPIResponse" class="com.api.tests.CountAPITest"/>
      </group> <!-- smoke -->
      <group name="api">
        <method signature="CountAPITest.countAPITest_MissingAuthToken()[pri:0, instance:com.api.tests.CountAPITest@7d8995e]" name="countAPITest_MissingAuthToken" class="com.api.tests.CountAPITest"/>
        <method signature="CountAPITest.verifyCountAPIResponse()[pri:0, instance:com.api.tests.CountAPITest@7d8995e]" name="verifyCountAPIResponse" class="com.api.tests.CountAPITest"/>
      </group> <!-- api -->
    </groups>
    <test started-at="2025-12-26T23:54:52 GMT" name="Default test" finished-at="2025-12-26T23:54:55 GMT" duration-ms="3691">
      <class name="com.api.tests.CountAPITest">
        <test-method is-config="true" signature="setup()[pri:0, instance:com.api.tests.CountAPITest@7d8995e]" started-at="2025-12-26T23:54:52 GMT" name="setup" description="Initializing the Dashboard Service" finished-at="2025-12-26T23:54:52 GMT" duration-ms="9" status="PASS">
          <reporter-output>
          </reporter-output>
        </test-method> <!-- setup -->
        <test-method signature="countAPITest_MissingAuthToken()[pri:0, instance:com.api.tests.CountAPITest@7d8995e]" started-at="2025-12-26T23:54:52 GMT" name="countAPITest_MissingAuthToken" description="Verify if count api is correct status code for invalid token" finished-at="2025-12-26T23:54:54 GMT" duration-ms="2177" status="PASS">
          <reporter-output>
          </reporter-output>
        </test-method> <!-- countAPITest_MissingAuthToken -->
        <test-method is-config="true" signature="setup()[pri:0, instance:com.api.tests.CountAPITest@7d8995e]" started-at="2025-12-26T23:54:54 GMT" name="setup" description="Initializing the Dashboard Service" finished-at="2025-12-26T23:54:54 GMT" duration-ms="1" status="PASS">
          <reporter-output>
          </reporter-output>
        </test-method> <!-- setup -->
        <test-method signature="verifyCountAPIResponse()[pri:0, instance:com.api.tests.CountAPITest@7d8995e]" started-at="2025-12-26T23:54:54 GMT" name="verifyCountAPIResponse" description="Verify if count api is correct response" finished-at="2025-12-26T23:54:55 GMT" duration-ms="1475" status="PASS">
          <reporter-output>
          </reporter-output>
        </test-method> <!-- verifyCountAPIResponse -->
      </class> <!-- com.api.tests.CountAPITest -->
    </test> <!-- Default test -->
  </suite> <!-- Default suite -->
</testng-results>
