<?xml version="1.0" encoding="UTF-8"?>
<testng-results ignored="0" total="1" passed="1" failed="0" skipped="0">
  <reporter-output>
  </reporter-output>
  <suite started-at="2025-12-08T11:32:49 GMT" name="Default suite" finished-at="2025-12-08T11:32:52 GMT" duration-ms="2838">
    <groups>
    </groups>
    <test started-at="2025-12-08T11:32:49 GMT" name="Default test" finished-at="2025-12-08T11:32:52 GMT" duration-ms="2838">
      <class name="com.api.tests.CreateJobAPItest">
        <test-method signature="CreateJobAPITest()[pri:0, instance:com.api.tests.CreateJobAPItest@399f45b1]" started-at="2025-12-08T11:32:49 GMT" name="CreateJobAPITest" finished-at="2025-12-08T11:32:52 GMT" duration-ms="2804" status="PASS">
          <reporter-output>
          </reporter-output>
        </test-method> <!-- CreateJobAPITest -->
      </class> <!-- com.api.tests.CreateJobAPItest -->
    </test> <!-- Default test -->
  </suite> <!-- Default suite -->
</testng-results>
