<?xml version="1.0" encoding="UTF-8"?>
<testng-results ignored="0" total="4" passed="4" failed="0" skipped="0">
  <reporter-output>
  </reporter-output>
  <suite started-at="2025-12-15T12:54:05 GMT" name="Default suite" finished-at="2025-12-15T12:54:07 GMT" duration-ms="2608">
    <groups>
      <group name="datadriven">
        <method signature="LoginAPIDataDrivenTest.loginAPITest(com.dataproviders.api.bean.UserBean)[pri:0, instance:com.api.tests.datadriven.LoginAPIDataDrivenTest@2d7275fc]" name="loginAPITest" class="com.api.tests.datadriven.LoginAPIDataDrivenTest"/>
      </group> <!-- datadriven -->
      <group name="regression">
        <method signature="LoginAPIDataDrivenTest.loginAPITest(com.dataproviders.api.bean.UserBean)[pri:0, instance:com.api.tests.datadriven.LoginAPIDataDrivenTest@2d7275fc]" name="loginAPITest" class="com.api.tests.datadriven.LoginAPIDataDrivenTest"/>
      </group> <!-- regression -->
      <group name="api">
        <method signature="LoginAPIDataDrivenTest.loginAPITest(com.dataproviders.api.bean.UserBean)[pri:0, instance:com.api.tests.datadriven.LoginAPIDataDrivenTest@2d7275fc]" name="loginAPITest" class="com.api.tests.datadriven.LoginAPIDataDrivenTest"/>
      </group> <!-- api -->
    </groups>
    <test started-at="2025-12-15T12:54:05 GMT" name="Default test" finished-at="2025-12-15T12:54:07 GMT" duration-ms="2608">
      <class name="com.api.tests.datadriven.LoginAPIDataDrivenTest">
        <test-method signature="loginAPITest(com.dataproviders.api.bean.UserBean)[pri:0, instance:com.api.tests.datadriven.LoginAPIDataDrivenTest@2d7275fc]" started-at="2025-12-15T12:54:05 GMT" name="loginAPITest" description="Verifying if login api is working for FD user" data-provider="LoginAPIDataProvider" finished-at="2025-12-15T12:54:07 GMT" duration-ms="2391" status="PASS">
          <params>
            <param index="0">
              <value>
                <![CDATA[UserBean [username=iameng, password=password]]]>
              </value>
            </param>
          </params>
          <reporter-output>
          </reporter-output>
        </test-method> <!-- loginAPITest -->
        <test-method signature="loginAPITest(com.dataproviders.api.bean.UserBean)[pri:0, instance:com.api.tests.datadriven.LoginAPIDataDrivenTest@2d7275fc]" started-at="2025-12-15T12:54:05 GMT" name="loginAPITest" description="Verifying if login api is working for FD user" data-provider="LoginAPIDataProvider" finished-at="2025-12-15T12:54:07 GMT" duration-ms="2391" status="PASS">
          <params>
            <param index="0">
              <value>
                <![CDATA[UserBean [username=iamfd, password=password]]]>
              </value>
            </param>
          </params>
          <reporter-output>
          </reporter-output>
        </test-method> <!-- loginAPITest -->
        <test-method signature="loginAPITest(com.dataproviders.api.bean.UserBean)[pri:0, instance:com.api.tests.datadriven.LoginAPIDataDrivenTest@2d7275fc]" started-at="2025-12-15T12:54:05 GMT" name="loginAPITest" description="Verifying if login api is working for FD user" data-provider="LoginAPIDataProvider" finished-at="2025-12-15T12:54:07 GMT" duration-ms="2391" status="PASS">
          <params>
            <param index="0">
              <value>
                <![CDATA[UserBean [username=iamqc, password=password]]]>
              </value>
            </param>
          </params>
          <reporter-output>
          </reporter-output>
        </test-method> <!-- loginAPITest -->
        <test-method signature="loginAPITest(com.dataproviders.api.bean.UserBean)[pri:0, instance:com.api.tests.datadriven.LoginAPIDataDrivenTest@2d7275fc]" started-at="2025-12-15T12:54:05 GMT" name="loginAPITest" description="Verifying if login api is working for FD user" data-provider="LoginAPIDataProvider" finished-at="2025-12-15T12:54:07 GMT" duration-ms="2391" status="PASS">
          <params>
            <param index="0">
              <value>
                <![CDATA[UserBean [username=iamsup, password=password]]]>
              </value>
            </param>
          </params>
          <reporter-output>
          </reporter-output>
        </test-method> <!-- loginAPITest -->
      </class> <!-- com.api.tests.datadriven.LoginAPIDataDrivenTest -->
    </test> <!-- Default test -->
  </suite> <!-- Default suite -->
</testng-results>
