<?xml version="1.0" encoding="UTF-8"?>
<testng-results ignored="0" total="2" passed="2" failed="0" skipped="0">
  <reporter-output>
  </reporter-output>
  <suite started-at="2025-12-03T15:05:08 GMT" name="Default suite" finished-at="2025-12-03T15:05:12 GMT" duration-ms="4821">
    <groups>
    </groups>
    <test started-at="2025-12-03T15:05:08 GMT" name="Default test" finished-at="2025-12-03T15:05:12 GMT" duration-ms="4821">
      <class name="com.api.tests.MasterAPITest">
        <test-method signature="MasterAPITest()[pri:0, instance:com.api.tests.MasterAPITest@595b007d]" started-at="2025-12-03T15:05:08 GMT" name="MasterAPITest" finished-at="2025-12-03T15:05:11 GMT" duration-ms="3518" status="PASS">
          <reporter-output>
          </reporter-output>
        </test-method> <!-- MasterAPITest -->
        <test-method signature="invalidTokenMasterAPITest()[pri:0, instance:com.api.tests.MasterAPITest@595b007d]" started-at="2025-12-03T15:05:11 GMT" name="invalidTokenMasterAPITest" finished-at="2025-12-03T15:05:12 GMT" duration-ms="1276" status="PASS">
          <reporter-output>
          </reporter-output>
        </test-method> <!-- invalidTokenMasterAPITest -->
      </class> <!-- com.api.tests.MasterAPITest -->
    </test> <!-- Default test -->
  </suite> <!-- Default suite -->
</testng-results>
