<?xml version="1.0" encoding="UTF-8"?>
<testng-results ignored="0" total="3" passed="3" failed="0" skipped="0">
  <reporter-output>
  </reporter-output>
  <suite started-at="2025-12-17T20:36:31 GMT" name="Default suite" finished-at="2025-12-17T20:36:34 GMT" duration-ms="2509">
    <groups>
      <group name="datadriven">
        <method signature="LoginAPIJSONDataDrivenTest.loginAPITest(com.api.request.model.UserCredentials)[pri:0, instance:com.api.tests.datadriven.LoginAPIJSONDataDrivenTest@1189dd52]" name="loginAPITest" class="com.api.tests.datadriven.LoginAPIJSONDataDrivenTest"/>
      </group> <!-- datadriven -->
      <group name="regression">
        <method signature="LoginAPIJSONDataDrivenTest.loginAPITest(com.api.request.model.UserCredentials)[pri:0, instance:com.api.tests.datadriven.LoginAPIJSONDataDrivenTest@1189dd52]" name="loginAPITest" class="com.api.tests.datadriven.LoginAPIJSONDataDrivenTest"/>
      </group> <!-- regression -->
      <group name="api">
        <method signature="LoginAPIJSONDataDrivenTest.loginAPITest(com.api.request.model.UserCredentials)[pri:0, instance:com.api.tests.datadriven.LoginAPIJSONDataDrivenTest@1189dd52]" name="loginAPITest" class="com.api.tests.datadriven.LoginAPIJSONDataDrivenTest"/>
      </group> <!-- api -->
    </groups>
    <test started-at="2025-12-17T20:36:31 GMT" name="Default test" finished-at="2025-12-17T20:36:34 GMT" duration-ms="2509">
      <class name="com.api.tests.datadriven.LoginAPIJSONDataDrivenTest">
        <test-method signature="loginAPITest(com.api.request.model.UserCredentials)[pri:0, instance:com.api.tests.datadriven.LoginAPIJSONDataDrivenTest@1189dd52]" started-at="2025-12-17T20:36:32 GMT" name="loginAPITest" description="Verifying if login api is working for FD user" data-provider="LoginAPIJsonDataProvider" finished-at="2025-12-17T20:36:34 GMT" duration-ms="2270" status="PASS">
          <params>
            <param index="0">
              <value>
                <![CDATA[UserCredentials[username=iamsup, password=password]]]>
              </value>
            </param>
          </params>
          <reporter-output>
          </reporter-output>
        </test-method> <!-- loginAPITest -->
        <test-method signature="loginAPITest(com.api.request.model.UserCredentials)[pri:0, instance:com.api.tests.datadriven.LoginAPIJSONDataDrivenTest@1189dd52]" started-at="2025-12-17T20:36:32 GMT" name="loginAPITest" description="Verifying if login api is working for FD user" data-provider="LoginAPIJsonDataProvider" finished-at="2025-12-17T20:36:34 GMT" duration-ms="2270" status="PASS">
          <params>
            <param index="0">
              <value>
                <![CDATA[UserCredentials[username=iameng, password=password]]]>
              </value>
            </param>
          </params>
          <reporter-output>
          </reporter-output>
        </test-method> <!-- loginAPITest -->
        <test-method signature="loginAPITest(com.api.request.model.UserCredentials)[pri:0, instance:com.api.tests.datadriven.LoginAPIJSONDataDrivenTest@1189dd52]" started-at="2025-12-17T20:36:32 GMT" name="loginAPITest" description="Verifying if login api is working for FD user" data-provider="LoginAPIJsonDataProvider" finished-at="2025-12-17T20:36:34 GMT" duration-ms="2270" status="PASS">
          <params>
            <param index="0">
              <value>
                <![CDATA[UserCredentials[username=iamfd, password=password]]]>
              </value>
            </param>
          </params>
          <reporter-output>
          </reporter-output>
        </test-method> <!-- loginAPITest -->
      </class> <!-- com.api.tests.datadriven.LoginAPIJSONDataDrivenTest -->
    </test> <!-- Default test -->
  </suite> <!-- Default suite -->
</testng-results>
