<?xml version="1.0" encoding="UTF-8"?>
<testng-results ignored="0" total="2" passed="2" failed="0" skipped="0">
  <reporter-output>
  </reporter-output>
  <suite started-at="2025-12-05T17:21:29 GMT" name="Default suite" finished-at="2025-12-05T17:21:34 GMT" duration-ms="5256">
    <groups>
    </groups>
    <test started-at="2025-12-05T17:21:29 GMT" name="Default test" finished-at="2025-12-05T17:21:34 GMT" duration-ms="5256">
      <class name="com.api.tests.MasterAPITest">
        <test-method signature="MasterAPITest()[pri:0, instance:com.api.tests.MasterAPITest@595b007d]" started-at="2025-12-05T17:21:29 GMT" name="MasterAPITest" finished-at="2025-12-05T17:21:33 GMT" duration-ms="3730" status="PASS">
          <reporter-output>
          </reporter-output>
        </test-method> <!-- MasterAPITest -->
        <test-method signature="invalidTokenMasterAPITest()[pri:0, instance:com.api.tests.MasterAPITest@595b007d]" started-at="2025-12-05T17:21:33 GMT" name="invalidTokenMasterAPITest" finished-at="2025-12-05T17:21:34 GMT" duration-ms="1491" status="PASS">
          <reporter-output>
          </reporter-output>
        </test-method> <!-- invalidTokenMasterAPITest -->
      </class> <!-- com.api.tests.MasterAPITest -->
    </test> <!-- Default test -->
  </suite> <!-- Default suite -->
</testng-results>
