<?xml version="1.0" encoding="UTF-8"?>
<testng-results ignored="0" total="10" passed="4" failed="6" skipped="0">
  <reporter-output>
  </reporter-output>
  <suite started-at="2025-12-28T00:00:26 GMT" name="Default suite" finished-at="2025-12-28T00:01:46 GMT" duration-ms="80036">
    <groups>
      <group name="datadriven">
        <method signature="CreateJobAPIDBDataDrivenTest.CreateJobAPITest(com.api.request.model.CreateJobPayload)[pri:0, instance:com.api.tests.datadriven.CreateJobAPIDBDataDrivenTest@7d8995e]" name="CreateJobAPITest" class="com.api.tests.datadriven.CreateJobAPIDBDataDrivenTest"/>
      </group> <!-- datadriven -->
      <group name="regression">
        <method signature="CreateJobAPIDBDataDrivenTest.CreateJobAPITest(com.api.request.model.CreateJobPayload)[pri:0, instance:com.api.tests.datadriven.CreateJobAPIDBDataDrivenTest@7d8995e]" name="CreateJobAPITest" class="com.api.tests.datadriven.CreateJobAPIDBDataDrivenTest"/>
      </group> <!-- regression -->
      <group name="api">
        <method signature="CreateJobAPIDBDataDrivenTest.CreateJobAPITest(com.api.request.model.CreateJobPayload)[pri:0, instance:com.api.tests.datadriven.CreateJobAPIDBDataDrivenTest@7d8995e]" name="CreateJobAPITest" class="com.api.tests.datadriven.CreateJobAPIDBDataDrivenTest"/>
      </group> <!-- api -->
    </groups>
    <test started-at="2025-12-28T00:00:26 GMT" name="Default test" finished-at="2025-12-28T00:01:46 GMT" duration-ms="80036">
      <class name="com.api.tests.datadriven.CreateJobAPIDBDataDrivenTest">
        <test-method is-config="true" signature="setup()[pri:0, instance:com.api.tests.datadriven.CreateJobAPIDBDataDrivenTest@7d8995e]" started-at="2025-12-28T00:01:43 GMT" name="setup" description="Instanciating the Job Service" finished-at="2025-12-28T00:01:43 GMT" duration-ms="6" status="PASS">
          <reporter-output>
          </reporter-output>
        </test-method> <!-- setup -->
        <test-method is-config="true" signature="setup()[pri:0, instance:com.api.tests.datadriven.CreateJobAPIDBDataDrivenTest@7d8995e]" started-at="2025-12-28T00:01:43 GMT" name="setup" description="Instanciating the Job Service" finished-at="2025-12-28T00:01:43 GMT" duration-ms="6" status="PASS">
          <reporter-output>
          </reporter-output>
        </test-method> <!-- setup -->
        <test-method is-config="true" signature="setup()[pri:0, instance:com.api.tests.datadriven.CreateJobAPIDBDataDrivenTest@7d8995e]" started-at="2025-12-28T00:01:43 GMT" name="setup" description="Instanciating the Job Service" finished-at="2025-12-28T00:01:43 GMT" duration-ms="6" status="PASS">
          <reporter-output>
          </reporter-output>
        </test-method> <!-- setup -->
        <test-method is-config="true" signature="setup()[pri:0, instance:com.api.tests.datadriven.CreateJobAPIDBDataDrivenTest@7d8995e]" started-at="2025-12-28T00:01:43 GMT" name="setup" description="Instanciating the Job Service" finished-at="2025-12-28T00:01:43 GMT" duration-ms="6" status="PASS">
          <reporter-output>
          </reporter-output>
        </test-method> <!-- setup -->
        <test-method is-config="true" signature="setup()[pri:0, instance:com.api.tests.datadriven.CreateJobAPIDBDataDrivenTest@7d8995e]" started-at="2025-12-28T00:01:43 GMT" name="setup" description="Instanciating the Job Service" finished-at="2025-12-28T00:01:43 GMT" duration-ms="5" status="PASS">
          <reporter-output>
          </reporter-output>
        </test-method> <!-- setup -->
        <test-method is-config="true" signature="setup()[pri:0, instance:com.api.tests.datadriven.CreateJobAPIDBDataDrivenTest@7d8995e]" started-at="2025-12-28T00:01:43 GMT" name="setup" description="Instanciating the Job Service" finished-at="2025-12-28T00:01:43 GMT" duration-ms="5" status="PASS">
          <reporter-output>
          </reporter-output>
        </test-method> <!-- setup -->
        <test-method is-config="true" signature="setup()[pri:0, instance:com.api.tests.datadriven.CreateJobAPIDBDataDrivenTest@7d8995e]" started-at="2025-12-28T00:01:43 GMT" name="setup" description="Instanciating the Job Service" finished-at="2025-12-28T00:01:43 GMT" duration-ms="4" status="PASS">
          <reporter-output>
          </reporter-output>
        </test-method> <!-- setup -->
        <test-method is-config="true" signature="setup()[pri:0, instance:com.api.tests.datadriven.CreateJobAPIDBDataDrivenTest@7d8995e]" started-at="2025-12-28T00:01:43 GMT" name="setup" description="Instanciating the Job Service" finished-at="2025-12-28T00:01:43 GMT" duration-ms="4" status="PASS">
          <reporter-output>
          </reporter-output>
        </test-method> <!-- setup -->
        <test-method is-config="true" signature="setup()[pri:0, instance:com.api.tests.datadriven.CreateJobAPIDBDataDrivenTest@7d8995e]" started-at="2025-12-28T00:01:43 GMT" name="setup" description="Instanciating the Job Service" finished-at="2025-12-28T00:01:43 GMT" duration-ms="4" status="PASS">
          <reporter-output>
          </reporter-output>
        </test-method> <!-- setup -->
        <test-method is-config="true" signature="setup()[pri:0, instance:com.api.tests.datadriven.CreateJobAPIDBDataDrivenTest@7d8995e]" started-at="2025-12-28T00:01:43 GMT" name="setup" description="Instanciating the Job Service" finished-at="2025-12-28T00:01:43 GMT" duration-ms="4" status="PASS">
          <reporter-output>
          </reporter-output>
        </test-method> <!-- setup -->
        <test-method signature="CreateJobAPITest(com.api.request.model.CreateJobPayload)[pri:0, instance:com.api.tests.datadriven.CreateJobAPIDBDataDrivenTest@7d8995e]" started-at="2025-12-28T00:01:43 GMT" name="CreateJobAPITest" description="Verify if create job api is able to create Inwarranty job" data-provider="CreateJobAPIDBDataProvider" finished-at="2025-12-28T00:01:46 GMT" duration-ms="2672" status="PASS">
          <params>
            <param index="0">
              <value>
                <![CDATA[CreateJobPayload[mst_service_location_id=1, mst_platform_id=2, mst_warrenty_status_id=1, mst_oem_id=1, customer=Customer[first_name=Kajal, last_name=Halvorson, mobile_number=308-982-2512, mobile_number_alt=, email_id=Layne.Turcotte@yahoo.com, email_id_alt=], customer_address=CustomerAddress[flat_number=c 304, apartment_name=Jupiter, street_name=MG road, landmark=Bangur Nagar, area=Goregaon West, pincode=411039, country=India, state=Maharashtra], customer_product=CustomerProduct[dop=2025-04-06, serial_number=28391087191266, imei1=28391087191266, imei2=28391087191266, popurl=2025-04-06T18:30:00.000Z, product_id=1, mst_model_id=1], problems=[Problems[id=1, remark=Battery Issue]]]]]>
              </value>
            </param>
          </params>
          <reporter-output>
          </reporter-output>
        </test-method> <!-- CreateJobAPITest -->
        <test-method signature="CreateJobAPITest(com.api.request.model.CreateJobPayload)[pri:0, instance:com.api.tests.datadriven.CreateJobAPIDBDataDrivenTest@7d8995e]" started-at="2025-12-28T00:01:43 GMT" name="CreateJobAPITest" description="Verify if create job api is able to create Inwarranty job" data-provider="CreateJobAPIDBDataProvider" finished-at="2025-12-28T00:01:46 GMT" duration-ms="2672" status="PASS">
          <params>
            <param index="0">
              <value>
                <![CDATA[CreateJobPayload[mst_service_location_id=1, mst_platform_id=2, mst_warrenty_status_id=1, mst_oem_id=1, customer=Customer[first_name=Kajal, last_name=Halvorson, mobile_number=308-982-2512, mobile_number_alt=, email_id=Layne.Turcotte@yahoo.com, email_id_alt=], customer_address=CustomerAddress[flat_number=c 304, apartment_name=Jupiter, street_name=MG road, landmark=Bangur Nagar, area=Goregaon West, pincode=411039, country=India, state=Maharashtra], customer_product=CustomerProduct[dop=2025-04-06, serial_number=28391087191266, imei1=28391087191266, imei2=28391087191266, popurl=2025-04-06T18:30:00.000Z, product_id=1, mst_model_id=1], problems=[Problems[id=1, remark=Smartphone is running slow]]]]]>
              </value>
            </param>
          </params>
          <reporter-output>
          </reporter-output>
        </test-method> <!-- CreateJobAPITest -->
        <test-method signature="CreateJobAPITest(com.api.request.model.CreateJobPayload)[pri:0, instance:com.api.tests.datadriven.CreateJobAPIDBDataDrivenTest@7d8995e]" started-at="2025-12-28T00:01:43 GMT" name="CreateJobAPITest" description="Verify if create job api is able to create Inwarranty job" data-provider="CreateJobAPIDBDataProvider" finished-at="2025-12-28T00:01:46 GMT" duration-ms="2672" status="PASS">
          <params>
            <param index="0">
              <value>
                <![CDATA[CreateJobPayload[mst_service_location_id=1, mst_platform_id=2, mst_warrenty_status_id=1, mst_oem_id=1, customer=Customer[first_name=Kajal, last_name=Halvorson, mobile_number=308-982-2512, mobile_number_alt=, email_id=Layne.Turcotte@yahoo.com, email_id_alt=], customer_address=CustomerAddress[flat_number=c 304, apartment_name=Jupiter, street_name=MG road, landmark=Bangur Nagar, area=Goregaon West, pincode=411039, country=India, state=Maharashtra], customer_product=CustomerProduct[dop=2025-04-06, serial_number=28391087191266, imei1=28391087191266, imei2=28391087191266, popurl=2025-04-06T18:30:00.000Z, product_id=1, mst_model_id=1], problems=[Problems[id=1, remark=Smartphone is running slow]]]]]>
              </value>
            </param>
          </params>
          <reporter-output>
          </reporter-output>
        </test-method> <!-- CreateJobAPITest -->
        <test-method signature="CreateJobAPITest(com.api.request.model.CreateJobPayload)[pri:0, instance:com.api.tests.datadriven.CreateJobAPIDBDataDrivenTest@7d8995e]" started-at="2025-12-28T00:01:43 GMT" name="CreateJobAPITest" description="Verify if create job api is able to create Inwarranty job" data-provider="CreateJobAPIDBDataProvider" finished-at="2025-12-28T00:01:46 GMT" duration-ms="2677" status="PASS">
          <params>
            <param index="0">
              <value>
                <![CDATA[CreateJobPayload[mst_service_location_id=1, mst_platform_id=2, mst_warrenty_status_id=1, mst_oem_id=1, customer=Customer[first_name=Kajal, last_name=Halvorson, mobile_number=308-982-2512, mobile_number_alt=, email_id=Layne.Turcotte@yahoo.com, email_id_alt=], customer_address=CustomerAddress[flat_number=c 304, apartment_name=Jupiter, street_name=MG road, landmark=Bangur Nagar, area=Goregaon West, pincode=411039, country=India, state=Maharashtra], customer_product=CustomerProduct[dop=2025-04-06, serial_number=28391087191266, imei1=28391087191266, imei2=28391087191266, popurl=2025-04-06T18:30:00.000Z, product_id=1, mst_model_id=1], problems=[Problems[id=1, remark=Smartphone is running slow]]]]]>
              </value>
            </param>
          </params>
          <reporter-output>
          </reporter-output>
        </test-method> <!-- CreateJobAPITest -->
        <test-method signature="CreateJobAPITest(com.api.request.model.CreateJobPayload)[pri:0, instance:com.api.tests.datadriven.CreateJobAPIDBDataDrivenTest@7d8995e]" started-at="2025-12-28T00:01:43 GMT" name="CreateJobAPITest" description="Verify if create job api is able to create Inwarranty job" data-provider="CreateJobAPIDBDataProvider" finished-at="2025-12-28T00:01:45 GMT" duration-ms="2437" status="FAIL">
          <params>
            <param index="0">
              <value>
                <![CDATA[CreateJobPayload[mst_service_location_id=1, mst_platform_id=2, mst_warrenty_status_id=1, mst_oem_id=1, customer=Customer[first_name=Kajal, last_name=Halvorson, mobile_number=308-982-2512, mobile_number_alt=, email_id=Layne.Turcotte@yahoo.com, email_id_alt=], customer_address=CustomerAddress[flat_number=c 304, apartment_name=Jupiter, street_name=MG road, landmark=Bangur Nagar, area=Goregaon West, pincode=411039, country=India, state=Maharashtra], customer_product=CustomerProduct[dop=2025-04-06, serial_number=28391087191266, imei1=28391087191266, imei2=28391087191266, popurl=2025-04-06T18:30:00.000Z, product_id=1, mst_model_id=1], problems=[Problems[id=1, remark=Smartphone is running slow]]]]]>
              </value>
            </param>
          </params>
          <exception class="java.lang.AssertionError">
            <message>
              <![CDATA[1 expectation failed.
Expected status code <200> but was <500>.
]]>
            </message>
            <full-stacktrace>
              <![CDATA[java.lang.AssertionError: 1 expectation failed.
Expected status code <200> but was <500>.

at java.base/jdk.internal.reflect.DirectConstructorHandleAccessor.newInstance(DirectConstructorHandleAccessor.java:62)
at java.base/java.lang.reflect.Constructor.newInstanceWithCaller(Constructor.java:502)
at java.base/java.lang.reflect.Constructor.newInstance(Constructor.java:486)
at org.codehaus.groovy.reflection.CachedConstructor.invoke(CachedConstructor.java:73)
at org.codehaus.groovy.runtime.callsite.ConstructorSite$ConstructorSiteNoUnwrapNoCoerce.callConstructor(ConstructorSite.java:108)
at org.codehaus.groovy.runtime.callsite.AbstractCallSite.callConstructor(AbstractCallSite.java:277)
at io.restassured.internal.ResponseSpecificationImpl$HamcrestAssertionClosure.validate(ResponseSpecificationImpl.groovy:512)
at io.restassured.internal.ResponseSpecificationImpl$HamcrestAssertionClosure$validate$8.call(Unknown Source)
at io.restassured.internal.ResponseSpecificationImpl.validate(ResponseSpecificationImpl.groovy:101)
at io.restassured.internal.ValidatableResponseOptionsImpl.spec(ValidatableResponseOptionsImpl.java:288)
at com.api.tests.datadriven.CreateJobAPIDBDataDrivenTest.CreateJobAPITest(CreateJobAPIDBDataDrivenTest.java:32)
at java.base/jdk.internal.reflect.DirectMethodHandleAccessor.invoke(DirectMethodHandleAccessor.java:103)
at java.base/java.lang.reflect.Method.invoke(Method.java:580)
at org.testng.internal.invokers.MethodInvocationHelper.invokeMethod(MethodInvocationHelper.java:141)
at org.testng.internal.invokers.TestInvoker.invokeMethod(TestInvoker.java:687)
at org.testng.internal.invokers.TestInvoker.invokeTestMethod(TestInvoker.java:230)
at org.testng.internal.invokers.TestMethodWithDataProviderMethodWorker.call(TestMethodWithDataProviderMethodWorker.java:81)
at org.testng.internal.thread.Async$AsyncTask.run(Async.java:34)
at java.base/java.util.concurrent.ThreadPoolExecutor.runWorker(ThreadPoolExecutor.java:1144)
at java.base/java.util.concurrent.ThreadPoolExecutor$Worker.run(ThreadPoolExecutor.java:642)
at java.base/java.lang.Thread.run(Thread.java:1583)
]]>
            </full-stacktrace>
          </exception> <!-- java.lang.AssertionError -->
          <reporter-output>
          </reporter-output>
        </test-method> <!-- CreateJobAPITest -->
        <test-method signature="CreateJobAPITest(com.api.request.model.CreateJobPayload)[pri:0, instance:com.api.tests.datadriven.CreateJobAPIDBDataDrivenTest@7d8995e]" started-at="2025-12-28T00:01:43 GMT" name="CreateJobAPITest" description="Verify if create job api is able to create Inwarranty job" data-provider="CreateJobAPIDBDataProvider" finished-at="2025-12-28T00:01:45 GMT" duration-ms="2476" status="FAIL">
          <params>
            <param index="0">
              <value>
                <![CDATA[CreateJobPayload[mst_service_location_id=1, mst_platform_id=2, mst_warrenty_status_id=1, mst_oem_id=1, customer=Customer[first_name=Aida, last_name=Konopelski, mobile_number=331-833-7076, mobile_number_alt=, email_id=Ariel49@gmail.com, email_id_alt=], customer_address=CustomerAddress[flat_number=c 304, apartment_name=Jupiter, street_name=MG road, landmark=Bangur Nagar, area=Goregaon West, pincode=411039, country=India, state=Maharashtra], customer_product=CustomerProduct[dop=2025-04-06, serial_number=10187975247194, imei1=10187975247194, imei2=10187975247194, popurl=2025-04-06T18:30:00.000Z, product_id=1, mst_model_id=1], problems=[Problems[id=2, remark=Battery Replaced1243]]]]]>
              </value>
            </param>
          </params>
          <exception class="java.lang.AssertionError">
            <message>
              <![CDATA[1 expectation failed.
Expected status code <200> but was <500>.
]]>
            </message>
            <full-stacktrace>
              <![CDATA[java.lang.AssertionError: 1 expectation failed.
Expected status code <200> but was <500>.

at java.base/jdk.internal.reflect.DirectConstructorHandleAccessor.newInstance(DirectConstructorHandleAccessor.java:62)
at java.base/java.lang.reflect.Constructor.newInstanceWithCaller(Constructor.java:502)
at java.base/java.lang.reflect.Constructor.newInstance(Constructor.java:486)
at org.codehaus.groovy.reflection.CachedConstructor.invoke(CachedConstructor.java:73)
at org.codehaus.groovy.runtime.callsite.ConstructorSite$ConstructorSiteNoUnwrapNoCoerce.callConstructor(ConstructorSite.java:108)
at org.codehaus.groovy.runtime.callsite.AbstractCallSite.callConstructor(AbstractCallSite.java:277)
at io.restassured.internal.ResponseSpecificationImpl$HamcrestAssertionClosure.validate(ResponseSpecificationImpl.groovy:512)
at io.restassured.internal.ResponseSpecificationImpl$HamcrestAssertionClosure$validate$8.call(Unknown Source)
at io.restassured.internal.ResponseSpecificationImpl.validate(ResponseSpecificationImpl.groovy:101)
at io.restassured.internal.ValidatableResponseOptionsImpl.spec(ValidatableResponseOptionsImpl.java:288)
at com.api.tests.datadriven.CreateJobAPIDBDataDrivenTest.CreateJobAPITest(CreateJobAPIDBDataDrivenTest.java:32)
at java.base/jdk.internal.reflect.DirectMethodHandleAccessor.invoke(DirectMethodHandleAccessor.java:103)
at java.base/java.lang.reflect.Method.invoke(Method.java:580)
at org.testng.internal.invokers.MethodInvocationHelper.invokeMethod(MethodInvocationHelper.java:141)
at org.testng.internal.invokers.TestInvoker.invokeMethod(TestInvoker.java:687)
at org.testng.internal.invokers.TestInvoker.invokeTestMethod(TestInvoker.java:230)
at org.testng.internal.invokers.TestMethodWithDataProviderMethodWorker.call(TestMethodWithDataProviderMethodWorker.java:81)
at org.testng.internal.thread.Async$AsyncTask.run(Async.java:34)
at java.base/java.util.concurrent.ThreadPoolExecutor.runWorker(ThreadPoolExecutor.java:1144)
at java.base/java.util.concurrent.ThreadPoolExecutor$Worker.run(ThreadPoolExecutor.java:642)
at java.base/java.lang.Thread.run(Thread.java:1583)
]]>
            </full-stacktrace>
          </exception> <!-- java.lang.AssertionError -->
          <reporter-output>
          </reporter-output>
        </test-method> <!-- CreateJobAPITest -->
        <test-method signature="CreateJobAPITest(com.api.request.model.CreateJobPayload)[pri:0, instance:com.api.tests.datadriven.CreateJobAPIDBDataDrivenTest@7d8995e]" started-at="2025-12-28T00:01:43 GMT" name="CreateJobAPITest" description="Verify if create job api is able to create Inwarranty job" data-provider="CreateJobAPIDBDataProvider" finished-at="2025-12-28T00:01:45 GMT" duration-ms="2253" status="FAIL">
          <params>
            <param index="0">
              <value>
                <![CDATA[CreateJobPayload[mst_service_location_id=1, mst_platform_id=2, mst_warrenty_status_id=1, mst_oem_id=1, customer=Customer[first_name=Aida, last_name=Konopelski, mobile_number=331-833-7076, mobile_number_alt=, email_id=Ariel49@gmail.com, email_id_alt=], customer_address=CustomerAddress[flat_number=c 304, apartment_name=Jupiter, street_name=MG road, landmark=Bangur Nagar, area=Goregaon West, pincode=411039, country=India, state=Maharashtra], customer_product=CustomerProduct[dop=2025-04-06, serial_number=10187975247194, imei1=10187975247194, imei2=10187975247194, popurl=2025-04-06T18:30:00.000Z, product_id=1, mst_model_id=1], problems=[Problems[id=1, remark=Battery Issue]]]]]>
              </value>
            </param>
          </params>
          <exception class="java.lang.AssertionError">
            <message>
              <![CDATA[1 expectation failed.
Expected status code <200> but was <500>.
]]>
            </message>
            <full-stacktrace>
              <![CDATA[java.lang.AssertionError: 1 expectation failed.
Expected status code <200> but was <500>.

at java.base/jdk.internal.reflect.DirectConstructorHandleAccessor.newInstance(DirectConstructorHandleAccessor.java:62)
at java.base/java.lang.reflect.Constructor.newInstanceWithCaller(Constructor.java:502)
at java.base/java.lang.reflect.Constructor.newInstance(Constructor.java:486)
at org.codehaus.groovy.reflection.CachedConstructor.invoke(CachedConstructor.java:73)
at org.codehaus.groovy.runtime.callsite.ConstructorSite$ConstructorSiteNoUnwrapNoCoerce.callConstructor(ConstructorSite.java:108)
at org.codehaus.groovy.runtime.callsite.CallSiteArray.defaultCallConstructor(CallSiteArray.java:57)
at org.codehaus.groovy.runtime.callsite.AbstractCallSite.callConstructor(AbstractCallSite.java:263)
at org.codehaus.groovy.runtime.callsite.AbstractCallSite.callConstructor(AbstractCallSite.java:277)
at io.restassured.internal.ResponseSpecificationImpl$HamcrestAssertionClosure.validate(ResponseSpecificationImpl.groovy:512)
at io.restassured.internal.ResponseSpecificationImpl$HamcrestAssertionClosure$validate$8.call(Unknown Source)
at org.codehaus.groovy.runtime.callsite.CallSiteArray.defaultCall(CallSiteArray.java:45)
at org.codehaus.groovy.runtime.callsite.AbstractCallSite.call(AbstractCallSite.java:125)
at org.codehaus.groovy.runtime.callsite.AbstractCallSite.call(AbstractCallSite.java:139)
at io.restassured.internal.ResponseSpecificationImpl.validate(ResponseSpecificationImpl.groovy:101)
at io.restassured.internal.ValidatableResponseOptionsImpl.spec(ValidatableResponseOptionsImpl.java:288)
at com.api.tests.datadriven.CreateJobAPIDBDataDrivenTest.CreateJobAPITest(CreateJobAPIDBDataDrivenTest.java:32)
at java.base/jdk.internal.reflect.DirectMethodHandleAccessor.invoke(DirectMethodHandleAccessor.java:103)
at java.base/java.lang.reflect.Method.invoke(Method.java:580)
at org.testng.internal.invokers.MethodInvocationHelper.invokeMethod(MethodInvocationHelper.java:141)
at org.testng.internal.invokers.TestInvoker.invokeMethod(TestInvoker.java:687)
at org.testng.internal.invokers.TestInvoker.invokeTestMethod(TestInvoker.java:230)
at org.testng.internal.invokers.TestMethodWithDataProviderMethodWorker.call(TestMethodWithDataProviderMethodWorker.java:81)
at org.testng.internal.thread.Async$AsyncTask.run(Async.java:34)
at java.base/java.util.concurrent.ThreadPoolExecutor.runWorker(ThreadPoolExecutor.java:1144)
at java.base/java.util.concurrent.ThreadPoolExecutor$Worker.run(ThreadPoolExecutor.java:642)
at java.base/java.lang.Thread.run(Thread.java:1583)
]]>
            </full-stacktrace>
          </exception> <!-- java.lang.AssertionError -->
          <reporter-output>
          </reporter-output>
        </test-method> <!-- CreateJobAPITest -->
        <test-method signature="CreateJobAPITest(com.api.request.model.CreateJobPayload)[pri:0, instance:com.api.tests.datadriven.CreateJobAPIDBDataDrivenTest@7d8995e]" started-at="2025-12-28T00:01:43 GMT" name="CreateJobAPITest" description="Verify if create job api is able to create Inwarranty job" data-provider="CreateJobAPIDBDataProvider" finished-at="2025-12-28T00:01:45 GMT" duration-ms="2444" status="FAIL">
          <params>
            <param index="0">
              <value>
                <![CDATA[CreateJobPayload[mst_service_location_id=1, mst_platform_id=2, mst_warrenty_status_id=1, mst_oem_id=1, customer=Customer[first_name=Kajal, last_name=Halvorson, mobile_number=308-982-2512, mobile_number_alt=, email_id=Layne.Turcotte@yahoo.com, email_id_alt=], customer_address=CustomerAddress[flat_number=c 304, apartment_name=Jupiter, street_name=MG road, landmark=Bangur Nagar, area=Goregaon West, pincode=411039, country=India, state=Maharashtra], customer_product=CustomerProduct[dop=2025-04-06, serial_number=28391087191266, imei1=28391087191266, imei2=28391087191266, popurl=2025-04-06T18:30:00.000Z, product_id=1, mst_model_id=1], problems=[Problems[id=1, remark=Smartphone is running slow]]]]]>
              </value>
            </param>
          </params>
          <exception class="java.lang.AssertionError">
            <message>
              <![CDATA[1 expectation failed.
Expected status code <200> but was <500>.
]]>
            </message>
            <full-stacktrace>
              <![CDATA[java.lang.AssertionError: 1 expectation failed.
Expected status code <200> but was <500>.

at java.base/jdk.internal.reflect.DirectConstructorHandleAccessor.newInstance(DirectConstructorHandleAccessor.java:62)
at java.base/java.lang.reflect.Constructor.newInstanceWithCaller(Constructor.java:502)
at java.base/java.lang.reflect.Constructor.newInstance(Constructor.java:486)
at org.codehaus.groovy.reflection.CachedConstructor.invoke(CachedConstructor.java:73)
at org.codehaus.groovy.runtime.callsite.ConstructorSite$ConstructorSiteNoUnwrapNoCoerce.callConstructor(ConstructorSite.java:108)
at org.codehaus.groovy.runtime.callsite.AbstractCallSite.callConstructor(AbstractCallSite.java:277)
at io.restassured.internal.ResponseSpecificationImpl$HamcrestAssertionClosure.validate(ResponseSpecificationImpl.groovy:512)
at io.restassured.internal.ResponseSpecificationImpl$HamcrestAssertionClosure$validate$8.call(Unknown Source)
at io.restassured.internal.ResponseSpecificationImpl.validate(ResponseSpecificationImpl.groovy:101)
at io.restassured.internal.ValidatableResponseOptionsImpl.spec(ValidatableResponseOptionsImpl.java:288)
at com.api.tests.datadriven.CreateJobAPIDBDataDrivenTest.CreateJobAPITest(CreateJobAPIDBDataDrivenTest.java:32)
at java.base/jdk.internal.reflect.DirectMethodHandleAccessor.invoke(DirectMethodHandleAccessor.java:103)
at java.base/java.lang.reflect.Method.invoke(Method.java:580)
at org.testng.internal.invokers.MethodInvocationHelper.invokeMethod(MethodInvocationHelper.java:141)
at org.testng.internal.invokers.TestInvoker.invokeMethod(TestInvoker.java:687)
at org.testng.internal.invokers.TestInvoker.invokeTestMethod(TestInvoker.java:230)
at org.testng.internal.invokers.TestMethodWithDataProviderMethodWorker.call(TestMethodWithDataProviderMethodWorker.java:81)
at org.testng.internal.thread.Async$AsyncTask.run(Async.java:34)
at java.base/java.util.concurrent.ThreadPoolExecutor.runWorker(ThreadPoolExecutor.java:1144)
at java.base/java.util.concurrent.ThreadPoolExecutor$Worker.run(ThreadPoolExecutor.java:642)
at java.base/java.lang.Thread.run(Thread.java:1583)
]]>
            </full-stacktrace>
          </exception> <!-- java.lang.AssertionError -->
          <reporter-output>
          </reporter-output>
        </test-method> <!-- CreateJobAPITest -->
        <test-method signature="CreateJobAPITest(com.api.request.model.CreateJobPayload)[pri:0, instance:com.api.tests.datadriven.CreateJobAPIDBDataDrivenTest@7d8995e]" started-at="2025-12-28T00:01:43 GMT" name="CreateJobAPITest" description="Verify if create job api is able to create Inwarranty job" data-provider="CreateJobAPIDBDataProvider" finished-at="2025-12-28T00:01:45 GMT" duration-ms="2483" status="FAIL">
          <params>
            <param index="0">
              <value>
                <![CDATA[CreateJobPayload[mst_service_location_id=1, mst_platform_id=2, mst_warrenty_status_id=1, mst_oem_id=1, customer=Customer[first_name=Kajal, last_name=Halvorson, mobile_number=308-982-2512, mobile_number_alt=, email_id=Layne.Turcotte@yahoo.com, email_id_alt=], customer_address=CustomerAddress[flat_number=c 304, apartment_name=Jupiter, street_name=MG road, landmark=Bangur Nagar, area=Goregaon West, pincode=411039, country=India, state=Maharashtra], customer_product=CustomerProduct[dop=2025-04-06, serial_number=28391087191266, imei1=28391087191266, imei2=28391087191266, popurl=2025-04-06T18:30:00.000Z, product_id=1, mst_model_id=1], problems=[Problems[id=1, remark=Smartphone is running slow]]]]]>
              </value>
            </param>
          </params>
          <exception class="java.lang.AssertionError">
            <message>
              <![CDATA[1 expectation failed.
Expected status code <200> but was <500>.
]]>
            </message>
            <full-stacktrace>
              <![CDATA[java.lang.AssertionError: 1 expectation failed.
Expected status code <200> but was <500>.

at java.base/jdk.internal.reflect.DirectConstructorHandleAccessor.newInstance(DirectConstructorHandleAccessor.java:62)
at java.base/java.lang.reflect.Constructor.newInstanceWithCaller(Constructor.java:502)
at java.base/java.lang.reflect.Constructor.newInstance(Constructor.java:486)
at org.codehaus.groovy.reflection.CachedConstructor.invoke(CachedConstructor.java:73)
at org.codehaus.groovy.runtime.callsite.ConstructorSite$ConstructorSiteNoUnwrapNoCoerce.callConstructor(ConstructorSite.java:108)
at org.codehaus.groovy.runtime.callsite.AbstractCallSite.callConstructor(AbstractCallSite.java:277)
at io.restassured.internal.ResponseSpecificationImpl$HamcrestAssertionClosure.validate(ResponseSpecificationImpl.groovy:512)
at io.restassured.internal.ResponseSpecificationImpl$HamcrestAssertionClosure$validate$8.call(Unknown Source)
at io.restassured.internal.ResponseSpecificationImpl.validate(ResponseSpecificationImpl.groovy:101)
at io.restassured.internal.ValidatableResponseOptionsImpl.spec(ValidatableResponseOptionsImpl.java:288)
at com.api.tests.datadriven.CreateJobAPIDBDataDrivenTest.CreateJobAPITest(CreateJobAPIDBDataDrivenTest.java:32)
at java.base/jdk.internal.reflect.DirectMethodHandleAccessor.invoke(DirectMethodHandleAccessor.java:103)
at java.base/java.lang.reflect.Method.invoke(Method.java:580)
at org.testng.internal.invokers.MethodInvocationHelper.invokeMethod(MethodInvocationHelper.java:141)
at org.testng.internal.invokers.TestInvoker.invokeMethod(TestInvoker.java:687)
at org.testng.internal.invokers.TestInvoker.invokeTestMethod(TestInvoker.java:230)
at org.testng.internal.invokers.TestMethodWithDataProviderMethodWorker.call(TestMethodWithDataProviderMethodWorker.java:81)
at org.testng.internal.thread.Async$AsyncTask.run(Async.java:34)
at java.base/java.util.concurrent.ThreadPoolExecutor.runWorker(ThreadPoolExecutor.java:1144)
at java.base/java.util.concurrent.ThreadPoolExecutor$Worker.run(ThreadPoolExecutor.java:642)
at java.base/java.lang.Thread.run(Thread.java:1583)
]]>
            </full-stacktrace>
          </exception> <!-- java.lang.AssertionError -->
          <reporter-output>
          </reporter-output>
        </test-method> <!-- CreateJobAPITest -->
        <test-method signature="CreateJobAPITest(com.api.request.model.CreateJobPayload)[pri:0, instance:com.api.tests.datadriven.CreateJobAPIDBDataDrivenTest@7d8995e]" started-at="2025-12-28T00:01:43 GMT" name="CreateJobAPITest" description="Verify if create job api is able to create Inwarranty job" data-provider="CreateJobAPIDBDataProvider" finished-at="2025-12-28T00:01:45 GMT" duration-ms="2328" status="FAIL">
          <params>
            <param index="0">
              <value>
                <![CDATA[CreateJobPayload[mst_service_location_id=1, mst_platform_id=2, mst_warrenty_status_id=1, mst_oem_id=1, customer=Customer[first_name=Carlee, last_name=Brakus, mobile_number=864-378-0119, mobile_number_alt=, email_id=Hester90@hotmail.com, email_id_alt=], customer_address=CustomerAddress[flat_number=c 304, apartment_name=Jupiter, street_name=MG road, landmark=Bangur Nagar, area=Goregaon West, pincode=411039, country=India, state=Maharashtra], customer_product=CustomerProduct[dop=2025-04-06, serial_number=12579292655124176, imei1=12579292655124176, imei2=12579292655124176, popurl=2025-04-06T18:30:00.000Z, product_id=1, mst_model_id=1], problems=[Problems[id=1, remark=Battery Issue]]]]]>
              </value>
            </param>
          </params>
          <exception class="java.lang.AssertionError">
            <message>
              <![CDATA[1 expectation failed.
Expected status code <200> but was <500>.
]]>
            </message>
            <full-stacktrace>
              <![CDATA[java.lang.AssertionError: 1 expectation failed.
Expected status code <200> but was <500>.

at java.base/jdk.internal.reflect.DirectConstructorHandleAccessor.newInstance(DirectConstructorHandleAccessor.java:62)
at java.base/java.lang.reflect.Constructor.newInstanceWithCaller(Constructor.java:502)
at java.base/java.lang.reflect.Constructor.newInstance(Constructor.java:486)
at org.codehaus.groovy.reflection.CachedConstructor.invoke(CachedConstructor.java:73)
at org.codehaus.groovy.runtime.callsite.ConstructorSite$ConstructorSiteNoUnwrapNoCoerce.callConstructor(ConstructorSite.java:108)
at org.codehaus.groovy.runtime.callsite.AbstractCallSite.callConstructor(AbstractCallSite.java:277)
at io.restassured.internal.ResponseSpecificationImpl$HamcrestAssertionClosure.validate(ResponseSpecificationImpl.groovy:512)
at io.restassured.internal.ResponseSpecificationImpl$HamcrestAssertionClosure$validate$8.call(Unknown Source)
at io.restassured.internal.ResponseSpecificationImpl.validate(ResponseSpecificationImpl.groovy:101)
at io.restassured.internal.ValidatableResponseOptionsImpl.spec(ValidatableResponseOptionsImpl.java:288)
at com.api.tests.datadriven.CreateJobAPIDBDataDrivenTest.CreateJobAPITest(CreateJobAPIDBDataDrivenTest.java:32)
at java.base/jdk.internal.reflect.DirectMethodHandleAccessor.invoke(DirectMethodHandleAccessor.java:103)
at java.base/java.lang.reflect.Method.invoke(Method.java:580)
at org.testng.internal.invokers.MethodInvocationHelper.invokeMethod(MethodInvocationHelper.java:141)
at org.testng.internal.invokers.TestInvoker.invokeMethod(TestInvoker.java:687)
at org.testng.internal.invokers.TestInvoker.invokeTestMethod(TestInvoker.java:230)
at org.testng.internal.invokers.TestMethodWithDataProviderMethodWorker.call(TestMethodWithDataProviderMethodWorker.java:81)
at org.testng.internal.thread.Async$AsyncTask.run(Async.java:34)
at java.base/java.util.concurrent.ThreadPoolExecutor.runWorker(ThreadPoolExecutor.java:1144)
at java.base/java.util.concurrent.ThreadPoolExecutor$Worker.run(ThreadPoolExecutor.java:642)
at java.base/java.lang.Thread.run(Thread.java:1583)
]]>
            </full-stacktrace>
          </exception> <!-- java.lang.AssertionError -->
          <reporter-output>
          </reporter-output>
        </test-method> <!-- CreateJobAPITest -->
      </class> <!-- com.api.tests.datadriven.CreateJobAPIDBDataDrivenTest -->
    </test> <!-- Default test -->
  </suite> <!-- Default suite -->
</testng-results>
