<?xml version="1.0" encoding="UTF-8"?>
<testng-results ignored="0" total="1" passed="1" failed="0" skipped="0">
  <reporter-output>
  </reporter-output>
  <suite started-at="2026-03-06T12:42:10 GMT" name="Default suite" finished-at="2026-03-06T12:42:15 GMT" duration-ms="4898">
    <groups>
      <group name="regression">
        <method signature="SearchAPITest.verifySearchAPIResponse()[pri:0, instance:com.api.tests.SearchAPITest@4879dfad]" name="verifySearchAPIResponse" class="com.api.tests.SearchAPITest"/>
      </group> <!-- regression -->
      <group name="smoke">
        <method signature="SearchAPITest.verifySearchAPIResponse()[pri:0, instance:com.api.tests.SearchAPITest@4879dfad]" name="verifySearchAPIResponse" class="com.api.tests.SearchAPITest"/>
      </group> <!-- smoke -->
      <group name="api">
        <method signature="SearchAPITest.verifySearchAPIResponse()[pri:0, instance:com.api.tests.SearchAPITest@4879dfad]" name="verifySearchAPIResponse" class="com.api.tests.SearchAPITest"/>
      </group> <!-- api -->
    </groups>
    <test started-at="2026-03-06T12:42:10 GMT" name="Default test" finished-at="2026-03-06T12:42:15 GMT" duration-ms="4898">
      <class name="com.api.tests.SearchAPITest">
        <test-method is-config="true" signature="setup()[pri:0, instance:com.api.tests.SearchAPITest@4879dfad]" started-at="2026-03-06T12:42:10 GMT" name="setup" description="Instanciating the Job Service and creating search payload" finished-at="2026-03-06T12:42:10 GMT" duration-ms="15" status="PASS">
          <reporter-output>
          </reporter-output>
        </test-method> <!-- setup -->
        <test-method signature="verifySearchAPIResponse()[pri:0, instance:com.api.tests.SearchAPITest@4879dfad]" started-at="2026-03-06T12:42:10 GMT" name="verifySearchAPIResponse" description="Verify if search api is correct response" finished-at="2026-03-06T12:42:15 GMT" duration-ms="4809" status="PASS">
          <reporter-output>
          </reporter-output>
        </test-method> <!-- verifySearchAPIResponse -->
      </class> <!-- com.api.tests.SearchAPITest -->
    </test> <!-- Default test -->
  </suite> <!-- Default suite -->
</testng-results>
