<?xml version="1.0" encoding="UTF-8"?>
<testng-results ignored="0" total="1" passed="1" failed="0" skipped="0">
  <reporter-output>
  </reporter-output>
  <suite started-at="2025-12-23T21:46:32 GMT" name="Default suite" finished-at="2025-12-23T21:46:41 GMT" duration-ms="8996">
    <groups>
      <group name="regression">
        <method signature="CreateJobAPIwithFakeData.CreateJobAPITest()[pri:0, instance:com.api.tests.CreateJobAPIwithFakeData@747ddf94]" name="CreateJobAPITest" class="com.api.tests.CreateJobAPIwithFakeData"/>
      </group> <!-- regression -->
      <group name="smoke">
        <method signature="CreateJobAPIwithFakeData.CreateJobAPITest()[pri:0, instance:com.api.tests.CreateJobAPIwithFakeData@747ddf94]" name="CreateJobAPITest" class="com.api.tests.CreateJobAPIwithFakeData"/>
      </group> <!-- smoke -->
      <group name="api">
        <method signature="CreateJobAPIwithFakeData.CreateJobAPITest()[pri:0, instance:com.api.tests.CreateJobAPIwithFakeData@747ddf94]" name="CreateJobAPITest" class="com.api.tests.CreateJobAPIwithFakeData"/>
      </group> <!-- api -->
    </groups>
    <test started-at="2025-12-23T21:46:32 GMT" name="Default test" finished-at="2025-12-23T21:46:41 GMT" duration-ms="8996">
      <class name="com.api.tests.CreateJobAPIwithFakeData">
        <test-method is-config="true" signature="setup()[pri:0, instance:com.api.tests.CreateJobAPIwithFakeData@747ddf94]" started-at="2025-12-23T21:46:32 GMT" name="setup" description="Create the request payload for create job api" finished-at="2025-12-23T21:46:32 GMT" duration-ms="167" status="PASS">
          <reporter-output>
          </reporter-output>
        </test-method> <!-- setup -->
        <test-method signature="CreateJobAPITest()[pri:0, instance:com.api.tests.CreateJobAPIwithFakeData@747ddf94]" started-at="2025-12-23T21:46:32 GMT" name="CreateJobAPITest" description="Verify if create job api is able to create Inwarranty job" finished-at="2025-12-23T21:46:41 GMT" duration-ms="8797" status="PASS">
          <reporter-output>
          </reporter-output>
        </test-method> <!-- CreateJobAPITest -->
      </class> <!-- com.api.tests.CreateJobAPIwithFakeData -->
    </test> <!-- Default test -->
  </suite> <!-- Default suite -->
</testng-results>
