<?xml version="1.0" encoding="UTF-8"?>
<testng-results ignored="0" total="100" passed="100" failed="0" skipped="0">
  <reporter-output>
  </reporter-output>
  <suite started-at="2025-12-16T20:34:29 GMT" name="Default suite" finished-at="2025-12-16T20:34:45 GMT" duration-ms="16818">
    <groups>
      <group name="datadriven">
        <method signature="CreateJobAPIFakeDataDrivenTest.CreateJobAPITest(com.api.request.model.CreateJobPayload)[pri:0, instance:com.api.tests.datadriven.CreateJobAPIFakeDataDrivenTest@1189dd52]" name="CreateJobAPITest" class="com.api.tests.datadriven.CreateJobAPIFakeDataDrivenTest"/>
      </group> <!-- datadriven -->
      <group name="regression">
        <method signature="CreateJobAPIFakeDataDrivenTest.CreateJobAPITest(com.api.request.model.CreateJobPayload)[pri:0, instance:com.api.tests.datadriven.CreateJobAPIFakeDataDrivenTest@1189dd52]" name="CreateJobAPITest" class="com.api.tests.datadriven.CreateJobAPIFakeDataDrivenTest"/>
      </group> <!-- regression -->
      <group name="api">
        <method signature="CreateJobAPIFakeDataDrivenTest.CreateJobAPITest(com.api.request.model.CreateJobPayload)[pri:0, instance:com.api.tests.datadriven.CreateJobAPIFakeDataDrivenTest@1189dd52]" name="CreateJobAPITest" class="com.api.tests.datadriven.CreateJobAPIFakeDataDrivenTest"/>
      </group> <!-- api -->
    </groups>
    <test started-at="2025-12-16T20:34:29 GMT" name="Default test" finished-at="2025-12-16T20:34:45 GMT" duration-ms="16818">
      <class name="com.api.tests.datadriven.CreateJobAPIFakeDataDrivenTest">
        <test-method signature="CreateJobAPITest(com.api.request.model.CreateJobPayload)[pri:0, instance:com.api.tests.datadriven.CreateJobAPIFakeDataDrivenTest@1189dd52]" started-at="2025-12-16T20:34:29 GMT" name="CreateJobAPITest" description="Verify if create job api is able to create Inwarranty job" data-provider="CreateJobAPIFakerDataProvider" finished-at="2025-12-16T20:34:36 GMT" duration-ms="6309" status="PASS">
          <params>
            <param index="0">
              <value>
                <![CDATA[CreateJobPayload[mst_service_location_id=0, mst_platform_id=2, mst_warrenty_status_id=1, mst_oem_id=1, customer=Customer[first_name=Gita, last_name=Rana, mobile_number=7085666096, mobile_number_alt=7027190423, email_id=aryan.shah@hotmail.com, email_id_alt=], customer_address=CustomerAddress[flat_number=1131, apartment_name=Brahmanandam Plaza, street_name=Kamalesh Field, landmark=Amaresh Club, area=Dhanalakshmi Lights, pincode=62972, country=India, state=Delhi], customer_product=CustomerProduct[dop=2025-12-06T20:34:29.655857Z, serial_number=257319297188816, imei1=257319297188816, imei2=257319297188816, popurl=www.indra-patil.name, product_id=1, mst_model_id=1], problems=[Problems[id=17, remark=Sit eum non itaque recusandae.]]]]]>
              </value>
            </param>
          </params>
          <reporter-output>
          </reporter-output>
        </test-method> <!-- CreateJobAPITest -->
        <test-method signature="CreateJobAPITest(com.api.request.model.CreateJobPayload)[pri:0, instance:com.api.tests.datadriven.CreateJobAPIFakeDataDrivenTest@1189dd52]" started-at="2025-12-16T20:34:29 GMT" name="CreateJobAPITest" description="Verify if create job api is able to create Inwarranty job" data-provider="CreateJobAPIFakerDataProvider" finished-at="2025-12-16T20:34:36 GMT" duration-ms="6281" status="PASS">
          <params>
            <param index="0">
              <value>
                <![CDATA[CreateJobPayload[mst_service_location_id=0, mst_platform_id=2, mst_warrenty_status_id=1, mst_oem_id=1, customer=Customer[first_name=Chapal, last_name=Mehra, mobile_number=7066372966, mobile_number_alt=7040593928, email_id=atmaja.kocchar@gmail.com, email_id_alt=], customer_address=CustomerAddress[flat_number=3775, apartment_name=Varman Groves, street_name=Geeta Cliffs, landmark=Harinakshi Track, area=Jha Spurs, pincode=19624, country=India, state=West Bengal], customer_product=CustomerProduct[dop=2025-12-06T20:34:29.670042Z, serial_number=864796503542811, imei1=864796503542811, imei2=864796503542811, popurl=www.nagabhushanam-abbott.info, product_id=1, mst_model_id=1], problems=[Problems[id=2, remark=Consequatur ea veniam nesciunt atque nesciunt.]]]]]>
              </value>
            </param>
          </params>
          <reporter-output>
          </reporter-output>
        </test-method> <!-- CreateJobAPITest -->
        <test-method signature="CreateJobAPITest(com.api.request.model.CreateJobPayload)[pri:0, instance:com.api.tests.datadriven.CreateJobAPIFakeDataDrivenTest@1189dd52]" started-at="2025-12-16T20:34:29 GMT" name="CreateJobAPITest" description="Verify if create job api is able to create Inwarranty job" data-provider="CreateJobAPIFakerDataProvider" finished-at="2025-12-16T20:34:36 GMT" duration-ms="6310" status="PASS">
          <params>
            <param index="0">
              <value>
                <![CDATA[CreateJobPayload[mst_service_location_id=0, mst_platform_id=2, mst_warrenty_status_id=1, mst_oem_id=1, customer=Customer[first_name=Aadi, last_name=Varman, mobile_number=7079899805, mobile_number_alt=7042413181, email_id=aasha.tagore@gmail.com, email_id_alt=], customer_address=CustomerAddress[flat_number=7472, apartment_name=Pilla Land, street_name=Nimit Hill, landmark=Bhattacharya Landing, area=Swarnalata Cape, pincode=19056, country=India, state=Assam], customer_product=CustomerProduct[dop=2025-12-06T20:34:29.662480Z, serial_number=674332513249958, imei1=674332513249958, imei2=674332513249958, popurl=www.chiranjeev-dubashi.in, product_id=1, mst_model_id=1], problems=[Problems[id=5, remark=Perspiciatis qui repudiandae beatae.], Problems[id=2, remark=Cupiditate praesentium sequi dignissimos omnis modi soluta.], Problems[id=9, remark=Quasi sint nulla aliquam quia magnam consequatur.]]]]]>
              </value>
            </param>
          </params>
          <reporter-output>
          </reporter-output>
        </test-method> <!-- CreateJobAPITest -->
        <test-method signature="CreateJobAPITest(com.api.request.model.CreateJobPayload)[pri:0, instance:com.api.tests.datadriven.CreateJobAPIFakeDataDrivenTest@1189dd52]" started-at="2025-12-16T20:34:29 GMT" name="CreateJobAPITest" description="Verify if create job api is able to create Inwarranty job" data-provider="CreateJobAPIFakerDataProvider" finished-at="2025-12-16T20:34:36 GMT" duration-ms="6422" status="PASS">
          <params>
            <param index="0">
              <value>
                <![CDATA[CreateJobPayload[mst_service_location_id=0, mst_platform_id=2, mst_warrenty_status_id=1, mst_oem_id=1, customer=Customer[first_name=Siddhran, last_name=Nayar, mobile_number=7049238707, mobile_number_alt=7090446087, email_id=trilokesh.namboothiri@yahoo.co.in, email_id_alt=], customer_address=CustomerAddress[flat_number=3800, apartment_name=Gupta Dale, street_name=Durga Groves, landmark=Asan Dam, area=Bhima Creek, pincode=75828, country=India, state=Nagaland], customer_product=CustomerProduct[dop=2025-12-06T20:34:29.675938Z, serial_number=685575030648524, imei1=685575030648524, imei2=685575030648524, popurl=www.upendra-panicker.info, product_id=1, mst_model_id=1], problems=[Problems[id=24, remark=Ad temporibus nihil voluptatem.], Problems[id=28, remark=Nihil sapiente nostrum natus.], Problems[id=20, remark=Et fuga omnis impedit suscipit.]]]]]>
              </value>
            </param>
          </params>
          <reporter-output>
          </reporter-output>
        </test-method> <!-- CreateJobAPITest -->
        <test-method signature="CreateJobAPITest(com.api.request.model.CreateJobPayload)[pri:0, instance:com.api.tests.datadriven.CreateJobAPIFakeDataDrivenTest@1189dd52]" started-at="2025-12-16T20:34:29 GMT" name="CreateJobAPITest" description="Verify if create job api is able to create Inwarranty job" data-provider="CreateJobAPIFakerDataProvider" finished-at="2025-12-16T20:34:36 GMT" duration-ms="6298" status="PASS">
          <params>
            <param index="0">
              <value>
                <![CDATA[CreateJobPayload[mst_service_location_id=0, mst_platform_id=2, mst_warrenty_status_id=1, mst_oem_id=1, customer=Customer[first_name=Amodini, last_name=Dwivedi, mobile_number=7091293435, mobile_number_alt=7099394662, email_id=tej.guha@hotmail.com, email_id_alt=], customer_address=CustomerAddress[flat_number=6026, apartment_name=Embranthiri Camp, street_name=Namboothiri Union, landmark=Mohana Lane, area=Prasad Squares, pincode=70431, country=India, state=Lakshadweep], customer_product=CustomerProduct[dop=2025-12-06T20:34:29.646766Z, serial_number=162039497021583, imei1=162039497021583, imei2=162039497021583, popurl=www.bhima-jha.org, product_id=1, mst_model_id=1], problems=[Problems[id=10, remark=Architecto culpa occaecati non fuga aliquam necessitatibus natus.], Problems[id=12, remark=Excepturi possimus ut.]]]]]>
              </value>
            </param>
          </params>
          <reporter-output>
          </reporter-output>
        </test-method> <!-- CreateJobAPITest -->
        <test-method signature="CreateJobAPITest(com.api.request.model.CreateJobPayload)[pri:0, instance:com.api.tests.datadriven.CreateJobAPIFakeDataDrivenTest@1189dd52]" started-at="2025-12-16T20:34:29 GMT" name="CreateJobAPITest" description="Verify if create job api is able to create Inwarranty job" data-provider="CreateJobAPIFakerDataProvider" finished-at="2025-12-16T20:34:36 GMT" duration-ms="6300" status="PASS">
          <params>
            <param index="0">
              <value>
                <![CDATA[CreateJobPayload[mst_service_location_id=0, mst_platform_id=2, mst_warrenty_status_id=1, mst_oem_id=1, customer=Customer[first_name=Acharyasuta, last_name=Pillai, mobile_number=7057223881, mobile_number_alt=7061426385, email_id=ritesh.butt@hotmail.com, email_id_alt=], customer_address=CustomerAddress[flat_number=6622, apartment_name=Rajiv Plaza, street_name=Rana Locks, landmark=Gowda Drive, area=Arora Key, pincode=25154, country=India, state=Karnataka], customer_product=CustomerProduct[dop=2025-12-06T20:34:29.601060Z, serial_number=471826151133526, imei1=471826151133526, imei2=471826151133526, popurl=www.draupadi-ganaka.org, product_id=1, mst_model_id=1], problems=[Problems[id=5, remark=Adipisci itaque illo ea impedit fugiat.], Problems[id=1, remark=Nesciunt aliquam dignissimos occaecati non quod.], Problems[id=20, remark=Corrupti dolores dolor rerum.]]]]]>
              </value>
            </param>
          </params>
          <reporter-output>
          </reporter-output>
        </test-method> <!-- CreateJobAPITest -->
        <test-method signature="CreateJobAPITest(com.api.request.model.CreateJobPayload)[pri:0, instance:com.api.tests.datadriven.CreateJobAPIFakeDataDrivenTest@1189dd52]" started-at="2025-12-16T20:34:29 GMT" name="CreateJobAPITest" description="Verify if create job api is able to create Inwarranty job" data-provider="CreateJobAPIFakerDataProvider" finished-at="2025-12-16T20:34:36 GMT" duration-ms="6378" status="PASS">
          <params>
            <param index="0">
              <value>
                <![CDATA[CreateJobPayload[mst_service_location_id=0, mst_platform_id=2, mst_warrenty_status_id=1, mst_oem_id=1, customer=Customer[first_name=Anal, last_name=Chaturvedi, mobile_number=7063504948, mobile_number_alt=7013101814, email_id=krishnadas.mukhopadhyay@yahoo.co.in, email_id_alt=], customer_address=CustomerAddress[flat_number=4910, apartment_name=Rajinder Valley, street_name=Manjusha Unions, landmark=Singh Radial, area=Pillai Flat, pincode=95837, country=India, state=Kerala], customer_product=CustomerProduct[dop=2025-12-06T20:34:29.651835Z, serial_number=148195673913217, imei1=148195673913217, imei2=148195673913217, popurl=www.dron-nayar.in, product_id=1, mst_model_id=1], problems=[Problems[id=17, remark=Enim eum qui alias qui quibusdam qui id.], Problems[id=20, remark=Qui magnam enim necessitatibus soluta.], Problems[id=1, remark=Rerum atque voluptatibus nam.]]]]]>
              </value>
            </param>
          </params>
          <reporter-output>
          </reporter-output>
        </test-method> <!-- CreateJobAPITest -->
        <test-method signature="CreateJobAPITest(com.api.request.model.CreateJobPayload)[pri:0, instance:com.api.tests.datadriven.CreateJobAPIFakeDataDrivenTest@1189dd52]" started-at="2025-12-16T20:34:29 GMT" name="CreateJobAPITest" description="Verify if create job api is able to create Inwarranty job" data-provider="CreateJobAPIFakerDataProvider" finished-at="2025-12-16T20:34:36 GMT" duration-ms="6255" status="PASS">
          <params>
            <param index="0">
              <value>
                <![CDATA[CreateJobPayload[mst_service_location_id=0, mst_platform_id=2, mst_warrenty_status_id=1, mst_oem_id=1, customer=Customer[first_name=Opalina, last_name=Dubashi, mobile_number=7087646317, mobile_number_alt=7072515188, email_id=leela.jha@gmail.com, email_id_alt=], customer_address=CustomerAddress[flat_number=3896, apartment_name=Dev Drive, street_name=Nehru Park, landmark=Deb Key, area=Bhima Circles, pincode=14304, country=India, state=Pondicherry], customer_product=CustomerProduct[dop=2025-12-06T20:34:29.658735Z, serial_number=404720569946966, imei1=404720569946966, imei2=404720569946966, popurl=www.gatik-mukhopadhyay.biz, product_id=1, mst_model_id=1], problems=[Problems[id=29, remark=Dolorum ducimus et qui exercitationem reprehenderit.], Problems[id=6, remark=Reiciendis doloremque nam.]]]]]>
              </value>
            </param>
          </params>
          <reporter-output>
          </reporter-output>
        </test-method> <!-- CreateJobAPITest -->
        <test-method signature="CreateJobAPITest(com.api.request.model.CreateJobPayload)[pri:0, instance:com.api.tests.datadriven.CreateJobAPIFakeDataDrivenTest@1189dd52]" started-at="2025-12-16T20:34:29 GMT" name="CreateJobAPITest" description="Verify if create job api is able to create Inwarranty job" data-provider="CreateJobAPIFakerDataProvider" finished-at="2025-12-16T20:34:36 GMT" duration-ms="6379" status="PASS">
          <params>
            <param index="0">
              <value>
                <![CDATA[CreateJobPayload[mst_service_location_id=0, mst_platform_id=2, mst_warrenty_status_id=1, mst_oem_id=1, customer=Customer[first_name=Darshan, last_name=Ganaka, mobile_number=7058678956, mobile_number_alt=7065143907, email_id=kalyani.tandon@gmail.com, email_id_alt=], customer_address=CustomerAddress[flat_number=7348, apartment_name=Menon Stream, street_name=Panicker Alley, landmark=Achalesvara Divide, area=Swarnalata Green, pincode=89286, country=India, state=Maharashtra], customer_product=CustomerProduct[dop=2025-12-06T20:34:29.680110Z, serial_number=248282105370671, imei1=248282105370671, imei2=248282105370671, popurl=www.diptendu-pothuvaal.name, product_id=1, mst_model_id=1], problems=[Problems[id=3, remark=Hic occaecati nostrum consectetur.], Problems[id=28, remark=Deleniti et deleniti minus sunt aliquam.]]]]]>
              </value>
            </param>
          </params>
          <reporter-output>
          </reporter-output>
        </test-method> <!-- CreateJobAPITest -->
        <test-method signature="CreateJobAPITest(com.api.request.model.CreateJobPayload)[pri:0, instance:com.api.tests.datadriven.CreateJobAPIFakeDataDrivenTest@1189dd52]" started-at="2025-12-16T20:34:29 GMT" name="CreateJobAPITest" description="Verify if create job api is able to create Inwarranty job" data-provider="CreateJobAPIFakerDataProvider" finished-at="2025-12-16T20:34:36 GMT" duration-ms="6427" status="PASS">
          <params>
            <param index="0">
              <value>
                <![CDATA[CreateJobPayload[mst_service_location_id=0, mst_platform_id=2, mst_warrenty_status_id=1, mst_oem_id=1, customer=Customer[first_name=Chakrika, last_name=Mehrotra, mobile_number=7045061758, mobile_number_alt=7078676775, email_id=bharadwaj.nayar@gmail.com, email_id_alt=], customer_address=CustomerAddress[flat_number=8156, apartment_name=Kailash Flats, street_name=Jain Inlet, landmark=Adinath Loop, area=Deshpande Forges, pincode=82319, country=India, state=Himachal Pradesh], customer_product=CustomerProduct[dop=2025-12-06T20:34:29.685078Z, serial_number=186484446948055, imei1=186484446948055, imei2=186484446948055, popurl=www.rukmin-iyer.net, product_id=1, mst_model_id=1], problems=[Problems[id=7, remark=Sapiente necessitatibus et consequuntur qui omnis.]]]]]>
              </value>
            </param>
          </params>
          <reporter-output>
          </reporter-output>
        </test-method> <!-- CreateJobAPITest -->
        <test-method signature="CreateJobAPITest(com.api.request.model.CreateJobPayload)[pri:0, instance:com.api.tests.datadriven.CreateJobAPIFakeDataDrivenTest@1189dd52]" started-at="2025-12-16T20:34:36 GMT" name="CreateJobAPITest" description="Verify if create job api is able to create Inwarranty job" data-provider="CreateJobAPIFakerDataProvider" finished-at="2025-12-16T20:34:37 GMT" duration-ms="1172" status="PASS">
          <params>
            <param index="0">
              <value>
                <![CDATA[CreateJobPayload[mst_service_location_id=0, mst_platform_id=2, mst_warrenty_status_id=1, mst_oem_id=1, customer=Customer[first_name=Anusuya, last_name=Banerjee, mobile_number=7046234895, mobile_number_alt=7089974418, email_id=trilokesh.adiga@hotmail.com, email_id_alt=], customer_address=CustomerAddress[flat_number=2715, apartment_name=Bhoopat Underpass, street_name=Nirbhay Divide, landmark=Iyengar Heights, area=Anusuya Overpass, pincode=96226, country=India, state=Tamil Nadu], customer_product=CustomerProduct[dop=2025-12-06T20:34:29.692093Z, serial_number=799487590263342, imei1=799487590263342, imei2=799487590263342, popurl=www.bhupen-trivedi.biz, product_id=1, mst_model_id=1], problems=[Problems[id=8, remark=Veritatis dignissimos aut nulla aut tempore.], Problems[id=16, remark=Odit cupiditate sunt consequatur iusto qui accusantium.]]]]]>
              </value>
            </param>
          </params>
          <reporter-output>
          </reporter-output>
        </test-method> <!-- CreateJobAPITest -->
        <test-method signature="CreateJobAPITest(com.api.request.model.CreateJobPayload)[pri:0, instance:com.api.tests.datadriven.CreateJobAPIFakeDataDrivenTest@1189dd52]" started-at="2025-12-16T20:34:36 GMT" name="CreateJobAPITest" description="Verify if create job api is able to create Inwarranty job" data-provider="CreateJobAPIFakerDataProvider" finished-at="2025-12-16T20:34:37 GMT" duration-ms="1015" status="PASS">
          <params>
            <param index="0">
              <value>
                <![CDATA[CreateJobPayload[mst_service_location_id=0, mst_platform_id=2, mst_warrenty_status_id=1, mst_oem_id=1, customer=Customer[first_name=Karan, last_name=Kaul, mobile_number=7010925121, mobile_number_alt=7064528207, email_id=divaakar.gupta@hotmail.com, email_id_alt=], customer_address=CustomerAddress[flat_number=4183, apartment_name=Bhadran Shoals, street_name=Menon Trace, landmark=Sharma Brooks, area=Aanandaswarup Turnpike, pincode=19440, country=India, state=Arunachal Pradesh], customer_product=CustomerProduct[dop=2025-12-06T20:34:29.697614Z, serial_number=793426562451737, imei1=793426562451737, imei2=793426562451737, popurl=www.kin-agarwal.co.in, product_id=1, mst_model_id=1], problems=[Problems[id=19, remark=Est voluptatem voluptas qui beatae est repellendus omnis.], Problems[id=28, remark=Facilis hic aut.], Problems[id=20, remark=Ipsam consequatur minus dolorum provident aut fuga ut.]]]]]>
              </value>
            </param>
          </params>
          <reporter-output>
          </reporter-output>
        </test-method> <!-- CreateJobAPITest -->
        <test-method signature="CreateJobAPITest(com.api.request.model.CreateJobPayload)[pri:0, instance:com.api.tests.datadriven.CreateJobAPIFakeDataDrivenTest@1189dd52]" started-at="2025-12-16T20:34:36 GMT" name="CreateJobAPITest" description="Verify if create job api is able to create Inwarranty job" data-provider="CreateJobAPIFakerDataProvider" finished-at="2025-12-16T20:34:37 GMT" duration-ms="1337" status="PASS">
          <params>
            <param index="0">
              <value>
                <![CDATA[CreateJobPayload[mst_service_location_id=0, mst_platform_id=2, mst_warrenty_status_id=1, mst_oem_id=1, customer=Customer[first_name=Ekalavya, last_name=Singh, mobile_number=7066453044, mobile_number_alt=7075195422, email_id=akula.rana@yahoo.co.in, email_id_alt=], customer_address=CustomerAddress[flat_number=3495, apartment_name=Devar Forge, street_name=Saini Rapids, landmark=Triloki Nath Plaza, area=Giri Well, pincode=85869, country=India, state=Jammu and Kashmir], customer_product=CustomerProduct[dop=2025-12-06T20:34:29.702263Z, serial_number=903237175221977, imei1=903237175221977, imei2=903237175221977, popurl=www.dhana-somayaji.com, product_id=1, mst_model_id=1], problems=[Problems[id=4, remark=Dolorem omnis rerum ullam asperiores dolorem et et.], Problems[id=24, remark=Optio est sapiente temporibus.], Problems[id=26, remark=Commodi nam non debitis.]]]]]>
              </value>
            </param>
          </params>
          <reporter-output>
          </reporter-output>
        </test-method> <!-- CreateJobAPITest -->
        <test-method signature="CreateJobAPITest(com.api.request.model.CreateJobPayload)[pri:0, instance:com.api.tests.datadriven.CreateJobAPIFakeDataDrivenTest@1189dd52]" started-at="2025-12-16T20:34:36 GMT" name="CreateJobAPITest" description="Verify if create job api is able to create Inwarranty job" data-provider="CreateJobAPIFakerDataProvider" finished-at="2025-12-16T20:34:37 GMT" duration-ms="1068" status="PASS">
          <params>
            <param index="0">
              <value>
                <![CDATA[CreateJobPayload[mst_service_location_id=0, mst_platform_id=2, mst_warrenty_status_id=1, mst_oem_id=1, customer=Customer[first_name=Vidya, last_name=Dutta, mobile_number=7035289806, mobile_number_alt=7019581151, email_id=balagopal.varman@gmail.com, email_id_alt=], customer_address=CustomerAddress[flat_number=9196, apartment_name=Nair Cliff, street_name=Vyas Park, landmark=Gandhi Loop, area=Patel Brooks, pincode=56320, country=India, state=Dadar and Nagar Haveli], customer_product=CustomerProduct[dop=2025-12-06T20:34:29.705586Z, serial_number=472013927386876, imei1=472013927386876, imei2=472013927386876, popurl=www.datta-khatri.com, product_id=1, mst_model_id=1], problems=[Problems[id=12, remark=Ab ipsa recusandae asperiores repudiandae doloribus cum.], Problems[id=28, remark=Eaque eveniet dolores tempore beatae itaque autem ut.], Problems[id=20, remark=Ipsa tempora consequatur eius non accusamus.]]]]]>
              </value>
            </param>
          </params>
          <reporter-output>
          </reporter-output>
        </test-method> <!-- CreateJobAPITest -->
        <test-method signature="CreateJobAPITest(com.api.request.model.CreateJobPayload)[pri:0, instance:com.api.tests.datadriven.CreateJobAPIFakeDataDrivenTest@1189dd52]" started-at="2025-12-16T20:34:36 GMT" name="CreateJobAPITest" description="Verify if create job api is able to create Inwarranty job" data-provider="CreateJobAPIFakerDataProvider" finished-at="2025-12-16T20:34:37 GMT" duration-ms="1322" status="PASS">
          <params>
            <param index="0">
              <value>
                <![CDATA[CreateJobPayload[mst_service_location_id=0, mst_platform_id=2, mst_warrenty_status_id=1, mst_oem_id=1, customer=Customer[first_name=Suman, last_name=Iyer, mobile_number=7096706900, mobile_number_alt=7011283514, email_id=divjot.bharadwaj@gmail.com, email_id_alt=], customer_address=CustomerAddress[flat_number=5089, apartment_name=Dubashi Greens, street_name=Deveshwar Harbor, landmark=Dinkar Passage, area=Bankimchandra Springs, pincode=01171, country=India, state=Jammu and Kashmir], customer_product=CustomerProduct[dop=2025-12-06T20:34:29.709145Z, serial_number=873199548844730, imei1=873199548844730, imei2=873199548844730, popurl=www.smriti-khanna.co.in, product_id=1, mst_model_id=1], problems=[Problems[id=26, remark=Autem culpa neque et.]]]]]>
              </value>
            </param>
          </params>
          <reporter-output>
          </reporter-output>
        </test-method> <!-- CreateJobAPITest -->
        <test-method signature="CreateJobAPITest(com.api.request.model.CreateJobPayload)[pri:0, instance:com.api.tests.datadriven.CreateJobAPIFakeDataDrivenTest@1189dd52]" started-at="2025-12-16T20:34:36 GMT" name="CreateJobAPITest" description="Verify if create job api is able to create Inwarranty job" data-provider="CreateJobAPIFakerDataProvider" finished-at="2025-12-16T20:34:37 GMT" duration-ms="1239" status="PASS">
          <params>
            <param index="0">
              <value>
                <![CDATA[CreateJobPayload[mst_service_location_id=0, mst_platform_id=2, mst_warrenty_status_id=1, mst_oem_id=1, customer=Customer[first_name=Mahesh, last_name=Kaniyar, mobile_number=7048319891, mobile_number_alt=7031088447, email_id=paramartha.kapoor@gmail.com, email_id_alt=], customer_address=CustomerAddress[flat_number=2658, apartment_name=Ghanshyam Circle, street_name=Sarla Spur, landmark=Dipali Alley, area=Verma Islands, pincode=85670, country=India, state=Madya Pradesh], customer_product=CustomerProduct[dop=2025-12-06T20:34:29.711730Z, serial_number=889985096425057, imei1=889985096425057, imei2=889985096425057, popurl=www.mandaakin-varman.co.in, product_id=1, mst_model_id=1], problems=[Problems[id=11, remark=Consequatur vitae voluptas debitis.], Problems[id=9, remark=Fugit asperiores minima similique perferendis repudiandae est.], Problems[id=7, remark=Quia quo accusantium qui ut dolorem.]]]]]>
              </value>
            </param>
          </params>
          <reporter-output>
          </reporter-output>
        </test-method> <!-- CreateJobAPITest -->
        <test-method signature="CreateJobAPITest(com.api.request.model.CreateJobPayload)[pri:0, instance:com.api.tests.datadriven.CreateJobAPIFakeDataDrivenTest@1189dd52]" started-at="2025-12-16T20:34:36 GMT" name="CreateJobAPITest" description="Verify if create job api is able to create Inwarranty job" data-provider="CreateJobAPIFakerDataProvider" finished-at="2025-12-16T20:34:37 GMT" duration-ms="1257" status="PASS">
          <params>
            <param index="0">
              <value>
                <![CDATA[CreateJobPayload[mst_service_location_id=0, mst_platform_id=2, mst_warrenty_status_id=1, mst_oem_id=1, customer=Customer[first_name=Shantanu, last_name=Patil, mobile_number=7026252688, mobile_number_alt=7039696001, email_id=chatur.shukla@gmail.com, email_id_alt=], customer_address=CustomerAddress[flat_number=1548, apartment_name=Embranthiri Islands, street_name=Menon Bridge, landmark=Namboothiri Spur, area=Brahmabrata Turnpike, pincode=62974, country=India, state=Dadar and Nagar Haveli], customer_product=CustomerProduct[dop=2025-12-06T20:34:29.714737Z, serial_number=984099601455886, imei1=984099601455886, imei2=984099601455886, popurl=www.gajbaahu-dhawan.name, product_id=1, mst_model_id=1], problems=[Problems[id=8, remark=Tempore et nemo non.], Problems[id=20, remark=Nemo nulla aut alias voluptas quisquam voluptas officia.]]]]]>
              </value>
            </param>
          </params>
          <reporter-output>
          </reporter-output>
        </test-method> <!-- CreateJobAPITest -->
        <test-method signature="CreateJobAPITest(com.api.request.model.CreateJobPayload)[pri:0, instance:com.api.tests.datadriven.CreateJobAPIFakeDataDrivenTest@1189dd52]" started-at="2025-12-16T20:34:36 GMT" name="CreateJobAPITest" description="Verify if create job api is able to create Inwarranty job" data-provider="CreateJobAPIFakerDataProvider" finished-at="2025-12-16T20:34:37 GMT" duration-ms="1301" status="PASS">
          <params>
            <param index="0">
              <value>
                <![CDATA[CreateJobPayload[mst_service_location_id=0, mst_platform_id=2, mst_warrenty_status_id=1, mst_oem_id=1, customer=Customer[first_name=Garuda, last_name=Saini, mobile_number=7000234227, mobile_number_alt=7053236111, email_id=vedang.gandhi@gmail.com, email_id_alt=], customer_address=CustomerAddress[flat_number=9090, apartment_name=Patel Well, street_name=Gupta Alley, landmark=Bhisham Lakes, area=Khan Avenue, pincode=67989, country=India, state=West Bengal], customer_product=CustomerProduct[dop=2025-12-06T20:34:29.717230Z, serial_number=080094780546909, imei1=080094780546909, imei2=080094780546909, popurl=www.akshata-gill.net, product_id=1, mst_model_id=1], problems=[Problems[id=22, remark=Et laborum tempora sit et.], Problems[id=22, remark=Quia blanditiis consequatur aspernatur.]]]]]>
              </value>
            </param>
          </params>
          <reporter-output>
          </reporter-output>
        </test-method> <!-- CreateJobAPITest -->
        <test-method signature="CreateJobAPITest(com.api.request.model.CreateJobPayload)[pri:0, instance:com.api.tests.datadriven.CreateJobAPIFakeDataDrivenTest@1189dd52]" started-at="2025-12-16T20:34:36 GMT" name="CreateJobAPITest" description="Verify if create job api is able to create Inwarranty job" data-provider="CreateJobAPIFakerDataProvider" finished-at="2025-12-16T20:34:37 GMT" duration-ms="1236" status="PASS">
          <params>
            <param index="0">
              <value>
                <![CDATA[CreateJobPayload[mst_service_location_id=0, mst_platform_id=2, mst_warrenty_status_id=1, mst_oem_id=1, customer=Customer[first_name=Chandra, last_name=Saini, mobile_number=7006328828, mobile_number_alt=7086082572, email_id=dipankar.pilla@yahoo.co.in, email_id_alt=], customer_address=CustomerAddress[flat_number=9696, apartment_name=Joshi Park, street_name=Bheeshma Bridge, landmark=Rukmin Oval, area=Amrit Spurs, pincode=40880, country=India, state=Goa], customer_product=CustomerProduct[dop=2025-12-06T20:34:29.719435Z, serial_number=817923812263774, imei1=817923812263774, imei2=817923812263774, popurl=www.sanya-nehru.info, product_id=1, mst_model_id=1], problems=[Problems[id=24, remark=Veritatis fuga autem sint.], Problems[id=22, remark=Ut dolorem laboriosam dignissimos totam numquam ut itaque.]]]]]>
              </value>
            </param>
          </params>
          <reporter-output>
          </reporter-output>
        </test-method> <!-- CreateJobAPITest -->
        <test-method signature="CreateJobAPITest(com.api.request.model.CreateJobPayload)[pri:0, instance:com.api.tests.datadriven.CreateJobAPIFakeDataDrivenTest@1189dd52]" started-at="2025-12-16T20:34:36 GMT" name="CreateJobAPITest" description="Verify if create job api is able to create Inwarranty job" data-provider="CreateJobAPIFakerDataProvider" finished-at="2025-12-16T20:34:37 GMT" duration-ms="1237" status="PASS">
          <params>
            <param index="0">
              <value>
                <![CDATA[CreateJobPayload[mst_service_location_id=0, mst_platform_id=2, mst_warrenty_status_id=1, mst_oem_id=1, customer=Customer[first_name=Deeptimayee, last_name=Guneta, mobile_number=7037492634, mobile_number_alt=7058408739, email_id=suman.somayaji@hotmail.com, email_id_alt=], customer_address=CustomerAddress[flat_number=9400, apartment_name=Dhanapati Way, street_name=Naik Cape, landmark=Devvrat Ridges, area=Iyer Track, pincode=79853, country=India, state=Tamil Nadu], customer_product=CustomerProduct[dop=2025-12-06T20:34:29.721765Z, serial_number=913827968245679, imei1=913827968245679, imei2=913827968245679, popurl=www.rukhmani-iyer.net, product_id=1, mst_model_id=1], problems=[Problems[id=22, remark=Omnis quam temporibus adipisci consequatur.], Problems[id=20, remark=Autem vel exercitationem aut.], Problems[id=10, remark=Ut facilis sit placeat unde.]]]]]>
              </value>
            </param>
          </params>
          <reporter-output>
          </reporter-output>
        </test-method> <!-- CreateJobAPITest -->
        <test-method signature="CreateJobAPITest(com.api.request.model.CreateJobPayload)[pri:0, instance:com.api.tests.datadriven.CreateJobAPIFakeDataDrivenTest@1189dd52]" started-at="2025-12-16T20:34:37 GMT" name="CreateJobAPITest" description="Verify if create job api is able to create Inwarranty job" data-provider="CreateJobAPIFakerDataProvider" finished-at="2025-12-16T20:34:38 GMT" duration-ms="1027" status="PASS">
          <params>
            <param index="0">
              <value>
                <![CDATA[CreateJobPayload[mst_service_location_id=0, mst_platform_id=2, mst_warrenty_status_id=1, mst_oem_id=1, customer=Customer[first_name=Narayan, last_name=Somayaji, mobile_number=7059224101, mobile_number_alt=7040704348, email_id=mahendra.gandhi@yahoo.co.in, email_id_alt=], customer_address=CustomerAddress[flat_number=2483, apartment_name=Gita Corner, street_name=Devi Plains, landmark=Dubashi Walks, area=Sharma Port, pincode=48048, country=India, state=Delhi], customer_product=CustomerProduct[dop=2025-12-06T20:34:29.723858Z, serial_number=929104409757802, imei1=929104409757802, imei2=929104409757802, popurl=www.satyen-singh.net, product_id=1, mst_model_id=1], problems=[Problems[id=20, remark=Non nostrum dolorum et libero ut.], Problems[id=6, remark=Consequatur est ratione neque non.], Problems[id=22, remark=Corrupti rerum libero delectus.]]]]]>
              </value>
            </param>
          </params>
          <reporter-output>
          </reporter-output>
        </test-method> <!-- CreateJobAPITest -->
        <test-method signature="CreateJobAPITest(com.api.request.model.CreateJobPayload)[pri:0, instance:com.api.tests.datadriven.CreateJobAPIFakeDataDrivenTest@1189dd52]" started-at="2025-12-16T20:34:37 GMT" name="CreateJobAPITest" description="Verify if create job api is able to create Inwarranty job" data-provider="CreateJobAPIFakerDataProvider" finished-at="2025-12-16T20:34:38 GMT" duration-ms="950" status="PASS">
          <params>
            <param index="0">
              <value>
                <![CDATA[CreateJobPayload[mst_service_location_id=0, mst_platform_id=2, mst_warrenty_status_id=1, mst_oem_id=1, customer=Customer[first_name=Dinkar, last_name=Singh, mobile_number=7096843991, mobile_number_alt=7055123776, email_id=darshan.asan@yahoo.co.in, email_id_alt=], customer_address=CustomerAddress[flat_number=9981, apartment_name=Gill Vista, street_name=Kaul Burg, landmark=Kaur Parkways, area=Lalita Ridges, pincode=14615, country=India, state=Rajasthan], customer_product=CustomerProduct[dop=2025-12-06T20:34:29.727262Z, serial_number=349966362841326, imei1=349966362841326, imei2=349966362841326, popurl=www.sloka-ahluwalia.info, product_id=1, mst_model_id=1], problems=[Problems[id=22, remark=Totam odio aliquid in.], Problems[id=7, remark=Doloremque laboriosam ullam unde.]]]]]>
              </value>
            </param>
          </params>
          <reporter-output>
          </reporter-output>
        </test-method> <!-- CreateJobAPITest -->
        <test-method signature="CreateJobAPITest(com.api.request.model.CreateJobPayload)[pri:0, instance:com.api.tests.datadriven.CreateJobAPIFakeDataDrivenTest@1189dd52]" started-at="2025-12-16T20:34:37 GMT" name="CreateJobAPITest" description="Verify if create job api is able to create Inwarranty job" data-provider="CreateJobAPIFakerDataProvider" finished-at="2025-12-16T20:34:38 GMT" duration-ms="990" status="PASS">
          <params>
            <param index="0">
              <value>
                <![CDATA[CreateJobPayload[mst_service_location_id=0, mst_platform_id=2, mst_warrenty_status_id=1, mst_oem_id=1, customer=Customer[first_name=Anagh, last_name=Varma, mobile_number=7082233403, mobile_number_alt=7009033353, email_id=avani.malik@gmail.com, email_id_alt=], customer_address=CustomerAddress[flat_number=9718, apartment_name=Digambar Overpass, street_name=Bhoj Rue, landmark=Khatri Path, area=Vasudha Pine, pincode=17178, country=India, state=Uttaranchal], customer_product=CustomerProduct[dop=2025-12-06T20:34:29.729198Z, serial_number=230531474156034, imei1=230531474156034, imei2=230531474156034, popurl=www.ganapati-bhat.co.in, product_id=1, mst_model_id=1], problems=[Problems[id=8, remark=Fuga ut quo.]]]]]>
              </value>
            </param>
          </params>
          <reporter-output>
          </reporter-output>
        </test-method> <!-- CreateJobAPITest -->
        <test-method signature="CreateJobAPITest(com.api.request.model.CreateJobPayload)[pri:0, instance:com.api.tests.datadriven.CreateJobAPIFakeDataDrivenTest@1189dd52]" started-at="2025-12-16T20:34:37 GMT" name="CreateJobAPITest" description="Verify if create job api is able to create Inwarranty job" data-provider="CreateJobAPIFakerDataProvider" finished-at="2025-12-16T20:34:38 GMT" duration-ms="901" status="PASS">
          <params>
            <param index="0">
              <value>
                <![CDATA[CreateJobPayload[mst_service_location_id=0, mst_platform_id=2, mst_warrenty_status_id=1, mst_oem_id=1, customer=Customer[first_name=Gati, last_name=Dhawan, mobile_number=7032302737, mobile_number_alt=7015344917, email_id=chatura.singh@yahoo.co.in, email_id_alt=], customer_address=CustomerAddress[flat_number=7664, apartment_name=Anand Crossing, street_name=Bharadwaj Underpass, landmark=Parvati Route, area=Patil Way, pincode=66621, country=India, state=Karnataka], customer_product=CustomerProduct[dop=2025-12-06T20:34:29.731089Z, serial_number=951619107437041, imei1=951619107437041, imei2=951619107437041, popurl=www.sanya-guneta.in, product_id=1, mst_model_id=1], problems=[Problems[id=4, remark=Nisi molestias atque quae.]]]]]>
              </value>
            </param>
          </params>
          <reporter-output>
          </reporter-output>
        </test-method> <!-- CreateJobAPITest -->
        <test-method signature="CreateJobAPITest(com.api.request.model.CreateJobPayload)[pri:0, instance:com.api.tests.datadriven.CreateJobAPIFakeDataDrivenTest@1189dd52]" started-at="2025-12-16T20:34:37 GMT" name="CreateJobAPITest" description="Verify if create job api is able to create Inwarranty job" data-provider="CreateJobAPIFakerDataProvider" finished-at="2025-12-16T20:34:38 GMT" duration-ms="1017" status="PASS">
          <params>
            <param index="0">
              <value>
                <![CDATA[CreateJobPayload[mst_service_location_id=0, mst_platform_id=2, mst_warrenty_status_id=1, mst_oem_id=1, customer=Customer[first_name=Bhaanumati, last_name=Talwar, mobile_number=7014768486, mobile_number_alt=7036644234, email_id=sanjay.gill@hotmail.com, email_id_alt=], customer_address=CustomerAddress[flat_number=2909, apartment_name=Deeptimoy Manor, street_name=Devar Ports, landmark=Akshayakeerti Meadow, area=Chandrani Causeway, pincode=53090, country=India, state=Sikkim], customer_product=CustomerProduct[dop=2025-12-06T20:34:29.733421Z, serial_number=834314141024610, imei1=834314141024610, imei2=834314141024610, popurl=www.chandraayan-patel.info, product_id=1, mst_model_id=1], problems=[Problems[id=4, remark=Blanditiis porro sit.]]]]]>
              </value>
            </param>
          </params>
          <reporter-output>
          </reporter-output>
        </test-method> <!-- CreateJobAPITest -->
        <test-method signature="CreateJobAPITest(com.api.request.model.CreateJobPayload)[pri:0, instance:com.api.tests.datadriven.CreateJobAPIFakeDataDrivenTest@1189dd52]" started-at="2025-12-16T20:34:37 GMT" name="CreateJobAPITest" description="Verify if create job api is able to create Inwarranty job" data-provider="CreateJobAPIFakerDataProvider" finished-at="2025-12-16T20:34:38 GMT" duration-ms="1040" status="PASS">
          <params>
            <param index="0">
              <value>
                <![CDATA[CreateJobPayload[mst_service_location_id=0, mst_platform_id=2, mst_warrenty_status_id=1, mst_oem_id=1, customer=Customer[first_name=Gaurang, last_name=Kakkar, mobile_number=7031062507, mobile_number_alt=7063121901, email_id=samir.rana@gmail.com, email_id_alt=], customer_address=CustomerAddress[flat_number=1454, apartment_name=Desai Lights, street_name=Gouranga Valley, landmark=Ganaka Groves, area=Purushottam Crossroad, pincode=32295, country=India, state=Maharashtra], customer_product=CustomerProduct[dop=2025-12-06T20:34:29.735296Z, serial_number=231044903413897, imei1=231044903413897, imei2=231044903413897, popurl=www.chandramohan-arora.in, product_id=1, mst_model_id=1], problems=[Problems[id=24, remark=Repellat earum incidunt nam minus velit unde.], Problems[id=9, remark=Animi est aut dignissimos in quae.], Problems[id=12, remark=Impedit itaque est ad accusantium nam debitis.]]]]]>
              </value>
            </param>
          </params>
          <reporter-output>
          </reporter-output>
        </test-method> <!-- CreateJobAPITest -->
        <test-method signature="CreateJobAPITest(com.api.request.model.CreateJobPayload)[pri:0, instance:com.api.tests.datadriven.CreateJobAPIFakeDataDrivenTest@1189dd52]" started-at="2025-12-16T20:34:37 GMT" name="CreateJobAPITest" description="Verify if create job api is able to create Inwarranty job" data-provider="CreateJobAPIFakerDataProvider" finished-at="2025-12-16T20:34:38 GMT" duration-ms="1053" status="PASS">
          <params>
            <param index="0">
              <value>
                <![CDATA[CreateJobPayload[mst_service_location_id=0, mst_platform_id=2, mst_warrenty_status_id=1, mst_oem_id=1, customer=Customer[first_name=Kama, last_name=Gandhi, mobile_number=7036247163, mobile_number_alt=7024198272, email_id=chaitan.verma@gmail.com, email_id_alt=], customer_address=CustomerAddress[flat_number=2943, apartment_name=Soma Dale, street_name=Vasudeva Causeway, landmark=Deeptimoy Forest, area=Iyer Knolls, pincode=39742, country=India, state=Mizoram], customer_product=CustomerProduct[dop=2025-12-06T20:34:29.738321Z, serial_number=770277038278531, imei1=770277038278531, imei2=770277038278531, popurl=www.leela-singh.name, product_id=1, mst_model_id=1], problems=[Problems[id=17, remark=Minima dolores temporibus qui.], Problems[id=8, remark=Doloremque adipisci error blanditiis sunt occaecati sit.]]]]]>
              </value>
            </param>
          </params>
          <reporter-output>
          </reporter-output>
        </test-method> <!-- CreateJobAPITest -->
        <test-method signature="CreateJobAPITest(com.api.request.model.CreateJobPayload)[pri:0, instance:com.api.tests.datadriven.CreateJobAPIFakeDataDrivenTest@1189dd52]" started-at="2025-12-16T20:34:37 GMT" name="CreateJobAPITest" description="Verify if create job api is able to create Inwarranty job" data-provider="CreateJobAPIFakerDataProvider" finished-at="2025-12-16T20:34:38 GMT" duration-ms="1057" status="PASS">
          <params>
            <param index="0">
              <value>
                <![CDATA[CreateJobPayload[mst_service_location_id=0, mst_platform_id=2, mst_warrenty_status_id=1, mst_oem_id=1, customer=Customer[first_name=Ravi, last_name=Gowda, mobile_number=7090122990, mobile_number_alt=7067311467, email_id=bala.patil@yahoo.co.in, email_id_alt=], customer_address=CustomerAddress[flat_number=9058, apartment_name=Goswami Mission, street_name=Gautami Knolls, landmark=Chandrabhan Landing, area=Varman Gateway, pincode=20328, country=India, state=Andaman and Nicobar Islands], customer_product=CustomerProduct[dop=2025-12-06T20:34:29.741854Z, serial_number=156521043185893, imei1=156521043185893, imei2=156521043185893, popurl=www.nagabhushanam-nehru.in, product_id=1, mst_model_id=1], problems=[Problems[id=27, remark=Tempora quod ipsum tempora est aut quibusdam vero.], Problems[id=16, remark=Rerum facere minima et.]]]]]>
              </value>
            </param>
          </params>
          <reporter-output>
          </reporter-output>
        </test-method> <!-- CreateJobAPITest -->
        <test-method signature="CreateJobAPITest(com.api.request.model.CreateJobPayload)[pri:0, instance:com.api.tests.datadriven.CreateJobAPIFakeDataDrivenTest@1189dd52]" started-at="2025-12-16T20:34:37 GMT" name="CreateJobAPITest" description="Verify if create job api is able to create Inwarranty job" data-provider="CreateJobAPIFakerDataProvider" finished-at="2025-12-16T20:34:38 GMT" duration-ms="1078" status="PASS">
          <params>
            <param index="0">
              <value>
                <![CDATA[CreateJobPayload[mst_service_location_id=0, mst_platform_id=2, mst_warrenty_status_id=1, mst_oem_id=1, customer=Customer[first_name=Amish, last_name=Banerjee, mobile_number=7085595057, mobile_number_alt=7036226477, email_id=bhavani.pandey@yahoo.co.in, email_id_alt=], customer_address=CustomerAddress[flat_number=6612, apartment_name=Chaturvedi Springs, street_name=Kakkar Flat, landmark=Adiga Track, area=Mehrotra Hills, pincode=27251, country=India, state=Uttaranchal], customer_product=CustomerProduct[dop=2025-12-06T20:34:29.743370Z, serial_number=913493434021862, imei1=913493434021862, imei2=913493434021862, popurl=www.diksha-kapoor.biz, product_id=1, mst_model_id=1], problems=[Problems[id=3, remark=Eos corporis provident ut et.]]]]]>
              </value>
            </param>
          </params>
          <reporter-output>
          </reporter-output>
        </test-method> <!-- CreateJobAPITest -->
        <test-method signature="CreateJobAPITest(com.api.request.model.CreateJobPayload)[pri:0, instance:com.api.tests.datadriven.CreateJobAPIFakeDataDrivenTest@1189dd52]" started-at="2025-12-16T20:34:37 GMT" name="CreateJobAPITest" description="Verify if create job api is able to create Inwarranty job" data-provider="CreateJobAPIFakerDataProvider" finished-at="2025-12-16T20:34:38 GMT" duration-ms="1069" status="PASS">
          <params>
            <param index="0">
              <value>
                <![CDATA[CreateJobPayload[mst_service_location_id=0, mst_platform_id=2, mst_warrenty_status_id=1, mst_oem_id=1, customer=Customer[first_name=Bhadra, last_name=Nayar, mobile_number=7038242211, mobile_number_alt=7011569783, email_id=dhyanesh.khatri@yahoo.co.in, email_id_alt=], customer_address=CustomerAddress[flat_number=3413, apartment_name=Bhaanumati Ports, street_name=Kiran Isle, landmark=Nehru Court, area=Trisha Inlet, pincode=48244, country=India, state=Andhra Pradesh], customer_product=CustomerProduct[dop=2025-12-06T20:34:29.744846Z, serial_number=522716487982628, imei1=522716487982628, imei2=522716487982628, popurl=www.bhargavi-deshpande.org, product_id=1, mst_model_id=1], problems=[Problems[id=6, remark=Provident earum autem rerum eum ut.], Problems[id=29, remark=Doloremque sed consectetur repudiandae eveniet.], Problems[id=17, remark=Et quaerat illum commodi earum architecto.]]]]]>
              </value>
            </param>
          </params>
          <reporter-output>
          </reporter-output>
        </test-method> <!-- CreateJobAPITest -->
        <test-method signature="CreateJobAPITest(com.api.request.model.CreateJobPayload)[pri:0, instance:com.api.tests.datadriven.CreateJobAPIFakeDataDrivenTest@1189dd52]" started-at="2025-12-16T20:34:38 GMT" name="CreateJobAPITest" description="Verify if create job api is able to create Inwarranty job" data-provider="CreateJobAPIFakerDataProvider" finished-at="2025-12-16T20:34:39 GMT" duration-ms="922" status="PASS">
          <params>
            <param index="0">
              <value>
                <![CDATA[CreateJobPayload[mst_service_location_id=0, mst_platform_id=2, mst_warrenty_status_id=1, mst_oem_id=1, customer=Customer[first_name=Prathamesh, last_name=Bhattathiri, mobile_number=7047143856, mobile_number_alt=7046310326, email_id=pran.guneta@hotmail.com, email_id_alt=], customer_address=CustomerAddress[flat_number=5326, apartment_name=Dhyanesh Ports, street_name=Varman Parkway, landmark=Mangala Court, area=Acaryatanaya Hills, pincode=14898, country=India, state=Jammu and Kashmir], customer_product=CustomerProduct[dop=2025-12-06T20:34:29.759167Z, serial_number=036933278437701, imei1=036933278437701, imei2=036933278437701, popurl=www.dhara-gandhi.in, product_id=1, mst_model_id=1], problems=[Problems[id=8, remark=Ipsam perspiciatis enim maxime.], Problems[id=8, remark=Quod sed odio occaecati eos.], Problems[id=11, remark=Numquam natus enim assumenda ab velit aut.]]]]]>
              </value>
            </param>
          </params>
          <reporter-output>
          </reporter-output>
        </test-method> <!-- CreateJobAPITest -->
        <test-method signature="CreateJobAPITest(com.api.request.model.CreateJobPayload)[pri:0, instance:com.api.tests.datadriven.CreateJobAPIFakeDataDrivenTest@1189dd52]" started-at="2025-12-16T20:34:38 GMT" name="CreateJobAPITest" description="Verify if create job api is able to create Inwarranty job" data-provider="CreateJobAPIFakerDataProvider" finished-at="2025-12-16T20:34:39 GMT" duration-ms="893" status="PASS">
          <params>
            <param index="0">
              <value>
                <![CDATA[CreateJobPayload[mst_service_location_id=0, mst_platform_id=2, mst_warrenty_status_id=1, mst_oem_id=1, customer=Customer[first_name=Jitender, last_name=Guneta, mobile_number=7006438742, mobile_number_alt=7038209840, email_id=balaaditya.kaul@gmail.com, email_id_alt=], customer_address=CustomerAddress[flat_number=7403, apartment_name=Priya Common, street_name=Elakshi Prairie, landmark=Daevi Ville, area=Dayaananda Field, pincode=51158, country=India, state=Tamil Nadu], customer_product=CustomerProduct[dop=2025-12-06T20:34:29.748075Z, serial_number=450760801413418, imei1=450760801413418, imei2=450760801413418, popurl=www.gaurang-bhattacharya.biz, product_id=1, mst_model_id=1], problems=[Problems[id=20, remark=Assumenda est corrupti tenetur necessitatibus quos voluptatum asperiores.], Problems[id=16, remark=Aut et ea ea voluptatum.]]]]]>
              </value>
            </param>
          </params>
          <reporter-output>
          </reporter-output>
        </test-method> <!-- CreateJobAPITest -->
        <test-method signature="CreateJobAPITest(com.api.request.model.CreateJobPayload)[pri:0, instance:com.api.tests.datadriven.CreateJobAPIFakeDataDrivenTest@1189dd52]" started-at="2025-12-16T20:34:38 GMT" name="CreateJobAPITest" description="Verify if create job api is able to create Inwarranty job" data-provider="CreateJobAPIFakerDataProvider" finished-at="2025-12-16T20:34:39 GMT" duration-ms="1001" status="PASS">
          <params>
            <param index="0">
              <value>
                <![CDATA[CreateJobPayload[mst_service_location_id=0, mst_platform_id=2, mst_warrenty_status_id=1, mst_oem_id=1, customer=Customer[first_name=Vinay, last_name=Arora, mobile_number=7086378717, mobile_number_alt=7096072554, email_id=nanda.varrier@gmail.com, email_id_alt=], customer_address=CustomerAddress[flat_number=5689, apartment_name=Bhattacharya Island, street_name=Chandini Ford, landmark=Achintya Pines, area=Shresthi Bypass, pincode=65483, country=India, state=Manipur], customer_product=CustomerProduct[dop=2025-12-06T20:34:29.761319Z, serial_number=115257786091234, imei1=115257786091234, imei2=115257786091234, popurl=www.dandapaani-kocchar.net, product_id=1, mst_model_id=1], problems=[Problems[id=2, remark=Ut quo rerum.]]]]]>
              </value>
            </param>
          </params>
          <reporter-output>
          </reporter-output>
        </test-method> <!-- CreateJobAPITest -->
        <test-method signature="CreateJobAPITest(com.api.request.model.CreateJobPayload)[pri:0, instance:com.api.tests.datadriven.CreateJobAPIFakeDataDrivenTest@1189dd52]" started-at="2025-12-16T20:34:38 GMT" name="CreateJobAPITest" description="Verify if create job api is able to create Inwarranty job" data-provider="CreateJobAPIFakerDataProvider" finished-at="2025-12-16T20:34:39 GMT" duration-ms="960" status="PASS">
          <params>
            <param index="0">
              <value>
                <![CDATA[CreateJobPayload[mst_service_location_id=0, mst_platform_id=2, mst_warrenty_status_id=1, mst_oem_id=1, customer=Customer[first_name=Anusuya, last_name=Iyengar, mobile_number=7037921163, mobile_number_alt=7032966995, email_id=ranjit.nair@hotmail.com, email_id_alt=], customer_address=CustomerAddress[flat_number=9453, apartment_name=Banerjee Rapids, street_name=Krishna Crescent, landmark=Adiga Fort, area=Tagore Glens, pincode=81588, country=India, state=Madya Pradesh], customer_product=CustomerProduct[dop=2025-12-06T20:34:29.762606Z, serial_number=140584450884866, imei1=140584450884866, imei2=140584450884866, popurl=www.preity-pilla.name, product_id=1, mst_model_id=1], problems=[Problems[id=3, remark=Qui vitae omnis quod et.], Problems[id=11, remark=Non reprehenderit fuga suscipit aut iure iure.], Problems[id=7, remark=Excepturi est quae minus consectetur.]]]]]>
              </value>
            </param>
          </params>
          <reporter-output>
          </reporter-output>
        </test-method> <!-- CreateJobAPITest -->
        <test-method signature="CreateJobAPITest(com.api.request.model.CreateJobPayload)[pri:0, instance:com.api.tests.datadriven.CreateJobAPIFakeDataDrivenTest@1189dd52]" started-at="2025-12-16T20:34:38 GMT" name="CreateJobAPITest" description="Verify if create job api is able to create Inwarranty job" data-provider="CreateJobAPIFakerDataProvider" finished-at="2025-12-16T20:34:39 GMT" duration-ms="950" status="PASS">
          <params>
            <param index="0">
              <value>
                <![CDATA[CreateJobPayload[mst_service_location_id=0, mst_platform_id=2, mst_warrenty_status_id=1, mst_oem_id=1, customer=Customer[first_name=Gudakesa, last_name=Kakkar, mobile_number=7029674790, mobile_number_alt=7083531639, email_id=urmila.chaturvedi@yahoo.co.in, email_id_alt=], customer_address=CustomerAddress[flat_number=1535, apartment_name=Guneta Via, street_name=Kanaka Land, landmark=Bharadwaj Hill, area=Shashi Parkway, pincode=57871, country=India, state=Jammu and Kashmir], customer_product=CustomerProduct[dop=2025-12-06T20:34:29.763889Z, serial_number=264667175189084, imei1=264667175189084, imei2=264667175189084, popurl=www.gajbaahu-nehru.com, product_id=1, mst_model_id=1], problems=[Problems[id=28, remark=Consequatur veritatis qui iste.], Problems[id=15, remark=Aliquid voluptatibus et magnam.]]]]]>
              </value>
            </param>
          </params>
          <reporter-output>
          </reporter-output>
        </test-method> <!-- CreateJobAPITest -->
        <test-method signature="CreateJobAPITest(com.api.request.model.CreateJobPayload)[pri:0, instance:com.api.tests.datadriven.CreateJobAPIFakeDataDrivenTest@1189dd52]" started-at="2025-12-16T20:34:38 GMT" name="CreateJobAPITest" description="Verify if create job api is able to create Inwarranty job" data-provider="CreateJobAPIFakerDataProvider" finished-at="2025-12-16T20:34:39 GMT" duration-ms="1179" status="PASS">
          <params>
            <param index="0">
              <value>
                <![CDATA[CreateJobPayload[mst_service_location_id=0, mst_platform_id=2, mst_warrenty_status_id=1, mst_oem_id=1, customer=Customer[first_name=Radha, last_name=Mehra, mobile_number=7094323216, mobile_number_alt=7048996779, email_id=guru.nair@yahoo.co.in, email_id_alt=], customer_address=CustomerAddress[flat_number=9530, apartment_name=Bhooshit Fall, street_name=Devar Wells, landmark=Patil Prairie, area=Kiran Villages, pincode=07260, country=India, state=Punjab], customer_product=CustomerProduct[dop=2025-12-06T20:34:29.765371Z, serial_number=343042332320330, imei1=343042332320330, imei2=343042332320330, popurl=www.chakradhar-butt.co.in, product_id=1, mst_model_id=1], problems=[Problems[id=10, remark=Esse repellendus debitis.]]]]]>
              </value>
            </param>
          </params>
          <reporter-output>
          </reporter-output>
        </test-method> <!-- CreateJobAPITest -->
        <test-method signature="CreateJobAPITest(com.api.request.model.CreateJobPayload)[pri:0, instance:com.api.tests.datadriven.CreateJobAPIFakeDataDrivenTest@1189dd52]" started-at="2025-12-16T20:34:38 GMT" name="CreateJobAPITest" description="Verify if create job api is able to create Inwarranty job" data-provider="CreateJobAPIFakerDataProvider" finished-at="2025-12-16T20:34:39 GMT" duration-ms="1104" status="PASS">
          <params>
            <param index="0">
              <value>
                <![CDATA[CreateJobPayload[mst_service_location_id=0, mst_platform_id=2, mst_warrenty_status_id=1, mst_oem_id=1, customer=Customer[first_name=Gajbaahu, last_name=Abbott, mobile_number=7067645586, mobile_number_alt=7072915096, email_id=bilva.dhawan@hotmail.com, email_id_alt=], customer_address=CustomerAddress[flat_number=2837, apartment_name=Naval Island, street_name=Dinkar Harbor, landmark=Naik Highway, area=Rameshwar Islands, pincode=36521, country=India, state=Uttar Pradesh], customer_product=CustomerProduct[dop=2025-12-06T20:34:29.766351Z, serial_number=685508022804647, imei1=685508022804647, imei2=685508022804647, popurl=www.anuja-johar.info, product_id=1, mst_model_id=1], problems=[Problems[id=16, remark=Necessitatibus aut quibusdam maxime dolor consequatur tempore vitae.], Problems[id=8, remark=Enim non provident recusandae vero quo et.]]]]]>
              </value>
            </param>
          </params>
          <reporter-output>
          </reporter-output>
        </test-method> <!-- CreateJobAPITest -->
        <test-method signature="CreateJobAPITest(com.api.request.model.CreateJobPayload)[pri:0, instance:com.api.tests.datadriven.CreateJobAPIFakeDataDrivenTest@1189dd52]" started-at="2025-12-16T20:34:38 GMT" name="CreateJobAPITest" description="Verify if create job api is able to create Inwarranty job" data-provider="CreateJobAPIFakerDataProvider" finished-at="2025-12-16T20:34:39 GMT" duration-ms="1046" status="PASS">
          <params>
            <param index="0">
              <value>
                <![CDATA[CreateJobPayload[mst_service_location_id=0, mst_platform_id=2, mst_warrenty_status_id=1, mst_oem_id=1, customer=Customer[first_name=Dwaipayan, last_name=Nair, mobile_number=7071707268, mobile_number_alt=7048546607, email_id=ekalavya.ganaka@yahoo.co.in, email_id_alt=], customer_address=CustomerAddress[flat_number=6476, apartment_name=Menon Lane, street_name=Mukul Light, landmark=Chandradev Place, area=Tejas Stream, pincode=43453, country=India, state=Mizoram], customer_product=CustomerProduct[dop=2025-12-06T20:34:29.767744Z, serial_number=919747743987897, imei1=919747743987897, imei2=919747743987897, popurl=www.chaitan-tandon.net, product_id=1, mst_model_id=1], problems=[Problems[id=28, remark=Accusamus provident facilis.], Problems[id=3, remark=Labore voluptas natus velit earum nemo.], Problems[id=29, remark=Sunt cupiditate a ut.]]]]]>
              </value>
            </param>
          </params>
          <reporter-output>
          </reporter-output>
        </test-method> <!-- CreateJobAPITest -->
        <test-method signature="CreateJobAPITest(com.api.request.model.CreateJobPayload)[pri:0, instance:com.api.tests.datadriven.CreateJobAPIFakeDataDrivenTest@1189dd52]" started-at="2025-12-16T20:34:38 GMT" name="CreateJobAPITest" description="Verify if create job api is able to create Inwarranty job" data-provider="CreateJobAPIFakerDataProvider" finished-at="2025-12-16T20:34:39 GMT" duration-ms="1076" status="PASS">
          <params>
            <param index="0">
              <value>
                <![CDATA[CreateJobPayload[mst_service_location_id=0, mst_platform_id=2, mst_warrenty_status_id=1, mst_oem_id=1, customer=Customer[first_name=Aadinath, last_name=Bandopadhyay, mobile_number=7014100765, mobile_number_alt=7021023721, email_id=gemine.marar@yahoo.co.in, email_id_alt=], customer_address=CustomerAddress[flat_number=0499, apartment_name=Kaniyar Wall, street_name=Amarnath Drive, landmark=Anurag Squares, area=Ashlesh Grove, pincode=95177, country=India, state=Pondicherry], customer_product=CustomerProduct[dop=2025-12-06T20:34:29.769354Z, serial_number=456503788298811, imei1=456503788298811, imei2=456503788298811, popurl=www.bala-kaur.in, product_id=1, mst_model_id=1], problems=[Problems[id=1, remark=Et omnis iure nihil sed aperiam.], Problems[id=16, remark=Qui eos eius minima nostrum reiciendis.]]]]]>
              </value>
            </param>
          </params>
          <reporter-output>
          </reporter-output>
        </test-method> <!-- CreateJobAPITest -->
        <test-method signature="CreateJobAPITest(com.api.request.model.CreateJobPayload)[pri:0, instance:com.api.tests.datadriven.CreateJobAPIFakeDataDrivenTest@1189dd52]" started-at="2025-12-16T20:34:38 GMT" name="CreateJobAPITest" description="Verify if create job api is able to create Inwarranty job" data-provider="CreateJobAPIFakerDataProvider" finished-at="2025-12-16T20:34:39 GMT" duration-ms="1126" status="PASS">
          <params>
            <param index="0">
              <value>
                <![CDATA[CreateJobPayload[mst_service_location_id=0, mst_platform_id=2, mst_warrenty_status_id=1, mst_oem_id=1, customer=Customer[first_name=Naval, last_name=Sinha, mobile_number=7002271416, mobile_number_alt=7039883883, email_id=deeptimay.mishra@yahoo.co.in, email_id_alt=], customer_address=CustomerAddress[flat_number=8509, apartment_name=Patil Avenue, street_name=Bhupen Extension, landmark=Jain Crest, area=Chopra Prairie, pincode=30904, country=India, state=Meghalaya], customer_product=CustomerProduct[dop=2025-12-06T20:34:29.771369Z, serial_number=081945446665953, imei1=081945446665953, imei2=081945446665953, popurl=www.goswami-devar.name, product_id=1, mst_model_id=1], problems=[Problems[id=16, remark=Saepe maiores sit enim consectetur voluptatum aut labore.], Problems[id=11, remark=Voluptatem dolorum ut id.]]]]]>
              </value>
            </param>
          </params>
          <reporter-output>
          </reporter-output>
        </test-method> <!-- CreateJobAPITest -->
        <test-method signature="CreateJobAPITest(com.api.request.model.CreateJobPayload)[pri:0, instance:com.api.tests.datadriven.CreateJobAPIFakeDataDrivenTest@1189dd52]" started-at="2025-12-16T20:34:39 GMT" name="CreateJobAPITest" description="Verify if create job api is able to create Inwarranty job" data-provider="CreateJobAPIFakerDataProvider" finished-at="2025-12-16T20:34:40 GMT" duration-ms="963" status="PASS">
          <params>
            <param index="0">
              <value>
                <![CDATA[CreateJobPayload[mst_service_location_id=0, mst_platform_id=2, mst_warrenty_status_id=1, mst_oem_id=1, customer=Customer[first_name=Ananda, last_name=Bandopadhyay, mobile_number=7059079354, mobile_number_alt=7017964107, email_id=adhrit.verma@yahoo.co.in, email_id_alt=], customer_address=CustomerAddress[flat_number=7021, apartment_name=Tagore Estate, street_name=Singh Turnpike, landmark=Achari Centers, area=Aayushmaan Haven, pincode=58505, country=India, state=Tamil Nadu], customer_product=CustomerProduct[dop=2025-12-06T20:34:29.772624Z, serial_number=312204580520573, imei1=312204580520573, imei2=312204580520573, popurl=www.ujjawal-dhawan.org, product_id=1, mst_model_id=1], problems=[Problems[id=17, remark=Enim molestias non cum veniam.], Problems[id=4, remark=Nemo labore quas deleniti non ad.], Problems[id=15, remark=Consequatur voluptates quam reprehenderit facilis.]]]]]>
              </value>
            </param>
          </params>
          <reporter-output>
          </reporter-output>
        </test-method> <!-- CreateJobAPITest -->
        <test-method signature="CreateJobAPITest(com.api.request.model.CreateJobPayload)[pri:0, instance:com.api.tests.datadriven.CreateJobAPIFakeDataDrivenTest@1189dd52]" started-at="2025-12-16T20:34:39 GMT" name="CreateJobAPITest" description="Verify if create job api is able to create Inwarranty job" data-provider="CreateJobAPIFakerDataProvider" finished-at="2025-12-16T20:34:40 GMT" duration-ms="1010" status="PASS">
          <params>
            <param index="0">
              <value>
                <![CDATA[CreateJobPayload[mst_service_location_id=0, mst_platform_id=2, mst_warrenty_status_id=1, mst_oem_id=1, customer=Customer[first_name=Sanjay, last_name=Khanna, mobile_number=7090290945, mobile_number_alt=7071654048, email_id=vaishnavi.dutta@gmail.com, email_id_alt=], customer_address=CustomerAddress[flat_number=3963, apartment_name=Aaryan Lane, street_name=Shanti Mountains, landmark=Digambara Lodge, area=Chattopadhyay Squares, pincode=98083, country=India, state=Haryana], customer_product=CustomerProduct[dop=2025-12-06T20:34:29.774555Z, serial_number=361850075227692, imei1=361850075227692, imei2=361850075227692, popurl=www.arun-menon.info, product_id=1, mst_model_id=1], problems=[Problems[id=15, remark=Non mollitia architecto omnis consequatur quia ipsam magnam.]]]]]>
              </value>
            </param>
          </params>
          <reporter-output>
          </reporter-output>
        </test-method> <!-- CreateJobAPITest -->
        <test-method signature="CreateJobAPITest(com.api.request.model.CreateJobPayload)[pri:0, instance:com.api.tests.datadriven.CreateJobAPIFakeDataDrivenTest@1189dd52]" started-at="2025-12-16T20:34:39 GMT" name="CreateJobAPITest" description="Verify if create job api is able to create Inwarranty job" data-provider="CreateJobAPIFakerDataProvider" finished-at="2025-12-16T20:34:40 GMT" duration-ms="960" status="PASS">
          <params>
            <param index="0">
              <value>
                <![CDATA[CreateJobPayload[mst_service_location_id=0, mst_platform_id=2, mst_warrenty_status_id=1, mst_oem_id=1, customer=Customer[first_name=Anand, last_name=Iyengar, mobile_number=7035064627, mobile_number_alt=7053912422, email_id=nalini.sharma@gmail.com, email_id_alt=], customer_address=CustomerAddress[flat_number=9321, apartment_name=Nanda Spring, street_name=Pillai Squares, landmark=Aditeya Curve, area=Vyas Drives, pincode=87178, country=India, state=Orissa], customer_product=CustomerProduct[dop=2025-12-06T20:34:29.775864Z, serial_number=953553816316821, imei1=953553816316821, imei2=953553816316821, popurl=www.bhuvaneshwar-mukhopadhyay.biz, product_id=1, mst_model_id=1], problems=[Problems[id=3, remark=Ut aut eum ut at eligendi facilis.], Problems[id=1, remark=Officia vitae similique et quam in.]]]]]>
              </value>
            </param>
          </params>
          <reporter-output>
          </reporter-output>
        </test-method> <!-- CreateJobAPITest -->
        <test-method signature="CreateJobAPITest(com.api.request.model.CreateJobPayload)[pri:0, instance:com.api.tests.datadriven.CreateJobAPIFakeDataDrivenTest@1189dd52]" started-at="2025-12-16T20:34:39 GMT" name="CreateJobAPITest" description="Verify if create job api is able to create Inwarranty job" data-provider="CreateJobAPIFakerDataProvider" finished-at="2025-12-16T20:34:40 GMT" duration-ms="914" status="PASS">
          <params>
            <param index="0">
              <value>
                <![CDATA[CreateJobPayload[mst_service_location_id=0, mst_platform_id=2, mst_warrenty_status_id=1, mst_oem_id=1, customer=Customer[first_name=Shakuntala, last_name=Abbott, mobile_number=7010832769, mobile_number_alt=7089109053, email_id=atreyi.dhawan@gmail.com, email_id_alt=], customer_address=CustomerAddress[flat_number=6081, apartment_name=Akshayakeerti Gardens, street_name=Shukla Vista, landmark=Jaimini View, area=Bela Crossing, pincode=09121, country=India, state=Lakshadweep], customer_product=CustomerProduct[dop=2025-12-06T20:34:29.777235Z, serial_number=667938323581678, imei1=667938323581678, imei2=667938323581678, popurl=www.bhadrak-nambeesan.net, product_id=1, mst_model_id=1], problems=[Problems[id=16, remark=Possimus velit et dignissimos recusandae voluptas.]]]]]>
              </value>
            </param>
          </params>
          <reporter-output>
          </reporter-output>
        </test-method> <!-- CreateJobAPITest -->
        <test-method signature="CreateJobAPITest(com.api.request.model.CreateJobPayload)[pri:0, instance:com.api.tests.datadriven.CreateJobAPIFakeDataDrivenTest@1189dd52]" started-at="2025-12-16T20:34:39 GMT" name="CreateJobAPITest" description="Verify if create job api is able to create Inwarranty job" data-provider="CreateJobAPIFakerDataProvider" finished-at="2025-12-16T20:34:40 GMT" duration-ms="975" status="PASS">
          <params>
            <param index="0">
              <value>
                <![CDATA[CreateJobPayload[mst_service_location_id=0, mst_platform_id=2, mst_warrenty_status_id=1, mst_oem_id=1, customer=Customer[first_name=Shankar, last_name=Mahajan, mobile_number=7096659116, mobile_number_alt=7087201418, email_id=ranjeet.gowda@hotmail.com, email_id_alt=], customer_address=CustomerAddress[flat_number=7261, apartment_name=Khan Brook, street_name=Bhargava Square, landmark=Balagopal Locks, area=Nair Fort, pincode=96172, country=India, state=Daman and Diu], customer_product=CustomerProduct[dop=2025-12-06T20:34:29.778228Z, serial_number=816312877816363, imei1=816312877816363, imei2=816312877816363, popurl=www.agnimitra-kakkar.com, product_id=1, mst_model_id=1], problems=[Problems[id=15, remark=Saepe asperiores modi aliquid dolor explicabo sed repudiandae.]]]]]>
              </value>
            </param>
          </params>
          <reporter-output>
          </reporter-output>
        </test-method> <!-- CreateJobAPITest -->
        <test-method signature="CreateJobAPITest(com.api.request.model.CreateJobPayload)[pri:0, instance:com.api.tests.datadriven.CreateJobAPIFakeDataDrivenTest@1189dd52]" started-at="2025-12-16T20:34:39 GMT" name="CreateJobAPITest" description="Verify if create job api is able to create Inwarranty job" data-provider="CreateJobAPIFakerDataProvider" finished-at="2025-12-16T20:34:40 GMT" duration-ms="971" status="PASS">
          <params>
            <param index="0">
              <value>
                <![CDATA[CreateJobPayload[mst_service_location_id=0, mst_platform_id=2, mst_warrenty_status_id=1, mst_oem_id=1, customer=Customer[first_name=Chandramohan, last_name=Tagore, mobile_number=7043075677, mobile_number_alt=7035638938, email_id=ganesh.kaur@hotmail.com, email_id_alt=], customer_address=CustomerAddress[flat_number=3571, apartment_name=Mahajan Radial, street_name=Abhaidev Run, landmark=Meghnad Prairie, area=Asan Path, pincode=69605, country=India, state=Chhattisgarh], customer_product=CustomerProduct[dop=2025-12-06T20:34:29.779137Z, serial_number=839008584836190, imei1=839008584836190, imei2=839008584836190, popurl=www.opaline-dhawan.org, product_id=1, mst_model_id=1], problems=[Problems[id=11, remark=Nostrum dolore voluptate.], Problems[id=9, remark=Doloribus quo voluptatem dolor.], Problems[id=2, remark=Dolor qui soluta qui ducimus odio facilis.]]]]]>
              </value>
            </param>
          </params>
          <reporter-output>
          </reporter-output>
        </test-method> <!-- CreateJobAPITest -->
        <test-method signature="CreateJobAPITest(com.api.request.model.CreateJobPayload)[pri:0, instance:com.api.tests.datadriven.CreateJobAPIFakeDataDrivenTest@1189dd52]" started-at="2025-12-16T20:34:39 GMT" name="CreateJobAPITest" description="Verify if create job api is able to create Inwarranty job" data-provider="CreateJobAPIFakerDataProvider" finished-at="2025-12-16T20:34:40 GMT" duration-ms="1119" status="PASS">
          <params>
            <param index="0">
              <value>
                <![CDATA[CreateJobPayload[mst_service_location_id=0, mst_platform_id=2, mst_warrenty_status_id=1, mst_oem_id=1, customer=Customer[first_name=Brajendra, last_name=Jha, mobile_number=7084143119, mobile_number_alt=7034262317, email_id=kannen.achari@gmail.com, email_id_alt=], customer_address=CustomerAddress[flat_number=2314, apartment_name=Johar Ramp, street_name=Aadrika Trafficway, landmark=Ahuja Well, area=Bhattacharya Path, pincode=15036, country=India, state=Delhi], customer_product=CustomerProduct[dop=2025-12-06T20:34:29.779982Z, serial_number=578740138569467, imei1=578740138569467, imei2=578740138569467, popurl=www.dhruv-butt.net, product_id=1, mst_model_id=1], problems=[Problems[id=27, remark=Corporis cum quidem id quia.], Problems[id=2, remark=Dolores et id aut maxime tempora reprehenderit quia.]]]]]>
              </value>
            </param>
          </params>
          <reporter-output>
          </reporter-output>
        </test-method> <!-- CreateJobAPITest -->
        <test-method signature="CreateJobAPITest(com.api.request.model.CreateJobPayload)[pri:0, instance:com.api.tests.datadriven.CreateJobAPIFakeDataDrivenTest@1189dd52]" started-at="2025-12-16T20:34:39 GMT" name="CreateJobAPITest" description="Verify if create job api is able to create Inwarranty job" data-provider="CreateJobAPIFakerDataProvider" finished-at="2025-12-16T20:34:40 GMT" duration-ms="901" status="PASS">
          <params>
            <param index="0">
              <value>
                <![CDATA[CreateJobPayload[mst_service_location_id=0, mst_platform_id=2, mst_warrenty_status_id=1, mst_oem_id=1, customer=Customer[first_name=Manisha, last_name=Chopra, mobile_number=7055702773, mobile_number_alt=7073763615, email_id=avadhesh.nair@yahoo.co.in, email_id_alt=], customer_address=CustomerAddress[flat_number=3883, apartment_name=Kapoor Streets, street_name=Chatura Camp, landmark=Param Plaza, area=Dipendra Unions, pincode=09536, country=India, state=Arunachal Pradesh], customer_product=CustomerProduct[dop=2025-12-06T20:34:29.781646Z, serial_number=020983402451398, imei1=020983402451398, imei2=020983402451398, popurl=www.bakula-kocchar.net, product_id=1, mst_model_id=1], problems=[Problems[id=11, remark=Et quia necessitatibus maxime fugiat officia.]]]]]>
              </value>
            </param>
          </params>
          <reporter-output>
          </reporter-output>
        </test-method> <!-- CreateJobAPITest -->
        <test-method signature="CreateJobAPITest(com.api.request.model.CreateJobPayload)[pri:0, instance:com.api.tests.datadriven.CreateJobAPIFakeDataDrivenTest@1189dd52]" started-at="2025-12-16T20:34:39 GMT" name="CreateJobAPITest" description="Verify if create job api is able to create Inwarranty job" data-provider="CreateJobAPIFakerDataProvider" finished-at="2025-12-16T20:34:40 GMT" duration-ms="947" status="PASS">
          <params>
            <param index="0">
              <value>
                <![CDATA[CreateJobPayload[mst_service_location_id=0, mst_platform_id=2, mst_warrenty_status_id=1, mst_oem_id=1, customer=Customer[first_name=Chakravartee, last_name=Chattopadhyay, mobile_number=7053953522, mobile_number_alt=7027172439, email_id=anjushri.nayar@gmail.com, email_id_alt=], customer_address=CustomerAddress[flat_number=9120, apartment_name=Guha Ranch, street_name=Brahmaanand Canyon, landmark=Kaniyar Shore, area=Kocchar Freeway, pincode=55669, country=India, state=Madya Pradesh], customer_product=CustomerProduct[dop=2025-12-06T20:34:29.782573Z, serial_number=138877786893613, imei1=138877786893613, imei2=138877786893613, popurl=www.sheela-arora.info, product_id=1, mst_model_id=1], problems=[Problems[id=28, remark=Aperiam nemo ipsum eveniet est nesciunt fuga eaque.]]]]]>
              </value>
            </param>
          </params>
          <reporter-output>
          </reporter-output>
        </test-method> <!-- CreateJobAPITest -->
        <test-method signature="CreateJobAPITest(com.api.request.model.CreateJobPayload)[pri:0, instance:com.api.tests.datadriven.CreateJobAPIFakeDataDrivenTest@1189dd52]" started-at="2025-12-16T20:34:39 GMT" name="CreateJobAPITest" description="Verify if create job api is able to create Inwarranty job" data-provider="CreateJobAPIFakerDataProvider" finished-at="2025-12-16T20:34:40 GMT" duration-ms="995" status="PASS">
          <params>
            <param index="0">
              <value>
                <![CDATA[CreateJobPayload[mst_service_location_id=0, mst_platform_id=2, mst_warrenty_status_id=1, mst_oem_id=1, customer=Customer[first_name=Balachandra, last_name=Deshpande, mobile_number=7001445445, mobile_number_alt=7019096696, email_id=tejas.kaniyar@hotmail.com, email_id_alt=], customer_address=CustomerAddress[flat_number=1673, apartment_name=Bhupati Trail, street_name=Manisha Harbor, landmark=Trilochana Court, area=Prajapat Ports, pincode=52050, country=India, state=Lakshadweep], customer_product=CustomerProduct[dop=2025-12-06T20:34:29.786775Z, serial_number=141420427772108, imei1=141420427772108, imei2=141420427772108, popurl=www.deependra-sethi.info, product_id=1, mst_model_id=1], problems=[Problems[id=24, remark=Veritatis consequatur quidem sint quod.], Problems[id=26, remark=Quia eos dolorem voluptatibus omnis molestiae voluptatem et.], Problems[id=4, remark=Est vel commodi sed quia dolor.]]]]]>
              </value>
            </param>
          </params>
          <reporter-output>
          </reporter-output>
        </test-method> <!-- CreateJobAPITest -->
        <test-method signature="CreateJobAPITest(com.api.request.model.CreateJobPayload)[pri:0, instance:com.api.tests.datadriven.CreateJobAPIFakeDataDrivenTest@1189dd52]" started-at="2025-12-16T20:34:40 GMT" name="CreateJobAPITest" description="Verify if create job api is able to create Inwarranty job" data-provider="CreateJobAPIFakerDataProvider" finished-at="2025-12-16T20:34:41 GMT" duration-ms="908" status="PASS">
          <params>
            <param index="0">
              <value>
                <![CDATA[CreateJobPayload[mst_service_location_id=0, mst_platform_id=2, mst_warrenty_status_id=1, mst_oem_id=1, customer=Customer[first_name=Ganak, last_name=Joshi, mobile_number=7079387136, mobile_number_alt=7014554453, email_id=chidaatma.achari@yahoo.co.in, email_id_alt=], customer_address=CustomerAddress[flat_number=0906, apartment_name=Diptendu Extension, street_name=Chakrika Burg, landmark=Daksha Square, area=Sucheta Rest, pincode=54809, country=India, state=Lakshadweep], customer_product=CustomerProduct[dop=2025-12-06T20:34:29.788837Z, serial_number=332182040155629, imei1=332182040155629, imei2=332182040155629, popurl=www.triloki nath-somayaji.net, product_id=1, mst_model_id=1], problems=[Problems[id=5, remark=At veritatis culpa et qui laboriosam.], Problems[id=24, remark=Et ut sequi.], Problems[id=8, remark=Hic quis minima.]]]]]>
              </value>
            </param>
          </params>
          <reporter-output>
          </reporter-output>
        </test-method> <!-- CreateJobAPITest -->
        <test-method signature="CreateJobAPITest(com.api.request.model.CreateJobPayload)[pri:0, instance:com.api.tests.datadriven.CreateJobAPIFakeDataDrivenTest@1189dd52]" started-at="2025-12-16T20:34:40 GMT" name="CreateJobAPITest" description="Verify if create job api is able to create Inwarranty job" data-provider="CreateJobAPIFakerDataProvider" finished-at="2025-12-16T20:34:41 GMT" duration-ms="927" status="PASS">
          <params>
            <param index="0">
              <value>
                <![CDATA[CreateJobPayload[mst_service_location_id=0, mst_platform_id=2, mst_warrenty_status_id=1, mst_oem_id=1, customer=Customer[first_name=Hiranmay, last_name=Butt, mobile_number=7060212510, mobile_number_alt=7021471866, email_id=anjushri.desai@gmail.com, email_id_alt=], customer_address=CustomerAddress[flat_number=4421, apartment_name=Deeptimoyee Ridges, street_name=Iyengar Meadow, landmark=Adripathi Falls, area=Devar Port, pincode=81019, country=India, state=Tamil Nadu], customer_product=CustomerProduct[dop=2025-12-06T20:34:29.790998Z, serial_number=973482639210786, imei1=973482639210786, imei2=973482639210786, popurl=www.chandini-patel.name, product_id=1, mst_model_id=1], problems=[Problems[id=2, remark=Non dolorem aspernatur.], Problems[id=26, remark=Dolores mollitia iure ipsa et ratione.], Problems[id=11, remark=Dolorem quia dolorem ipsum in earum.]]]]]>
[...]
              </value>
            </param>
          </params>
          <reporter-output>
          </reporter-output>
        </test-method> <!-- CreateJobAPITest -->
        <test-method signature="CreateJobAPITest(com.api.request.model.CreateJobPayload)[pri:0, instance:com.api.tests.datadriven.CreateJobAPIFakeDataDrivenTest@1189dd52]" started-at="2025-12-16T20:34:43 GMT" name="CreateJobAPITest" description="Verify if create job api is able to create Inwarranty job" data-provider="CreateJobAPIFakerDataProvider" finished-at="2025-12-16T20:34:44 GMT" duration-ms="1042" status="PASS">
          <params>
            <param index="0">
              <value>
                <![CDATA[CreateJobPayload[mst_service_location_id=0, mst_platform_id=2, mst_warrenty_status_id=1, mst_oem_id=1, customer=Customer[first_name=Sharmila, last_name=Mahajan, mobile_number=7073040444, mobile_number_alt=7085442065, email_id=bhooshit.iyer@yahoo.co.in, email_id_alt=], customer_address=CustomerAddress[flat_number=9715, apartment_name=Iyengar Walks, street_name=Himani Inlet, landmark=Elakshi Gardens, area=Varman Track, pincode=32828, country=India, state=Haryana], customer_product=CustomerProduct[dop=2025-12-06T20:34:29.843983Z, serial_number=772993860327392, imei1=772993860327392, imei2=772993860327392, popurl=www.dron-malik.name, product_id=1, mst_model_id=1], problems=[Problems[id=5, remark=Quos veniam quam.], Problems[id=22, remark=Quo porro quod.], Problems[id=22, remark=Repellat excepturi itaque aut.]]]]]>
              </value>
            </param>
          </params>
          <reporter-output>
          </reporter-output>
        </test-method> <!-- CreateJobAPITest -->
        <test-method signature="CreateJobAPITest(com.api.request.model.CreateJobPayload)[pri:0, instance:com.api.tests.datadriven.CreateJobAPIFakeDataDrivenTest@1189dd52]" started-at="2025-12-16T20:34:43 GMT" name="CreateJobAPITest" description="Verify if create job api is able to create Inwarranty job" data-provider="CreateJobAPIFakerDataProvider" finished-at="2025-12-16T20:34:44 GMT" duration-ms="872" status="PASS">
          <params>
            <param index="0">
              <value>
                <![CDATA[CreateJobPayload[mst_service_location_id=0, mst_platform_id=2, mst_warrenty_status_id=1, mst_oem_id=1, customer=Customer[first_name=Radha, last_name=Bhat, mobile_number=7046667699, mobile_number_alt=7007505266, email_id=dhyaneshwar.mishra@gmail.com, email_id_alt=], customer_address=CustomerAddress[flat_number=8712, apartment_name=Gopi Ville, street_name=Ananta Spring, landmark=Kin Summit, area=Devesh Harbor, pincode=31457, country=India, state=Andaman and Nicobar Islands], customer_product=CustomerProduct[dop=2025-12-06T20:34:29.844834Z, serial_number=215444249053020, imei1=215444249053020, imei2=215444249053020, popurl=www.archan-shah.com, product_id=1, mst_model_id=1], problems=[Problems[id=6, remark=Alias et quibusdam.]]]]]>
              </value>
            </param>
          </params>
          <reporter-output>
          </reporter-output>
        </test-method> <!-- CreateJobAPITest -->
        <test-method signature="CreateJobAPITest(com.api.request.model.CreateJobPayload)[pri:0, instance:com.api.tests.datadriven.CreateJobAPIFakeDataDrivenTest@1189dd52]" started-at="2025-12-16T20:34:43 GMT" name="CreateJobAPITest" description="Verify if create job api is able to create Inwarranty job" data-provider="CreateJobAPIFakerDataProvider" finished-at="2025-12-16T20:34:44 GMT" duration-ms="1041" status="PASS">
          <params>
            <param index="0">
              <value>
                <![CDATA[CreateJobPayload[mst_service_location_id=0, mst_platform_id=2, mst_warrenty_status_id=1, mst_oem_id=1, customer=Customer[first_name=Suryakanta, last_name=Dhawan, mobile_number=7092735648, mobile_number_alt=7063214876, email_id=bhavani.devar@hotmail.com, email_id_alt=], customer_address=CustomerAddress[flat_number=5363, apartment_name=Chandini Fort, street_name=Kocchar Coves, landmark=Ashlesh Flats, area=Ananda Mills, pincode=05214, country=India, state=Daman and Diu], customer_product=CustomerProduct[dop=2025-12-06T20:34:29.850354Z, serial_number=841412832295079, imei1=841412832295079, imei2=841412832295079, popurl=www.jaimini-khatri.name, product_id=1, mst_model_id=1], problems=[Problems[id=8, remark=Et itaque quos maiores.], Problems[id=1, remark=Nulla est repellat vel exercitationem voluptatum atque molestiae.]]]]]>
              </value>
            </param>
          </params>
          <reporter-output>
          </reporter-output>
        </test-method> <!-- CreateJobAPITest -->
        <test-method signature="CreateJobAPITest(com.api.request.model.CreateJobPayload)[pri:0, instance:com.api.tests.datadriven.CreateJobAPIFakeDataDrivenTest@1189dd52]" started-at="2025-12-16T20:34:43 GMT" name="CreateJobAPITest" description="Verify if create job api is able to create Inwarranty job" data-provider="CreateJobAPIFakerDataProvider" finished-at="2025-12-16T20:34:44 GMT" duration-ms="1020" status="PASS">
          <params>
            <param index="0">
              <value>
                <![CDATA[CreateJobPayload[mst_service_location_id=0, mst_platform_id=2, mst_warrenty_status_id=1, mst_oem_id=1, customer=Customer[first_name=Charak, last_name=Dhawan, mobile_number=7016702253, mobile_number_alt=7096336073, email_id=arnesh.khatri@gmail.com, email_id_alt=], customer_address=CustomerAddress[flat_number=2185, apartment_name=Asan Cove, street_name=Menon Mountains, landmark=Arindam Vista, area=Giriraj Forge, pincode=60869, country=India, state=Manipur], customer_product=CustomerProduct[dop=2025-12-06T20:34:29.851934Z, serial_number=524991972140396, imei1=524991972140396, imei2=524991972140396, popurl=www.amritambu-jha.co.in, product_id=1, mst_model_id=1], problems=[Problems[id=3, remark=Corporis fugiat explicabo cupiditate nobis facere quisquam.], Problems[id=29, remark=Fugiat eum culpa hic aliquid dolores dolore.]]]]]>
              </value>
            </param>
          </params>
          <reporter-output>
          </reporter-output>
        </test-method> <!-- CreateJobAPITest -->
        <test-method signature="CreateJobAPITest(com.api.request.model.CreateJobPayload)[pri:0, instance:com.api.tests.datadriven.CreateJobAPIFakeDataDrivenTest@1189dd52]" started-at="2025-12-16T20:34:43 GMT" name="CreateJobAPITest" description="Verify if create job api is able to create Inwarranty job" data-provider="CreateJobAPIFakerDataProvider" finished-at="2025-12-16T20:34:44 GMT" duration-ms="1017" status="PASS">
          <params>
            <param index="0">
              <value>
                <![CDATA[CreateJobPayload[mst_service_location_id=0, mst_platform_id=2, mst_warrenty_status_id=1, mst_oem_id=1, customer=Customer[first_name=Soma, last_name=Dwivedi, mobile_number=7083678034, mobile_number_alt=7027249262, email_id=mohan.talwar@yahoo.co.in, email_id_alt=], customer_address=CustomerAddress[flat_number=4984, apartment_name=Rohana Pine, street_name=Deeptanshu Shore, landmark=Patel Meadows, area=Kanti Ford, pincode=10143, country=India, state=Andaman and Nicobar Islands], customer_product=CustomerProduct[dop=2025-12-06T20:34:29.852574Z, serial_number=486242245403562, imei1=486242245403562, imei2=486242245403562, popurl=www.uma-mehrotra.co.in, product_id=1, mst_model_id=1], problems=[Problems[id=6, remark=Voluptas natus libero tempore sed voluptas laborum.]]]]]>
              </value>
            </param>
          </params>
          <reporter-output>
          </reporter-output>
        </test-method> <!-- CreateJobAPITest -->
        <test-method signature="CreateJobAPITest(com.api.request.model.CreateJobPayload)[pri:0, instance:com.api.tests.datadriven.CreateJobAPIFakeDataDrivenTest@1189dd52]" started-at="2025-12-16T20:34:44 GMT" name="CreateJobAPITest" description="Verify if create job api is able to create Inwarranty job" data-provider="CreateJobAPIFakerDataProvider" finished-at="2025-12-16T20:34:45 GMT" duration-ms="933" status="PASS">
          <params>
            <param index="0">
              <value>
                <![CDATA[CreateJobPayload[mst_service_location_id=0, mst_platform_id=2, mst_warrenty_status_id=1, mst_oem_id=1, customer=Customer[first_name=Aayushmaan, last_name=Panicker, mobile_number=7099951423, mobile_number_alt=7041170366, email_id=girja.chopra@hotmail.com, email_id_alt=], customer_address=CustomerAddress[flat_number=3239, apartment_name=Agrata Extension, street_name=Baalagopaal Forge, landmark=Varrier Plain, area=Vaishnavi Key, pincode=16954, country=India, state=Delhi], customer_product=CustomerProduct[dop=2025-12-06T20:34:29.855695Z, serial_number=704029902865679, imei1=704029902865679, imei2=704029902865679, popurl=www.bhaves-ahuja.org, product_id=1, mst_model_id=1], problems=[Problems[id=3, remark=Ut voluptas harum rerum harum dicta fugiat.]]]]]>
              </value>
            </param>
          </params>
          <reporter-output>
          </reporter-output>
        </test-method> <!-- CreateJobAPITest -->
        <test-method signature="CreateJobAPITest(com.api.request.model.CreateJobPayload)[pri:0, instance:com.api.tests.datadriven.CreateJobAPIFakeDataDrivenTest@1189dd52]" started-at="2025-12-16T20:34:44 GMT" name="CreateJobAPITest" description="Verify if create job api is able to create Inwarranty job" data-provider="CreateJobAPIFakerDataProvider" finished-at="2025-12-16T20:34:45 GMT" duration-ms="930" status="PASS">
          <params>
            <param index="0">
              <value>
                <![CDATA[CreateJobPayload[mst_service_location_id=0, mst_platform_id=2, mst_warrenty_status_id=1, mst_oem_id=1, customer=Customer[first_name=Deevakar, last_name=Pillai, mobile_number=7046639971, mobile_number_alt=7068314807, email_id=shreyashi.abbott@yahoo.co.in, email_id_alt=], customer_address=CustomerAddress[flat_number=0267, apartment_name=Guha Haven, street_name=Guha Springs, landmark=Bhoopat Rapids, area=Gandharva Ports, pincode=20350, country=India, state=Bihar], customer_product=CustomerProduct[dop=2025-12-06T20:34:29.857048Z, serial_number=068328368381710, imei1=068328368381710, imei2=068328368381710, popurl=www.girish-gupta.name, product_id=1, mst_model_id=1], problems=[Problems[id=24, remark=Officia voluptatum voluptatem quisquam excepturi delectus sint nobis.]]]]]>
              </value>
            </param>
          </params>
          <reporter-output>
          </reporter-output>
        </test-method> <!-- CreateJobAPITest -->
        <test-method signature="CreateJobAPITest(com.api.request.model.CreateJobPayload)[pri:0, instance:com.api.tests.datadriven.CreateJobAPIFakeDataDrivenTest@1189dd52]" started-at="2025-12-16T20:34:44 GMT" name="CreateJobAPITest" description="Verify if create job api is able to create Inwarranty job" data-provider="CreateJobAPIFakerDataProvider" finished-at="2025-12-16T20:34:45 GMT" duration-ms="841" status="PASS">
          <params>
            <param index="0">
              <value>
                <![CDATA[CreateJobPayload[mst_service_location_id=0, mst_platform_id=2, mst_warrenty_status_id=1, mst_oem_id=1, customer=Customer[first_name=Siddhran, last_name=Verma, mobile_number=7072875916, mobile_number_alt=7055479907, email_id=sushma.namboothiri@gmail.com, email_id_alt=], customer_address=CustomerAddress[flat_number=3157, apartment_name=Deepali Grove, street_name=Jain Manor, landmark=Adiga Court, area=Tej Land, pincode=94389, country=India, state=Sikkim], customer_product=CustomerProduct[dop=2025-12-06T20:34:29.858852Z, serial_number=974761424041266, imei1=974761424041266, imei2=974761424041266, popurl=www.sanya-bhattacharya.biz, product_id=1, mst_model_id=1], problems=[Problems[id=9, remark=Voluptate rerum ea explicabo omnis et.]]]]]>
              </value>
            </param>
          </params>
          <reporter-output>
          </reporter-output>
        </test-method> <!-- CreateJobAPITest -->
        <test-method signature="CreateJobAPITest(com.api.request.model.CreateJobPayload)[pri:0, instance:com.api.tests.datadriven.CreateJobAPIFakeDataDrivenTest@1189dd52]" started-at="2025-12-16T20:34:44 GMT" name="CreateJobAPITest" description="Verify if create job api is able to create Inwarranty job" data-provider="CreateJobAPIFakerDataProvider" finished-at="2025-12-16T20:34:45 GMT" duration-ms="935" status="PASS">
          <params>
            <param index="0">
              <value>
                <![CDATA[CreateJobPayload[mst_service_location_id=0, mst_platform_id=2, mst_warrenty_status_id=1, mst_oem_id=1, customer=Customer[first_name=Anuja, last_name=Nayar, mobile_number=7073479161, mobile_number_alt=7029248132, email_id=atmaja.talwar@gmail.com, email_id_alt=], customer_address=CustomerAddress[flat_number=2930, apartment_name=Gowda Walk, street_name=Shwet Drive, landmark=Keerti Centers, area=Malik Knoll, pincode=53550, country=India, state=Lakshadweep], customer_product=CustomerProduct[dop=2025-12-06T20:34:29.860179Z, serial_number=888860752823692, imei1=888860752823692, imei2=888860752823692, popurl=www.aanjaneya-marar.name, product_id=1, mst_model_id=1], problems=[Problems[id=17, remark=Est debitis esse ullam quo autem.], Problems[id=26, remark=Reprehenderit dolor maxime qui aut repellendus quia quaerat.], Problems[id=19, remark=Expedita neque repellat doloribus necessitatibus sapiente sit.]]]]]>
              </value>
            </param>
          </params>
          <reporter-output>
          </reporter-output>
        </test-method> <!-- CreateJobAPITest -->
        <test-method signature="CreateJobAPITest(com.api.request.model.CreateJobPayload)[pri:0, instance:com.api.tests.datadriven.CreateJobAPIFakeDataDrivenTest@1189dd52]" started-at="2025-12-16T20:34:44 GMT" name="CreateJobAPITest" description="Verify if create job api is able to create Inwarranty job" data-provider="CreateJobAPIFakerDataProvider" finished-at="2025-12-16T20:34:45 GMT" duration-ms="884" status="PASS">
          <params>
            <param index="0">
              <value>
                <![CDATA[CreateJobPayload[mst_service_location_id=0, mst_platform_id=2, mst_warrenty_status_id=1, mst_oem_id=1, customer=Customer[first_name=Atreyi, last_name=Asan, mobile_number=7013765517, mobile_number_alt=7089932901, email_id=aanjaneya.kaul@gmail.com, email_id_alt=], customer_address=CustomerAddress[flat_number=1379, apartment_name=Arjun Union, street_name=Bharadwaj Loop, landmark=Javas Landing, area=Agarwal Springs, pincode=42244, country=India, state=Nagaland], customer_product=CustomerProduct[dop=2025-12-06T20:34:29.861294Z, serial_number=622128366905717, imei1=622128366905717, imei2=622128366905717, popurl=www.bhuvaneshwar-banerjee.biz, product_id=1, mst_model_id=1], problems=[Problems[id=22, remark=Dolorum laudantium molestiae reiciendis.]]]]]>
              </value>
            </param>
          </params>
          <reporter-output>
          </reporter-output>
        </test-method> <!-- CreateJobAPITest -->
        <test-method signature="CreateJobAPITest(com.api.request.model.CreateJobPayload)[pri:0, instance:com.api.tests.datadriven.CreateJobAPIFakeDataDrivenTest@1189dd52]" started-at="2025-12-16T20:34:44 GMT" name="CreateJobAPITest" description="Verify if create job api is able to create Inwarranty job" data-provider="CreateJobAPIFakerDataProvider" finished-at="2025-12-16T20:34:45 GMT" duration-ms="913" status="PASS">
          <params>
            <param index="0">
              <value>
                <![CDATA[CreateJobPayload[mst_service_location_id=0, mst_platform_id=2, mst_warrenty_status_id=1, mst_oem_id=1, customer=Customer[first_name=Anal, last_name=Varma, mobile_number=7050674386, mobile_number_alt=7069206840, email_id=aagney.achari@gmail.com, email_id_alt=], customer_address=CustomerAddress[flat_number=9691, apartment_name=Mehrotra Coves, street_name=Chaturvedi Plain, landmark=Jha Parks, area=Gill Manor, pincode=19507, country=India, state=Andaman and Nicobar Islands], customer_product=CustomerProduct[dop=2025-12-06T20:34:29.862214Z, serial_number=693363491066595, imei1=693363491066595, imei2=693363491066595, popurl=www.sushma-asan.net, product_id=1, mst_model_id=1], problems=[Problems[id=28, remark=Occaecati animi ratione.], Problems[id=7, remark=Autem et id cum est non aut.]]]]]>
              </value>
            </param>
          </params>
          <reporter-output>
          </reporter-output>
        </test-method> <!-- CreateJobAPITest -->
        <test-method signature="CreateJobAPITest(com.api.request.model.CreateJobPayload)[pri:0, instance:com.api.tests.datadriven.CreateJobAPIFakeDataDrivenTest@1189dd52]" started-at="2025-12-16T20:34:44 GMT" name="CreateJobAPITest" description="Verify if create job api is able to create Inwarranty job" data-provider="CreateJobAPIFakerDataProvider" finished-at="2025-12-16T20:34:45 GMT" duration-ms="840" status="PASS">
          <params>
            <param index="0">
              <value>
                <![CDATA[CreateJobPayload[mst_service_location_id=0, mst_platform_id=2, mst_warrenty_status_id=1, mst_oem_id=1, customer=Customer[first_name=Satish, last_name=Sethi, mobile_number=7003296395, mobile_number_alt=7007478273, email_id=harinarayan.sinha@hotmail.com, email_id_alt=], customer_address=CustomerAddress[flat_number=3419, apartment_name=Khanna Brooks, street_name=Kapoor Well, landmark=Sinha Dale, area=Kocchar Wells, pincode=67318, country=India, state=Gujarat], customer_product=CustomerProduct[dop=2025-12-06T20:34:29.862869Z, serial_number=582160725474007, imei1=582160725474007, imei2=582160725474007, popurl=www.kamla-desai.info, product_id=1, mst_model_id=1], problems=[Problems[id=22, remark=Minima porro quo.]]]]]>
              </value>
            </param>
          </params>
          <reporter-output>
          </reporter-output>
        </test-method> <!-- CreateJobAPITest -->
        <test-method signature="CreateJobAPITest(com.api.request.model.CreateJobPayload)[pri:0, instance:com.api.tests.datadriven.CreateJobAPIFakeDataDrivenTest@1189dd52]" started-at="2025-12-16T20:34:44 GMT" name="CreateJobAPITest" description="Verify if create job api is able to create Inwarranty job" data-provider="CreateJobAPIFakerDataProvider" finished-at="2025-12-16T20:34:45 GMT" duration-ms="881" status="PASS">
          <params>
            <param index="0">
              <value>
                <![CDATA[CreateJobPayload[mst_service_location_id=0, mst_platform_id=2, mst_warrenty_status_id=1, mst_oem_id=1, customer=Customer[first_name=Karan, last_name=Mehra, mobile_number=7028483931, mobile_number_alt=7061734171, email_id=opalina.chopra@gmail.com, email_id_alt=], customer_address=CustomerAddress[flat_number=0689, apartment_name=Tej Run, street_name=Darshwana Square, landmark=Harinarayan Orchard, area=Gatik Drive, pincode=35398, country=India, state=Arunachal Pradesh], customer_product=CustomerProduct[dop=2025-12-06T20:34:29.863588Z, serial_number=219104093595897, imei1=219104093595897, imei2=219104093595897, popurl=www.rakesh-kaur.org, product_id=1, mst_model_id=1], problems=[Problems[id=3, remark=Nisi ea unde iure ipsam iusto.], Problems[id=26, remark=Voluptas ut assumenda quia saepe qui.], Problems[id=17, remark=Laboriosam consequatur eligendi expedita fugit dignissimos.]]]]]>
              </value>
            </param>
          </params>
          <reporter-output>
          </reporter-output>
        </test-method> <!-- CreateJobAPITest -->
      </class> <!-- com.api.tests.datadriven.CreateJobAPIFakeDataDrivenTest -->
    </test> <!-- Default test -->
  </suite> <!-- Default suite -->
</testng-results>
