<?xml version="1.0" encoding="UTF-8"?>
<testng-results ignored="0" total="2" passed="2" failed="0" skipped="0">
  <reporter-output>
  </reporter-output>
  <suite started-at="2026-03-06T12:50:37 GMT" name="Default suite" finished-at="2026-03-06T12:50:39 GMT" duration-ms="2137">
    <groups>
      <group name="datadriven">
        <method signature="LoginAPIJSONDataDrivenTest.loginAPITest(com.dataproviders.api.bean.UserBean)[pri:0, instance:com.api.tests.datadriven.LoginAPIJSONDataDrivenTest@62727399]" name="loginAPITest" class="com.api.tests.datadriven.LoginAPIJSONDataDrivenTest"/>
      </group> <!-- datadriven -->
      <group name="regression">
        <method signature="LoginAPIJSONDataDrivenTest.loginAPITest(com.dataproviders.api.bean.UserBean)[pri:0, instance:com.api.tests.datadriven.LoginAPIJSONDataDrivenTest@62727399]" name="loginAPITest" class="com.api.tests.datadriven.LoginAPIJSONDataDrivenTest"/>
      </group> <!-- regression -->
      <group name="json">
        <method signature="LoginAPIJSONDataDrivenTest.loginAPITest(com.dataproviders.api.bean.UserBean)[pri:0, instance:com.api.tests.datadriven.LoginAPIJSONDataDrivenTest@62727399]" name="loginAPITest" class="com.api.tests.datadriven.LoginAPIJSONDataDrivenTest"/>
      </group> <!-- json -->
      <group name="api">
        <method signature="LoginAPIJSONDataDrivenTest.loginAPITest(com.dataproviders.api.bean.UserBean)[pri:0, instance:com.api.tests.datadriven.LoginAPIJSONDataDrivenTest@62727399]" name="loginAPITest" class="com.api.tests.datadriven.LoginAPIJSONDataDrivenTest"/>
      </group> <!-- api -->
    </groups>
    <test started-at="2026-03-06T12:50:37 GMT" name="Default test" finished-at="2026-03-06T12:50:39 GMT" duration-ms="2137">
      <class name="com.api.tests.datadriven.LoginAPIJSONDataDrivenTest">
        <test-method is-config="true" signature="setup()[pri:0, instance:com.api.tests.datadriven.LoginAPIJSONDataDrivenTest@62727399]" started-at="2026-03-06T12:50:37 GMT" name="setup" description="Initializing the Auth Service" finished-at="2026-03-06T12:50:37 GMT" duration-ms="4" status="PASS">
          <reporter-output>
          </reporter-output>
        </test-method> <!-- setup -->
        <test-method is-config="true" signature="setup()[pri:0, instance:com.api.tests.datadriven.LoginAPIJSONDataDrivenTest@62727399]" started-at="2026-03-06T12:50:37 GMT" name="setup" description="Initializing the Auth Service" finished-at="2026-03-06T12:50:37 GMT" duration-ms="4" status="PASS">
          <reporter-output>
          </reporter-output>
        </test-method> <!-- setup -->
        <test-method signature="loginAPITest(com.dataproviders.api.bean.UserBean)[pri:0, instance:com.api.tests.datadriven.LoginAPIJSONDataDrivenTest@62727399]" started-at="2026-03-06T12:50:37 GMT" name="loginAPITest" description="Verifying if login api is working for FD user" data-provider="LoginAPIJsonDataProvider" finished-at="2026-03-06T12:50:39 GMT" duration-ms="1979" status="PASS">
          <params>
            <param index="0">
              <value>
                <![CDATA[UserBean [username=iamsup, password=password]]]>
              </value>
            </param>
          </params>
          <reporter-output>
          </reporter-output>
        </test-method> <!-- loginAPITest -->
        <test-method signature="loginAPITest(com.dataproviders.api.bean.UserBean)[pri:0, instance:com.api.tests.datadriven.LoginAPIJSONDataDrivenTest@62727399]" started-at="2026-03-06T12:50:37 GMT" name="loginAPITest" description="Verifying if login api is working for FD user" data-provider="LoginAPIJsonDataProvider" finished-at="2026-03-06T12:50:39 GMT" duration-ms="1979" status="PASS">
          <params>
            <param index="0">
              <value>
                <![CDATA[UserBean [username=iamfd, password=password]]]>
              </value>
            </param>
          </params>
          <reporter-output>
          </reporter-output>
        </test-method> <!-- loginAPITest -->
      </class> <!-- com.api.tests.datadriven.LoginAPIJSONDataDrivenTest -->
    </test> <!-- Default test -->
  </suite> <!-- Default suite -->
</testng-results>
