<?xml version="1.0" encoding="UTF-8"?>
<testng-results ignored="0" total="1" passed="1" failed="0" skipped="0">
  <reporter-output>
  </reporter-output>
  <suite started-at="2025-12-09T11:12:00 GMT" name="Default suite" finished-at="2025-12-09T11:12:02 GMT" duration-ms="2341">
    <groups>
      <group name="regression">
        <method signature="CreateJobAPITest.CreateJobAPITest()[pri:0, instance:com.api.tests.CreateJobAPITest@79e2c065]" name="CreateJobAPITest" class="com.api.tests.CreateJobAPITest"/>
      </group> <!-- regression -->
      <group name="smoke">
        <method signature="CreateJobAPITest.CreateJobAPITest()[pri:0, instance:com.api.tests.CreateJobAPITest@79e2c065]" name="CreateJobAPITest" class="com.api.tests.CreateJobAPITest"/>
      </group> <!-- smoke -->
      <group name="api">
        <method signature="CreateJobAPITest.CreateJobAPITest()[pri:0, instance:com.api.tests.CreateJobAPITest@79e2c065]" name="CreateJobAPITest" class="com.api.tests.CreateJobAPITest"/>
      </group> <!-- api -->
    </groups>
    <test started-at="2025-12-09T11:12:00 GMT" name="Default test" finished-at="2025-12-09T11:12:02 GMT" duration-ms="2341">
      <class name="com.api.tests.CreateJobAPITest">
        <test-method is-config="true" signature="setup()[pri:0, instance:com.api.tests.CreateJobAPITest@79e2c065]" started-at="2025-12-09T11:12:00 GMT" name="setup" description="Create the request payload for create job api" finished-at="2025-12-09T11:12:00 GMT" duration-ms="9" status="PASS">
          <reporter-output>
          </reporter-output>
        </test-method> <!-- setup -->
        <test-method signature="CreateJobAPITest()[pri:0, instance:com.api.tests.CreateJobAPITest@79e2c065]" started-at="2025-12-09T11:12:00 GMT" name="CreateJobAPITest" description="Verify if create job api is able to create Inwarranty job" finished-at="2025-12-09T11:12:02 GMT" duration-ms="2307" status="PASS">
          <reporter-output>
          </reporter-output>
        </test-method> <!-- CreateJobAPITest -->
      </class> <!-- com.api.tests.CreateJobAPITest -->
    </test> <!-- Default test -->
  </suite> <!-- Default suite -->
</testng-results>
