<?xml version="1.0" encoding="UTF-8"?>
<testng-results ignored="0" total="1" passed="1" failed="0" skipped="0">
  <reporter-output>
  </reporter-output>
  <suite started-at="2026-02-25T13:16:20 GMT" name="Default suite" finished-at="2026-02-25T13:17:49 GMT" duration-ms="88874">
    <groups>
      <group name="regression">
        <method signature="CreateJobAPIwithFakeDataTest.CreateJobAPITest()[pri:0, instance:com.api.tests.CreateJobAPIwithFakeDataTest@45fd9a4d]" name="CreateJobAPITest" class="com.api.tests.CreateJobAPIwithFakeDataTest"/>
      </group> <!-- regression -->
      <group name="smoke">
        <method signature="CreateJobAPIwithFakeDataTest.CreateJobAPITest()[pri:0, instance:com.api.tests.CreateJobAPIwithFakeDataTest@45fd9a4d]" name="CreateJobAPITest" class="com.api.tests.CreateJobAPIwithFakeDataTest"/>
      </group> <!-- smoke -->
      <group name="api">
        <method signature="CreateJobAPIwithFakeDataTest.CreateJobAPITest()[pri:0, instance:com.api.tests.CreateJobAPIwithFakeDataTest@45fd9a4d]" name="CreateJobAPITest" class="com.api.tests.CreateJobAPIwithFakeDataTest"/>
      </group> <!-- api -->
    </groups>
    <test started-at="2026-02-25T13:16:20 GMT" name="Default test" finished-at="2026-02-25T13:17:49 GMT" duration-ms="88874">
      <class name="com.api.tests.CreateJobAPIwithFakeDataTest">
        <test-method is-config="true" signature="setup()[pri:0, instance:com.api.tests.CreateJobAPIwithFakeDataTest@45fd9a4d]" started-at="2026-02-25T13:16:21 GMT" name="setup" description="Create the request payload for create job api and instanciating the Job Service" finished-at="2026-02-25T13:16:21 GMT" duration-ms="164" status="PASS">
          <reporter-output>
          </reporter-output>
        </test-method> <!-- setup -->
        <test-method signature="CreateJobAPITest()[pri:0, instance:com.api.tests.CreateJobAPIwithFakeDataTest@45fd9a4d]" started-at="2026-02-25T13:16:21 GMT" name="CreateJobAPITest" description="Verify if create job api is able to create Inwarranty job" finished-at="2026-02-25T13:17:49 GMT" duration-ms="88674" status="PASS">
          <reporter-output>
          </reporter-output>
        </test-method> <!-- CreateJobAPITest -->
      </class> <!-- com.api.tests.CreateJobAPIwithFakeDataTest -->
    </test> <!-- Default test -->
  </suite> <!-- Default suite -->
</testng-results>
