<?xml version="1.0" encoding="UTF-8"?>
<testng-results ignored="0" total="6" passed="6" failed="0" skipped="0">
  <reporter-output>
  </reporter-output>
  <suite started-at="2025-12-03T16:03:52 GMT" name="Phoenix API test Suite" finished-at="2025-12-03T16:03:58 GMT" duration-ms="6576">
    <groups>
    </groups>
    <test started-at="2025-12-03T16:03:52 GMT" name="Inwarranty Flow Test" finished-at="2025-12-03T16:03:58 GMT" duration-ms="6576">
      <class name="com.api.tests.MasterAPITest">
        <test-method signature="MasterAPITest()[pri:0, instance:com.api.tests.MasterAPITest@223d2c72]" started-at="2025-12-03T16:03:57 GMT" name="MasterAPITest" finished-at="2025-12-03T16:03:58 GMT" duration-ms="872" status="PASS">
          <reporter-output>
          </reporter-output>
        </test-method> <!-- MasterAPITest -->
        <test-method signature="invalidTokenMasterAPITest()[pri:0, instance:com.api.tests.MasterAPITest@223d2c72]" started-at="2025-12-03T16:03:58 GMT" name="invalidTokenMasterAPITest" finished-at="2025-12-03T16:03:58 GMT" duration-ms="325" status="PASS">
          <reporter-output>
          </reporter-output>
        </test-method> <!-- invalidTokenMasterAPITest -->
      </class> <!-- com.api.tests.MasterAPITest -->
      <class name="com.api.tests.CountAPITest">
        <test-method signature="countAPITest_MissingAuthToken()[pri:0, instance:com.api.tests.CountAPITest@36902638]" started-at="2025-12-03T16:03:55 GMT" name="countAPITest_MissingAuthToken" finished-at="2025-12-03T16:03:56 GMT" duration-ms="1415" status="PASS">
          <reporter-output>
          </reporter-output>
        </test-method> <!-- countAPITest_MissingAuthToken -->
        <test-method signature="verifyCountAPIResponse()[pri:0, instance:com.api.tests.CountAPITest@36902638]" started-at="2025-12-03T16:03:56 GMT" name="verifyCountAPIResponse" finished-at="2025-12-03T16:03:57 GMT" duration-ms="875" status="PASS">
          <reporter-output>
          </reporter-output>
        </test-method> <!-- verifyCountAPIResponse -->
      </class> <!-- com.api.tests.CountAPITest -->
      <class name="com.api.tests.UserDetailsAPITest">
        <test-method signature="userDetailsAPITest()[pri:0, instance:com.api.tests.UserDetailsAPITest@1d2adfbe]" started-at="2025-12-03T16:03:54 GMT" name="userDetailsAPITest" finished-at="2025-12-03T16:03:55 GMT" duration-ms="792" status="PASS">
          <reporter-output>
          </reporter-output>
        </test-method> <!-- userDetailsAPITest -->
      </class> <!-- com.api.tests.UserDetailsAPITest -->
      <class name="com.api.tests.LoginAPITest">
        <test-method signature="loginAPITest()[pri:0, instance:com.api.tests.LoginAPITest@3a93b025]" started-at="2025-12-03T16:03:52 GMT" name="loginAPITest" finished-at="2025-12-03T16:03:54 GMT" duration-ms="2249" status="PASS">
          <reporter-output>
          </reporter-output>
        </test-method> <!-- loginAPITest -->
      </class> <!-- com.api.tests.LoginAPITest -->
    </test> <!-- Inwarranty Flow Test -->
  </suite> <!-- Phoenix API test Suite -->
</testng-results>
