<?xml version="1.0" encoding="UTF-8"?>
<!-- Generated by org.testng.reporters.JUnitReportReporter -->
<testsuite hostname="tulis-MacBook-Air.local" failures="0" tests="100" name="com.api.tests.datadriven.CreateJobAPIFakeDataDrivenTest" time="154.591" errors="0" timestamp="2025-12-16T20:34:46 GMT" skipped="0">
  <testcase classname="com.api.tests.datadriven.CreateJobAPIFakeDataDrivenTest" name="CreateJobAPITest" time="1.095"/>
  <testcase classname="com.api.tests.datadriven.CreateJobAPIFakeDataDrivenTest" name="CreateJobAPITest" time="6.309"/>
  <testcase classname="com.api.tests.datadriven.CreateJobAPIFakeDataDrivenTest" name="CreateJobAPITest" time="1.119"/>
  <testcase classname="com.api.tests.datadriven.CreateJobAPIFakeDataDrivenTest" name="CreateJobAPITest" time="0.883"/>
  <testcase classname="com.api.tests.datadriven.CreateJobAPIFakeDataDrivenTest" name="CreateJobAPITest" time="0.872"/>
  <testcase classname="com.api.tests.datadriven.CreateJobAPIFakeDataDrivenTest" name="CreateJobAPITest" time="1.020"/>
  <testcase classname="com.api.tests.datadriven.CreateJobAPIFakeDataDrivenTest" name="CreateJobAPITest" time="0.995"/>
  <testcase classname="com.api.tests.datadriven.CreateJobAPIFakeDataDrivenTest" name="CreateJobAPITest" time="6.281"/>
  <testcase classname="com.api.tests.datadriven.CreateJobAPIFakeDataDrivenTest" name="CreateJobAPITest" time="1.001"/>
  <testcase classname="com.api.tests.datadriven.CreateJobAPIFakeDataDrivenTest" name="CreateJobAPITest" time="0.884"/>
  <testcase classname="com.api.tests.datadriven.CreateJobAPIFakeDataDrivenTest" name="CreateJobAPITest" time="0.881"/>
  <testcase classname="com.api.tests.datadriven.CreateJobAPIFakeDataDrivenTest" name="CreateJobAPITest" time="1.017"/>
  <testcase classname="com.api.tests.datadriven.CreateJobAPIFakeDataDrivenTest" name="CreateJobAPITest" time="1.010"/>
  <testcase classname="com.api.tests.datadriven.CreateJobAPIFakeDataDrivenTest" name="CreateJobAPITest" time="0.977"/>
  <testcase classname="com.api.tests.datadriven.CreateJobAPIFakeDataDrivenTest" name="CreateJobAPITest" time="1.042"/>
  <testcase classname="com.api.tests.datadriven.CreateJobAPIFakeDataDrivenTest" name="CreateJobAPITest" time="6.310"/>
  <testcase classname="com.api.tests.datadriven.CreateJobAPIFakeDataDrivenTest" name="CreateJobAPITest" time="0.971"/>
  <testcase classname="com.api.tests.datadriven.CreateJobAPIFakeDataDrivenTest" name="CreateJobAPITest" time="0.933"/>
  <testcase classname="com.api.tests.datadriven.CreateJobAPIFakeDataDrivenTest" name="CreateJobAPITest" time="6.422"/>
  <testcase classname="com.api.tests.datadriven.CreateJobAPIFakeDataDrivenTest" name="CreateJobAPITest" time="0.963"/>
  <testcase classname="com.api.tests.datadriven.CreateJobAPIFakeDataDrivenTest" name="CreateJobAPITest" time="1.017"/>
  <testcase classname="com.api.tests.datadriven.CreateJobAPIFakeDataDrivenTest" name="CreateJobAPITest" time="6.255"/>
  <testcase classname="com.api.tests.datadriven.CreateJobAPIFakeDataDrivenTest" name="CreateJobAPITest" time="1.257"/>
  <testcase classname="com.api.tests.datadriven.CreateJobAPIFakeDataDrivenTest" name="CreateJobAPITest" time="0.958"/>
  <testcase classname="com.api.tests.datadriven.CreateJobAPIFakeDataDrivenTest" name="CreateJobAPITest" time="1.027"/>
  <testcase classname="com.api.tests.datadriven.CreateJobAPIFakeDataDrivenTest" name="CreateJobAPITest" time="0.901"/>
  <testcase classname="com.api.tests.datadriven.CreateJobAPIFakeDataDrivenTest" name="CreateJobAPITest" time="1.046"/>
  <testcase classname="com.api.tests.datadriven.CreateJobAPIFakeDataDrivenTest" name="CreateJobAPITest" time="1.040"/>
  <testcase classname="com.api.tests.datadriven.CreateJobAPIFakeDataDrivenTest" name="CreateJobAPITest" time="0.962"/>
  <testcase classname="com.api.tests.datadriven.CreateJobAPIFakeDataDrivenTest" name="CreateJobAPITest" time="0.841"/>
  <testcase classname="com.api.tests.datadriven.CreateJobAPIFakeDataDrivenTest" name="CreateJobAPITest" time="1.057"/>
  <testcase classname="com.api.tests.datadriven.CreateJobAPIFakeDataDrivenTest" name="CreateJobAPITest" time="0.935"/>
  <testcase classname="com.api.tests.datadriven.CreateJobAPIFakeDataDrivenTest" name="CreateJobAPITest" time="6.379"/>
  <testcase classname="com.api.tests.datadriven.CreateJobAPIFakeDataDrivenTest" name="CreateJobAPITest" time="1.069"/>
  <testcase classname="com.api.tests.datadriven.CreateJobAPIFakeDataDrivenTest" name="CreateJobAPITest" time="1.126"/>
  <testcase classname="com.api.tests.datadriven.CreateJobAPIFakeDataDrivenTest" name="CreateJobAPITest" time="0.930"/>
  <testcase classname="com.api.tests.datadriven.CreateJobAPIFakeDataDrivenTest" name="CreateJobAPITest" time="0.960"/>
  <testcase classname="com.api.tests.datadriven.CreateJobAPIFakeDataDrivenTest" name="CreateJobAPITest" time="0.899"/>
  <testcase classname="com.api.tests.datadriven.CreateJobAPIFakeDataDrivenTest" name="CreateJobAPITest" time="1.041"/>
  <testcase classname="com.api.tests.datadriven.CreateJobAPIFakeDataDrivenTest" name="CreateJobAPITest" time="1.006"/>
  <testcase classname="com.api.tests.datadriven.CreateJobAPIFakeDataDrivenTest" name="CreateJobAPITest" time="1.069"/>
  <testcase classname="com.api.tests.datadriven.CreateJobAPIFakeDataDrivenTest" name="CreateJobAPITest" time="0.996"/>
  <testcase classname="com.api.tests.datadriven.CreateJobAPIFakeDataDrivenTest" name="CreateJobAPITest" time="0.913"/>
  <testcase classname="com.api.tests.datadriven.CreateJobAPIFakeDataDrivenTest" name="CreateJobAPITest" time="0.947"/>
  <testcase classname="com.api.tests.datadriven.CreateJobAPIFakeDataDrivenTest" name="CreateJobAPITest" time="1.108"/>
  <testcase classname="com.api.tests.datadriven.CreateJobAPIFakeDataDrivenTest" name="CreateJobAPITest" time="1.078"/>
  <testcase classname="com.api.tests.datadriven.CreateJobAPIFakeDataDrivenTest" name="CreateJobAPITest" time="0.939"/>
  <testcase classname="com.api.tests.datadriven.CreateJobAPIFakeDataDrivenTest" name="CreateJobAPITest" time="6.298"/>
  <testcase classname="com.api.tests.datadriven.CreateJobAPIFakeDataDrivenTest" name="CreateJobAPITest" time="1.098"/>
  <testcase classname="com.api.tests.datadriven.CreateJobAPIFakeDataDrivenTest" name="CreateJobAPITest" time="0.927"/>
  <testcase classname="com.api.tests.datadriven.CreateJobAPIFakeDataDrivenTest" name="CreateJobAPITest" time="1.337"/>
  <testcase classname="com.api.tests.datadriven.CreateJobAPIFakeDataDrivenTest" name="CreateJobAPITest" time="1.064"/>
  <testcase classname="com.api.tests.datadriven.CreateJobAPIFakeDataDrivenTest" name="CreateJobAPITest" time="1.076"/>
  <testcase classname="com.api.tests.datadriven.CreateJobAPIFakeDataDrivenTest" name="CreateJobAPITest" time="1.121"/>
  <testcase classname="com.api.tests.datadriven.CreateJobAPIFakeDataDrivenTest" name="CreateJobAPITest" time="0.975"/>
  <testcase classname="com.api.tests.datadriven.CreateJobAPIFakeDataDrivenTest" name="CreateJobAPITest" time="0.990"/>
  <testcase classname="com.api.tests.datadriven.CreateJobAPIFakeDataDrivenTest" name="CreateJobAPITest" time="1.322"/>
  <testcase classname="com.api.tests.datadriven.CreateJobAPIFakeDataDrivenTest" name="CreateJobAPITest" time="0.964"/>
  <testcase classname="com.api.tests.datadriven.CreateJobAPIFakeDataDrivenTest" name="CreateJobAPITest" time="1.106"/>
  <testcase classname="com.api.tests.datadriven.CreateJobAPIFakeDataDrivenTest" name="CreateJobAPITest" time="1.237"/>
  <testcase classname="com.api.tests.datadriven.CreateJobAPIFakeDataDrivenTest" name="CreateJobAPITest" time="0.968"/>
  <testcase classname="com.api.tests.datadriven.CreateJobAPIFakeDataDrivenTest" name="CreateJobAPITest" time="1.239"/>
  <testcase classname="com.api.tests.datadriven.CreateJobAPIFakeDataDrivenTest" name="CreateJobAPITest" time="1.056"/>
  <testcase classname="com.api.tests.datadriven.CreateJobAPIFakeDataDrivenTest" name="CreateJobAPITest" time="0.902"/>
  <testcase classname="com.api.tests.datadriven.CreateJobAPIFakeDataDrivenTest" name="CreateJobAPITest" time="0.966"/>
  <testcase classname="com.api.tests.datadriven.CreateJobAPIFakeDataDrivenTest" name="CreateJobAPITest" time="1.015"/>
  <testcase classname="com.api.tests.datadriven.CreateJobAPIFakeDataDrivenTest" name="CreateJobAPITest" time="1.179"/>
  <testcase classname="com.api.tests.datadriven.CreateJobAPIFakeDataDrivenTest" name="CreateJobAPITest" time="0.928"/>
  <testcase classname="com.api.tests.datadriven.CreateJobAPIFakeDataDrivenTest" name="CreateJobAPITest" time="0.893"/>
  <testcase classname="com.api.tests.datadriven.CreateJobAPIFakeDataDrivenTest" name="CreateJobAPITest" time="0.914"/>
  <testcase classname="com.api.tests.datadriven.CreateJobAPIFakeDataDrivenTest" name="CreateJobAPITest" time="0.982"/>
  <testcase classname="com.api.tests.datadriven.CreateJobAPIFakeDataDrivenTest" name="CreateJobAPITest" time="1.195"/>
  <testcase classname="com.api.tests.datadriven.CreateJobAPIFakeDataDrivenTest" name="CreateJobAPITest" time="0.840"/>
  <testcase classname="com.api.tests.datadriven.CreateJobAPIFakeDataDrivenTest" name="CreateJobAPITest" time="0.908"/>
  <testcase classname="com.api.tests.datadriven.CreateJobAPIFakeDataDrivenTest" name="CreateJobAPITest" time="0.945"/>
  <testcase classname="com.api.tests.datadriven.CreateJobAPIFakeDataDrivenTest" name="CreateJobAPITest" time="0.965"/>
  <testcase classname="com.api.tests.datadriven.CreateJobAPIFakeDataDrivenTest" name="CreateJobAPITest" time="0.950"/>
  <testcase classname="com.api.tests.datadriven.CreateJobAPIFakeDataDrivenTest" name="CreateJobAPITest" time="0.939"/>
  <testcase classname="com.api.tests.datadriven.CreateJobAPIFakeDataDrivenTest" name="CreateJobAPITest" time="0.990"/>
  <testcase classname="com.api.tests.datadriven.CreateJobAPIFakeDataDrivenTest" name="CreateJobAPITest" time="6.300"/>
  <testcase classname="com.api.tests.datadriven.CreateJobAPIFakeDataDrivenTest" name="CreateJobAPITest" time="1.236"/>
  <testcase classname="com.api.tests.datadriven.CreateJobAPIFakeDataDrivenTest" name="CreateJobAPITest" time="1.053"/>
  <testcase classname="com.api.tests.datadriven.CreateJobAPIFakeDataDrivenTest" name="CreateJobAPITest" time="1.104"/>
  <testcase classname="com.api.tests.datadriven.CreateJobAPIFakeDataDrivenTest" name="CreateJobAPITest" time="0.922"/>
  <testcase classname="com.api.tests.datadriven.CreateJobAPIFakeDataDrivenTest" name="CreateJobAPITest" time="0.879"/>
  <testcase classname="com.api.tests.datadriven.CreateJobAPIFakeDataDrivenTest" name="CreateJobAPITest" time="0.960"/>
  <testcase classname="com.api.tests.datadriven.CreateJobAPIFakeDataDrivenTest" name="CreateJobAPITest" time="0.950"/>
  <testcase classname="com.api.tests.datadriven.CreateJobAPIFakeDataDrivenTest" name="CreateJobAPITest" time="1.301"/>
  <testcase classname="com.api.tests.datadriven.CreateJobAPIFakeDataDrivenTest" name="CreateJobAPITest" time="1.172"/>
  <testcase classname="com.api.tests.datadriven.CreateJobAPIFakeDataDrivenTest" name="CreateJobAPITest" time="1.023"/>
  <testcase classname="com.api.tests.datadriven.CreateJobAPIFakeDataDrivenTest" name="CreateJobAPITest" time="0.939"/>
  <testcase classname="com.api.tests.datadriven.CreateJobAPIFakeDataDrivenTest" name="CreateJobAPITest" time="1.126"/>
  <testcase classname="com.api.tests.datadriven.CreateJobAPIFakeDataDrivenTest" name="CreateJobAPITest" time="1.068"/>
  <testcase classname="com.api.tests.datadriven.CreateJobAPIFakeDataDrivenTest" name="CreateJobAPITest" time="1.041"/>
  <testcase classname="com.api.tests.datadriven.CreateJobAPIFakeDataDrivenTest" name="CreateJobAPITest" time="0.913"/>
  <testcase classname="com.api.tests.datadriven.CreateJobAPIFakeDataDrivenTest" name="CreateJobAPITest" time="1.006"/>
  <testcase classname="com.api.tests.datadriven.CreateJobAPIFakeDataDrivenTest" name="CreateJobAPITest" time="0.901"/>
  <testcase classname="com.api.tests.datadriven.CreateJobAPIFakeDataDrivenTest" name="CreateJobAPITest" time="0.862"/>
  <testcase classname="com.api.tests.datadriven.CreateJobAPIFakeDataDrivenTest" name="CreateJobAPITest" time="6.427"/>
  <testcase classname="com.api.tests.datadriven.CreateJobAPIFakeDataDrivenTest" name="CreateJobAPITest" time="6.378"/>
</testsuite> <!-- com.api.tests.datadriven.CreateJobAPIFakeDataDrivenTest -->
