<?xml version="1.0" encoding="UTF-8"?>
<!-- Generated by org.testng.reporters.JUnitReportReporter -->
<testsuite hostname="tulis-MacBook-Air.local" failures="0" tests="2" name="com.api.tests.datadriven.CreateJobAPIDataDrivenTest" time="4.798" errors="0" timestamp="2025-12-27T01:11:10 GMT" skipped="0">
  <testcase classname="com.api.tests.datadriven.CreateJobAPIDataDrivenTest" name="CreateJobAPITest" time="2.399"/>
  <testcase classname="com.api.tests.datadriven.CreateJobAPIDataDrivenTest" name="CreateJobAPITest" time="2.399"/>
</testsuite> <!-- com.api.tests.datadriven.CreateJobAPIDataDrivenTest -->
