<?xml version="1.0" encoding="UTF-8"?>
<!-- Generated by org.testng.reporters.JUnitReportReporter -->
<testsuite hostname="tulis-MacBook-Air.local" failures="0" tests="2" name="com.api.tests.CountAPITest" time="4.218" errors="0" timestamp="2026-02-24T11:39:10 GMT" skipped="0">
  <testcase classname="com.api.tests.CountAPITest" name="countAPITest_MissingAuthToken" time="2.236"/>
  <testcase classname="com.api.tests.CountAPITest" name="verifyCountAPIResponse" time="1.982"/>
</testsuite> <!-- com.api.tests.CountAPITest -->
