<?xml version="1.0" encoding="UTF-8"?>
<!-- Generated by org.testng.reporters.JUnitReportReporter -->
<testsuite hostname="tulis-MacBook-Air.local" failures="0" tests="5" name="com.api.tests.datadriven.CreateJobAPIFakeDataDrivenTest" time="11.937" errors="0" timestamp="2025-12-18T20:13:33 GMT" skipped="0">
  <testcase classname="com.api.tests.datadriven.CreateJobAPIFakeDataDrivenTest" name="CreateJobAPITest" time="2.395"/>
  <testcase classname="com.api.tests.datadriven.CreateJobAPIFakeDataDrivenTest" name="CreateJobAPITest" time="2.386"/>
  <testcase classname="com.api.tests.datadriven.CreateJobAPIFakeDataDrivenTest" name="CreateJobAPITest" time="2.386"/>
  <testcase classname="com.api.tests.datadriven.CreateJobAPIFakeDataDrivenTest" name="CreateJobAPITest" time="2.384"/>
  <testcase classname="com.api.tests.datadriven.CreateJobAPIFakeDataDrivenTest" name="CreateJobAPITest" time="2.386"/>
</testsuite> <!-- com.api.tests.datadriven.CreateJobAPIFakeDataDrivenTest -->
