<?xml version="1.0" encoding="UTF-8"?>
<!-- Generated by org.testng.reporters.JUnitReportReporter -->
<testsuite hostname="tulis-MacBook-Air.local" failures="0" tests="2" name="com.api.tests.MasterAPITest" time="3.561" errors="0" timestamp="2025-12-18T13:30:51 GMT" skipped="0">
  <testcase classname="com.api.tests.MasterAPITest" name="invalidTokenMasterAPITest" time="1.326"/>
  <testcase classname="com.api.tests.MasterAPITest" name="MasterAPITest" time="2.235"/>
</testsuite> <!-- com.api.tests.MasterAPITest -->
