<?xml version="1.0" encoding="UTF-8"?>
<!-- Generated by org.testng.reporters.JUnitReportReporter -->
<testsuite hostname="tulis-MacBook-Air.local" failures="0" tests="5" name="com.api.tests.datadriven.CreateJobAPIFakeDataDrivenTest" time="12.488" errors="0" timestamp="2025-12-18T13:28:28 GMT" skipped="0">
  <testcase classname="com.api.tests.datadriven.CreateJobAPIFakeDataDrivenTest" name="CreateJobAPITest" time="2.498"/>
  <testcase classname="com.api.tests.datadriven.CreateJobAPIFakeDataDrivenTest" name="CreateJobAPITest" time="2.498"/>
  <testcase classname="com.api.tests.datadriven.CreateJobAPIFakeDataDrivenTest" name="CreateJobAPITest" time="2.497"/>
  <testcase classname="com.api.tests.datadriven.CreateJobAPIFakeDataDrivenTest" name="CreateJobAPITest" time="2.497"/>
  <testcase classname="com.api.tests.datadriven.CreateJobAPIFakeDataDrivenTest" name="CreateJobAPITest" time="2.498"/>
</testsuite> <!-- com.api.tests.datadriven.CreateJobAPIFakeDataDrivenTest -->
