<?xml version="1.0" encoding="UTF-8"?>
<!-- Generated by org.testng.reporters.JUnitReportReporter -->
<testsuite hostname="tulis-MacBook-Air.local" failures="0" tests="4" name="com.api.tests.datadriven.LoginAPIDataDrivenTest" time="9.620" errors="0" timestamp="2025-12-26T23:09:10 GMT" skipped="0">
  <testcase classname="com.api.tests.datadriven.LoginAPIDataDrivenTest" name="loginAPITest" time="2.405"/>
  <testcase classname="com.api.tests.datadriven.LoginAPIDataDrivenTest" name="loginAPITest" time="2.405"/>
  <testcase classname="com.api.tests.datadriven.LoginAPIDataDrivenTest" name="loginAPITest" time="2.405"/>
  <testcase classname="com.api.tests.datadriven.LoginAPIDataDrivenTest" name="loginAPITest" time="2.405"/>
</testsuite> <!-- com.api.tests.datadriven.LoginAPIDataDrivenTest -->
