<?xml version="1.0" encoding="UTF-8"?>
<!-- Generated by org.testng.reporters.JUnitReportReporter -->
<testsuite hostname="tulis-MacBook-Air.local" failures="0" tests="3" name="com.api.tests.datadriven.LoginAPIExcelDataDrivenTest" time="5.787" errors="0" timestamp="2025-12-18T19:46:12 GMT" skipped="0">
  <testcase classname="com.api.tests.datadriven.LoginAPIExcelDataDrivenTest" name="loginAPITest" time="1.929"/>
  <testcase classname="com.api.tests.datadriven.LoginAPIExcelDataDrivenTest" name="loginAPITest" time="1.929"/>
  <testcase classname="com.api.tests.datadriven.LoginAPIExcelDataDrivenTest" name="loginAPITest" time="1.929"/>
</testsuite> <!-- com.api.tests.datadriven.LoginAPIExcelDataDrivenTest -->
