<?xml version="1.0" encoding="UTF-8"?>
<!-- Generated by org.testng.reporters.JUnitReportReporter -->
<testsuite hostname="tulis-MacBook-Air.local" failures="0" tests="2" name="com.api.tests.datadriven.CreateJobAPIDataDrivenTest" time="5.256" errors="0" timestamp="2025-12-15T20:04:31 GMT" skipped="0">
  <testcase classname="com.api.tests.datadriven.CreateJobAPIDataDrivenTest" name="CreateJobAPITest" time="2.628"/>
  <testcase classname="com.api.tests.datadriven.CreateJobAPIDataDrivenTest" name="CreateJobAPITest" time="2.628"/>
</testsuite> <!-- com.api.tests.datadriven.CreateJobAPIDataDrivenTest -->
