<?xml version="1.0" encoding="UTF-8"?>
<!-- Generated by org.testng.reporters.JUnitReportReporter -->
<testsuite hostname="tulis-MacBook-Air.local" failures="0" tests="2" name="com.api.tests.MasterAPITest" time="3.654" errors="0" timestamp="2025-12-29T15:57:23 GMT" skipped="0">
  <testcase classname="com.api.tests.MasterAPITest" name="invalidTokenMasterAPITest" time="1.254"/>
  <testcase classname="com.api.tests.MasterAPITest" name="MasterAPITest" time="2.400"/>
</testsuite> <!-- com.api.tests.MasterAPITest -->
