<?xml version="1.0" encoding="UTF-8"?>
<!-- Generated by org.testng.reporters.JUnitReportReporter -->
<testsuite hostname="tulis-MacBook-Air.local" failures="0" tests="2" name="com.api.tests.CountAPITest" time="3.393" errors="0" timestamp="2025-12-29T14:40:31 GMT" skipped="0">
  <testcase classname="com.api.tests.CountAPITest" name="verifyCountAPIResponse" time="1.382"/>
  <testcase classname="com.api.tests.CountAPITest" name="countAPITest_MissingAuthToken" time="2.011"/>
</testsuite> <!-- com.api.tests.CountAPITest -->
