<?xml version="1.0" encoding="UTF-8"?>
<!-- Generated by org.testng.reporters.JUnitReportReporter -->
<testsuite hostname="tulis-MacBook-Air.local" failures="0" tests="2" name="com.api.tests.datadriven.LoginAPIJSONDataDrivenTest" time="5.326" errors="0" timestamp="2025-12-18T13:24:58 GMT" skipped="0">
  <testcase classname="com.api.tests.datadriven.LoginAPIJSONDataDrivenTest" name="loginAPITest" time="2.663"/>
  <testcase classname="com.api.tests.datadriven.LoginAPIJSONDataDrivenTest" name="loginAPITest" time="2.663"/>
</testsuite> <!-- com.api.tests.datadriven.LoginAPIJSONDataDrivenTest -->
