<?xml version="1.0" encoding="UTF-8"?>
<!-- Generated by org.testng.reporters.JUnitReportReporter -->
<testsuite hostname="tulis-MacBook-Air.local" failures="0" tests="5" name="com.api.tests.datadriven.CreateJobAPIFakeDataDrivenTest" time="12.210" errors="0" timestamp="2025-12-19T09:30:47 GMT" skipped="0">
  <testcase classname="com.api.tests.datadriven.CreateJobAPIFakeDataDrivenTest" name="CreateJobAPITest" time="2.446"/>
  <testcase classname="com.api.tests.datadriven.CreateJobAPIFakeDataDrivenTest" name="CreateJobAPITest" time="2.443"/>
  <testcase classname="com.api.tests.datadriven.CreateJobAPIFakeDataDrivenTest" name="CreateJobAPITest" time="2.437"/>
  <testcase classname="com.api.tests.datadriven.CreateJobAPIFakeDataDrivenTest" name="CreateJobAPITest" time="2.442"/>
  <testcase classname="com.api.tests.datadriven.CreateJobAPIFakeDataDrivenTest" name="CreateJobAPITest" time="2.442"/>
</testsuite> <!-- com.api.tests.datadriven.CreateJobAPIFakeDataDrivenTest -->
