<?xml version="1.0" encoding="UTF-8"?>
<!-- Generated by org.testng.reporters.JUnitReportReporter -->
<testsuite hostname="tulis-MacBook-Air.local" failures="0" tests="4" name="com.api.tests.datadriven.LoginAPIDataDrivenTest" time="7.762" errors="0" timestamp="2025-12-18T13:26:09 GMT" skipped="0">
  <testcase classname="com.api.tests.datadriven.LoginAPIDataDrivenTest" name="loginAPITest" time="1.941"/>
  <testcase classname="com.api.tests.datadriven.LoginAPIDataDrivenTest" name="loginAPITest" time="1.940"/>
  <testcase classname="com.api.tests.datadriven.LoginAPIDataDrivenTest" name="loginAPITest" time="1.940"/>
  <testcase classname="com.api.tests.datadriven.LoginAPIDataDrivenTest" name="loginAPITest" time="1.941"/>
</testsuite> <!-- com.api.tests.datadriven.LoginAPIDataDrivenTest -->
