<?xml version="1.0" encoding="UTF-8"?>
<!-- Generated by org.testng.reporters.JUnitReportReporter -->
<testsuite hostname="tulis-MacBook-Air.local" failures="0" tests="3" name="com.api.tests.datadriven.LoginAPIJSONDataDrivenTest" time="6.618" errors="0" timestamp="2025-12-17T21:14:24 GMT" skipped="0">
  <testcase classname="com.api.tests.datadriven.LoginAPIJSONDataDrivenTest" name="loginAPITest" time="2.206"/>
  <testcase classname="com.api.tests.datadriven.LoginAPIJSONDataDrivenTest" name="loginAPITest" time="2.206"/>
  <testcase classname="com.api.tests.datadriven.LoginAPIJSONDataDrivenTest" name="loginAPITest" time="2.206"/>
</testsuite> <!-- com.api.tests.datadriven.LoginAPIJSONDataDrivenTest -->
