<?xml version="1.0" encoding="UTF-8"?>
<!-- Generated by org.testng.reporters.JUnitReportReporter -->
<testsuite hostname="tulis-MacBook-Air.local" failures="0" tests="2" name="com.api.tests.datadriven.CreateJobAPIExcelDataDrivenTest" time="4.560" errors="0" timestamp="2025-12-18T20:12:47 GMT" skipped="0">
  <testcase classname="com.api.tests.datadriven.CreateJobAPIExcelDataDrivenTest" name="CreateJobAPITest" time="2.280"/>
  <testcase classname="com.api.tests.datadriven.CreateJobAPIExcelDataDrivenTest" name="CreateJobAPITest" time="2.280"/>
</testsuite> <!-- com.api.tests.datadriven.CreateJobAPIExcelDataDrivenTest -->
