<?xml version="1.0" encoding="UTF-8"?>
<!-- Generated by org.testng.reporters.JUnitReportReporter -->
<testsuite hostname="tulis-MacBook-Air.local" failures="0" tests="2" name="com.api.tests.datadriven.CreateJobAPIExcelDataDrivenTest" time="5.548" errors="0" timestamp="2025-12-27T23:55:24 GMT" skipped="0">
  <testcase classname="com.api.tests.datadriven.CreateJobAPIExcelDataDrivenTest" name="CreateJobAPITest" time="2.774"/>
  <testcase classname="com.api.tests.datadriven.CreateJobAPIExcelDataDrivenTest" name="CreateJobAPITest" time="2.774"/>
</testsuite> <!-- com.api.tests.datadriven.CreateJobAPIExcelDataDrivenTest -->
